-- The C compiler identification is GNU 11.4.0
-- The CXX compiler identification is GNU 11.4.0
-- Detecting C compiler ABI info
-- Detecting C compiler ABI info - done
-- Check for working C compiler: /usr/bin/cc - skipped
-- Detecting C compile features
-- Detecting C compile features - done
-- Detecting CXX compiler ABI info
-- Detecting CXX compiler ABI info - done
-- Check for working CXX compiler: /usr/bin/c++ - skipped
-- Detecting CXX compile features
-- Detecting CXX compile features - done
-- Found ament_cmake: 1.3.13 (/opt/ros/humble/share/ament_cmake/cmake)
-- Found Python3: /usr/bin/python3 (found version "3.10.12") found components: Interpreter 
-- Override CMake install command with custom implementation using symlinks instead of copying resources
-- Found humanoid_interface: 0.0.1 (/home/tom/humanoid_ws/src/humanoid-control/install/humanoid_interface/share/humanoid_interface/cmake)
-- Found OpenMP_C: -fopenmp (found version "4.5") 
-- Found OpenMP_CXX: -fopenmp (found version "4.5") 
-- Found OpenMP: TRUE (found version "4.5")  
-- hpp-fcl FOUND. hpp-fcl at /home/tom/ocs2_ws/install/hpp-fcl/lib/libhpp-fcl.so
-- Default C++ standard: 201703
-- Minimal C++ standard upgraded to 11
-- C++ standard sufficient: Minimal required 11, currently defined: 17
-- pinocchio FOUND. pinocchio at /home/tom/ocs2_ws/install/pinocchio/lib/libpinocchio.so
-- boost_filesystem FOUND. boost_filesystem at /usr/lib/x86_64-linux-gnu/libboost_filesystem.so
-- boost_serialization FOUND. boost_serialization at /usr/lib/x86_64-linux-gnu/libboost_serialization.so
-- boost_system FOUND. boost_system at /usr/lib/x86_64-linux-gnu/libboost_system.so
-- C++ standard sufficient: Minimal required 11, currently defined: 17
-- Found qpoases_colcon: 0.0.0 (/home/tom/humanoid_ws/src/humanoid-control/install/qpoases_colcon/share/qpoases_colcon/cmake)
-- Found Threads: TRUE  
-- Found Boost: /usr/include (found version "1.74.0") found components: system filesystem log log_setup date_time thread regex chrono atomic 
-- Found PkgConfig: /usr/bin/pkg-config (found version "0.29.2") 
-- Checking for module 'pinocchio'
--   Found pinocchio, version 2.6.21
-- Found gtest sources under '/opt/ros/humble/src/gtest_vendor': C++ tests using 'Google Test' will be built
-- Configuring done
-- Generating done
-- Build files have been written to: /home/tom/humanoid_ws/src/humanoid-control/build/humanoid_wbc
[  9%] [32mBuilding CXX object gtest/CMakeFiles/gtest_main.dir/src/gtest_main.cc.o[0m
[ 18%] [32mBuilding CXX object gtest/CMakeFiles/gtest.dir/src/gtest-all.cc.o[0m
[ 27%] [32mBuilding CXX object CMakeFiles/humanoid_wbc.dir/src/HierarchicalWbc.cpp.o[0m
[ 36%] [32mBuilding CXX object CMakeFiles/humanoid_wbc.dir/src/WeightedWbc.cpp.o[0m
[ 45%] [32mBuilding CXX object CMakeFiles/humanoid_wbc.dir/src/HoQp.cpp.o[0m
[ 54%] [32mBuilding CXX object CMakeFiles/humanoid_wbc.dir/src/WbcBase.cpp.o[0m
[ 63%] [32m[1mLinking CXX static library libgtest_main.a[0m
[ 63%] Built target gtest_main
[ 72%] [32m[1mLinking CXX static library libgtest.a[0m
[ 72%] Built target gtest
[ 81%] [32m[1mLinking CXX static library libhumanoid_wbc.a[0m
[ 81%] Built target humanoid_wbc
[ 90%] [32mBuilding CXX object CMakeFiles/humanoid_wbc_test.dir/test/HoQp_test.cpp.o[0m
[100%] [32m[1mLinking CXX executable humanoid_wbc_test[0m
[100%] Built target humanoid_wbc_test
-- Install configuration: ""
-- Execute custom install script
-- Symlinking: /home/tom/humanoid_ws/src/humanoid-control/install/humanoid_wbc/share/humanoid_wbc/environment/library_path.sh
-- Symlinking: /home/tom/humanoid_ws/src/humanoid-control/install/humanoid_wbc/share/humanoid_wbc/environment/library_path.dsv
-- Symlinking: /home/tom/humanoid_ws/src/humanoid-control/install/humanoid_wbc/share/ament_index/resource_index/package_run_dependencies/humanoid_wbc
-- Symlinking: /home/tom/humanoid_ws/src/humanoid-control/install/humanoid_wbc/share/ament_index/resource_index/parent_prefix_path/humanoid_wbc
-- Symlinking: /home/tom/humanoid_ws/src/humanoid-control/install/humanoid_wbc/share/humanoid_wbc/environment/ament_prefix_path.sh
-- Symlinking: /home/tom/humanoid_ws/src/humanoid-control/install/humanoid_wbc/share/humanoid_wbc/environment/ament_prefix_path.dsv
-- Symlinking: /home/tom/humanoid_ws/src/humanoid-control/install/humanoid_wbc/share/humanoid_wbc/environment/path.sh
-- Symlinking: /home/tom/humanoid_ws/src/humanoid-control/install/humanoid_wbc/share/humanoid_wbc/environment/path.dsv
-- Symlinking: /home/tom/humanoid_ws/src/humanoid-control/install/humanoid_wbc/share/humanoid_wbc/local_setup.bash
-- Symlinking: /home/tom/humanoid_ws/src/humanoid-control/install/humanoid_wbc/share/humanoid_wbc/local_setup.sh
-- Symlinking: /home/tom/humanoid_ws/src/humanoid-control/install/humanoid_wbc/share/humanoid_wbc/local_setup.zsh
-- Symlinking: /home/tom/humanoid_ws/src/humanoid-control/install/humanoid_wbc/share/humanoid_wbc/local_setup.dsv
-- Symlinking: /home/tom/humanoid_ws/src/humanoid-control/install/humanoid_wbc/share/humanoid_wbc/package.dsv
-- Symlinking: /home/tom/humanoid_ws/src/humanoid-control/install/humanoid_wbc/share/ament_index/resource_index/packages/humanoid_wbc
-- Symlinking: /home/tom/humanoid_ws/src/humanoid-control/install/humanoid_wbc/share/humanoid_wbc/cmake/ament_cmake_export_targets-extras.cmake
-- Symlinking: /home/tom/humanoid_ws/src/humanoid-control/install/humanoid_wbc/share/humanoid_wbc/cmake/ament_cmake_export_dependencies-extras.cmake
-- Symlinking: /home/tom/humanoid_ws/src/humanoid-control/install/humanoid_wbc/share/humanoid_wbc/cmake/ament_cmake_export_include_directories-extras.cmake
-- Symlinking: /home/tom/humanoid_ws/src/humanoid-control/install/humanoid_wbc/share/humanoid_wbc/cmake/humanoid_wbcConfig.cmake
-- Symlinking: /home/tom/humanoid_ws/src/humanoid-control/install/humanoid_wbc/share/humanoid_wbc/cmake/humanoid_wbcConfig-version.cmake
-- Symlinking: /home/tom/humanoid_ws/src/humanoid-control/install/humanoid_wbc/share/humanoid_wbc/package.xml
-- Installing: /home/tom/humanoid_ws/src/humanoid-control/install/humanoid_wbc/lib/libhumanoid_wbc.a
-- Installing: /home/tom/humanoid_ws/src/humanoid-control/install/humanoid_wbc/include/humanoid_wbc
-- Installing: /home/tom/humanoid_ws/src/humanoid-control/install/humanoid_wbc/include/humanoid_wbc/HierarchicalWbc.h
-- Installing: /home/tom/humanoid_ws/src/humanoid-control/install/humanoid_wbc/include/humanoid_wbc/HoQp.h
-- Installing: /home/tom/humanoid_ws/src/humanoid-control/install/humanoid_wbc/include/humanoid_wbc/WeightedWbc.h
-- Installing: /home/tom/humanoid_ws/src/humanoid-control/install/humanoid_wbc/include/humanoid_wbc/WbcBase.h
-- Installing: /home/tom/humanoid_ws/src/humanoid-control/install/humanoid_wbc/include/humanoid_wbc/Task.h
-- Installing: /home/tom/humanoid_ws/src/humanoid-control/install/humanoid_wbc/share/humanoid_wbc/cmake/export_humanoid_wbcExport.cmake
-- Installing: /home/tom/humanoid_ws/src/humanoid-control/install/humanoid_wbc/share/humanoid_wbc/cmake/export_humanoid_wbcExport-noconfig.cmake
