[0.017s] Invoking command in '/home/tom/humanoid_ws/src/humanoid-control/build/humanoid_interface': CMAKE_PREFIX_PATH=/home/tom/ocs2_ws/install/ocs2_ros2:/home/tom/ocs2_ws/install/ocs2_robotic_examples:/home/tom/ocs2_ws/install/ocs2_anymal:/home/tom/ocs2_ws/install/ocs2_anymal_loopshaping_mpc:/home/tom/ocs2_ws/install/ocs2_quadruped_loopshaping_interface:/home/tom/ocs2_ws/install/ocs2_anymal_mpc:/home/tom/ocs2_ws/install/ocs2_quadruped_interface:/home/tom/ocs2_ws/install/segmented_planes_terrain_model:/home/tom/ocs2_ws/install/ocs2_sphere_approximation:/home/tom/ocs2_ws/install/ocs2_pinocchio:/home/tom/ocs2_ws/install/ocs2_mobile_manipulator_ros:/home/tom/ocs2_ws/install/ocs2_self_collision_visualization:/home/tom/ocs2_ws/install/ocs2_mobile_manipulator:/home/tom/ocs2_ws/install/ocs2_self_collision:/home/tom/ocs2_ws/install/ocs2_legged_robot_ros:/home/tom/ocs2_ws/install/ocs2_legged_robot:/home/tom/ocs2_ws/install/ocs2_centroidal_model:/home/tom/ocs2_ws/install/ocs2_anymal_models:/home/tom/ocs2_ws/install/ocs2_pinocchio_interface:/home/tom/ocs2_ws/install/pinocchio:/home/tom/ocs2_ws/install/ocs2_anymal_commands:/home/tom/ocs2_ws/install/ocs2_switched_model_interface:/home/tom/ocs2_ws/install/ocs2_ballbot_ros:/home/tom/ocs2_ws/install/ocs2_ballbot:/home/tom/ocs2_ws/install/ocs2_sqp:/home/tom/ocs2_ws/install/ocs2_slp:/home/tom/ocs2_ws/install/ocs2_quadrotor_ros:/home/tom/ocs2_ws/install/ocs2_double_integrator_ros:/home/tom/ocs2_ws/install/ocs2_cartpole_ros:/home/tom/ocs2_ws/install/ocs2_ros_interfaces:/home/tom/ocs2_ws/install/ocs2_quadrotor:/home/tom/ocs2_ws/install/ocs2_double_integrator:/home/tom/ocs2_ws/install/ocs2_python_interface:/home/tom/ocs2_ws/install/ocs2_perceptive:/home/tom/ocs2_ws/install/ocs2_cartpole:/home/tom/ocs2_ws/install/ocs2_robotic_tools:/home/tom/ocs2_ws/install/ocs2_ocs2:/home/tom/ocs2_ws/install/ocs2_ipm:/home/tom/ocs2_ws/install/ocs2_ddp:/home/tom/ocs2_ws/install/hpipm_catkin:/home/tom/ocs2_ws/install/ocs2_qp_solver:/home/tom/ocs2_ws/install/ocs2_mpc:/home/tom/ocs2_ws/install/ocs2_oc:/home/tom/ocs2_ws/install/ocs2_frank_wolfe:/home/tom/ocs2_ws/install/ocs2_core:/home/tom/ocs2_ws/install/ocs2_thirdparty:/home/tom/ocs2_ws/install/ocs2_switched_model_msgs:/home/tom/ocs2_ws/install/ocs2_robotic_assets:/home/tom/ocs2_ws/install/ocs2_msgs:/home/tom/ocs2_ws/install/hpp-fcl:/home/tom/ocs2_ws/install/convex_plane_decomposition_ros:/home/tom/ocs2_ws/install/convex_plane_decomposition:/opt/ros/humble:/home/tom/ocs2_ws/install/grid_map_filters_rsl:/home/tom/ocs2_ws/install/convex_plane_decomposition_msgs:/home/tom/ocs2_ws/install/cgal5_catkin:/home/tom/ocs2_ws/install/blasfeo_catkin /usr/bin/cmake /home/tom/humanoid_ws/src/humanoid-control/humanoid_interface -DAMENT_CMAKE_SYMLINK_INSTALL=1 -DCMAKE_INSTALL_PREFIX=/home/tom/humanoid_ws/src/humanoid-control/install/humanoid_interface
[0.105s] -- The C compiler identification is GNU 11.4.0
[0.367s] -- The CXX compiler identification is GNU 11.4.0
[0.407s] -- Detecting C compiler ABI info
[0.812s] -- Detecting C compiler ABI info - done
[0.845s] -- Check for working C compiler: /usr/bin/cc - skipped
[0.846s] -- Detecting C compile features
[0.848s] -- Detecting C compile features - done
[0.862s] -- Detecting CXX compiler ABI info
[1.306s] -- Detecting CXX compiler ABI info - done
[1.351s] -- Check for working CXX compiler: /usr/bin/c++ - skipped
[1.352s] -- Detecting CXX compile features
[1.354s] -- Detecting CXX compile features - done
[1.391s] -- Found ament_cmake: 1.3.13 (/opt/ros/humble/share/ament_cmake/cmake)
[2.139s] -- Found Python3: /usr/bin/python3 (found version "3.10.12") found components: Interpreter 
[2.256s] -- Override CMake install command with custom implementation using symlinks instead of copying resources
[2.590s] -- Found ocs2_core: 0.0.0 (/home/tom/ocs2_ws/install/ocs2_core/share/ocs2_core/cmake)
[3.840s] -- Found OpenMP_C: -fopenmp (found version "4.5") 
[4.337s] -- Found OpenMP_CXX: -fopenmp (found version "4.5") 
[4.339s] -- Found OpenMP: TRUE (found version "4.5")  
[5.053s] -- Found ocs2_oc: 0.0.0 (/home/tom/ocs2_ws/install/ocs2_oc/share/ocs2_oc/cmake)
[5.061s] -- Found ocs2_ddp: 0.0.0 (/home/tom/ocs2_ws/install/ocs2_ddp/share/ocs2_ddp/cmake)
[5.083s] -- Found ocs2_sqp: 0.0.0 (/home/tom/ocs2_ws/install/ocs2_sqp/share/ocs2_sqp/cmake)
[5.121s] -- Found ocs2_ipm: 0.0.0 (/home/tom/ocs2_ws/install/ocs2_ipm/share/ocs2_ipm/cmake)
[5.129s] -- Found ocs2_robotic_tools: 0.0.0 (/home/tom/ocs2_ws/install/ocs2_robotic_tools/share/ocs2_robotic_tools/cmake)
[5.133s] -- Found ocs2_pinocchio_interface: 0.0.0 (/home/tom/ocs2_ws/install/ocs2_pinocchio_interface/share/ocs2_pinocchio_interface/cmake)
[5.143s] -- hpp-fcl FOUND. hpp-fcl at /home/tom/ocs2_ws/install/hpp-fcl/lib/libhpp-fcl.so
[5.544s] -- Default C++ standard: 201703
[5.544s] -- Minimal C++ standard upgraded to 11
[5.544s] -- C++ standard sufficient: Minimal required 11, currently defined: 17
[5.557s] -- pinocchio FOUND. pinocchio at /home/tom/ocs2_ws/install/pinocchio/lib/libpinocchio.so
[5.564s] -- boost_filesystem FOUND. boost_filesystem at /usr/lib/x86_64-linux-gnu/libboost_filesystem.so
[5.570s] -- boost_serialization FOUND. boost_serialization at /usr/lib/x86_64-linux-gnu/libboost_serialization.so
[5.576s] -- boost_system FOUND. boost_system at /usr/lib/x86_64-linux-gnu/libboost_system.so
[5.780s] -- C++ standard sufficient: Minimal required 11, currently defined: 17
[6.106s] -- Found ocs2_centroidal_model: 0.0.0 (/home/tom/ocs2_ws/install/ocs2_centroidal_model/share/ocs2_centroidal_model/cmake)
[6.118s] -- Found ocs2_self_collision: 0.0.0 (/home/tom/ocs2_ws/install/ocs2_self_collision/share/ocs2_self_collision/cmake)
[6.142s] -- Found Threads: TRUE  
[6.162s] -- Found Boost: /usr/include (found version "1.74.0") found components: system filesystem log log_setup date_time thread regex chrono atomic 
[6.170s] -- Found PkgConfig: /usr/bin/pkg-config (found version "0.29.2") 
[6.170s] -- Checking for module 'pinocchio'
[6.193s] --   Found pinocchio, version 2.6.21
[6.487s] -- Found gtest sources under '/opt/ros/humble/src/gtest_vendor': C++ tests using 'Google Test' will be built
[6.800s] -- Configuring done
[6.922s] -- Generating done
[6.945s] -- Build files have been written to: /home/tom/humanoid_ws/src/humanoid-control/build/humanoid_interface
[6.979s] Invoked command in '/home/tom/humanoid_ws/src/humanoid-control/build/humanoid_interface' returned '0': CMAKE_PREFIX_PATH=/home/tom/ocs2_ws/install/ocs2_ros2:/home/tom/ocs2_ws/install/ocs2_robotic_examples:/home/tom/ocs2_ws/install/ocs2_anymal:/home/tom/ocs2_ws/install/ocs2_anymal_loopshaping_mpc:/home/tom/ocs2_ws/install/ocs2_quadruped_loopshaping_interface:/home/tom/ocs2_ws/install/ocs2_anymal_mpc:/home/tom/ocs2_ws/install/ocs2_quadruped_interface:/home/tom/ocs2_ws/install/segmented_planes_terrain_model:/home/tom/ocs2_ws/install/ocs2_sphere_approximation:/home/tom/ocs2_ws/install/ocs2_pinocchio:/home/tom/ocs2_ws/install/ocs2_mobile_manipulator_ros:/home/tom/ocs2_ws/install/ocs2_self_collision_visualization:/home/tom/ocs2_ws/install/ocs2_mobile_manipulator:/home/tom/ocs2_ws/install/ocs2_self_collision:/home/tom/ocs2_ws/install/ocs2_legged_robot_ros:/home/tom/ocs2_ws/install/ocs2_legged_robot:/home/tom/ocs2_ws/install/ocs2_centroidal_model:/home/tom/ocs2_ws/install/ocs2_anymal_models:/home/tom/ocs2_ws/install/ocs2_pinocchio_interface:/home/tom/ocs2_ws/install/pinocchio:/home/tom/ocs2_ws/install/ocs2_anymal_commands:/home/tom/ocs2_ws/install/ocs2_switched_model_interface:/home/tom/ocs2_ws/install/ocs2_ballbot_ros:/home/tom/ocs2_ws/install/ocs2_ballbot:/home/tom/ocs2_ws/install/ocs2_sqp:/home/tom/ocs2_ws/install/ocs2_slp:/home/tom/ocs2_ws/install/ocs2_quadrotor_ros:/home/tom/ocs2_ws/install/ocs2_double_integrator_ros:/home/tom/ocs2_ws/install/ocs2_cartpole_ros:/home/tom/ocs2_ws/install/ocs2_ros_interfaces:/home/tom/ocs2_ws/install/ocs2_quadrotor:/home/tom/ocs2_ws/install/ocs2_double_integrator:/home/tom/ocs2_ws/install/ocs2_python_interface:/home/tom/ocs2_ws/install/ocs2_perceptive:/home/tom/ocs2_ws/install/ocs2_cartpole:/home/tom/ocs2_ws/install/ocs2_robotic_tools:/home/tom/ocs2_ws/install/ocs2_ocs2:/home/tom/ocs2_ws/install/ocs2_ipm:/home/tom/ocs2_ws/install/ocs2_ddp:/home/tom/ocs2_ws/install/hpipm_catkin:/home/tom/ocs2_ws/install/ocs2_qp_solver:/home/tom/ocs2_ws/install/ocs2_mpc:/home/tom/ocs2_ws/install/ocs2_oc:/home/tom/ocs2_ws/install/ocs2_frank_wolfe:/home/tom/ocs2_ws/install/ocs2_core:/home/tom/ocs2_ws/install/ocs2_thirdparty:/home/tom/ocs2_ws/install/ocs2_switched_model_msgs:/home/tom/ocs2_ws/install/ocs2_robotic_assets:/home/tom/ocs2_ws/install/ocs2_msgs:/home/tom/ocs2_ws/install/hpp-fcl:/home/tom/ocs2_ws/install/convex_plane_decomposition_ros:/home/tom/ocs2_ws/install/convex_plane_decomposition:/opt/ros/humble:/home/tom/ocs2_ws/install/grid_map_filters_rsl:/home/tom/ocs2_ws/install/convex_plane_decomposition_msgs:/home/tom/ocs2_ws/install/cgal5_catkin:/home/tom/ocs2_ws/install/blasfeo_catkin /usr/bin/cmake /home/tom/humanoid_ws/src/humanoid-control/humanoid_interface -DAMENT_CMAKE_SYMLINK_INSTALL=1 -DCMAKE_INSTALL_PREFIX=/home/tom/humanoid_ws/src/humanoid-control/install/humanoid_interface
[6.990s] Invoking command in '/home/tom/humanoid_ws/src/humanoid-control/build/humanoid_interface': CMAKE_PREFIX_PATH=/home/tom/ocs2_ws/install/ocs2_ros2:/home/tom/ocs2_ws/install/ocs2_robotic_examples:/home/tom/ocs2_ws/install/ocs2_anymal:/home/tom/ocs2_ws/install/ocs2_anymal_loopshaping_mpc:/home/tom/ocs2_ws/install/ocs2_quadruped_loopshaping_interface:/home/tom/ocs2_ws/install/ocs2_anymal_mpc:/home/tom/ocs2_ws/install/ocs2_quadruped_interface:/home/tom/ocs2_ws/install/segmented_planes_terrain_model:/home/tom/ocs2_ws/install/ocs2_sphere_approximation:/home/tom/ocs2_ws/install/ocs2_pinocchio:/home/tom/ocs2_ws/install/ocs2_mobile_manipulator_ros:/home/tom/ocs2_ws/install/ocs2_self_collision_visualization:/home/tom/ocs2_ws/install/ocs2_mobile_manipulator:/home/tom/ocs2_ws/install/ocs2_self_collision:/home/tom/ocs2_ws/install/ocs2_legged_robot_ros:/home/tom/ocs2_ws/install/ocs2_legged_robot:/home/tom/ocs2_ws/install/ocs2_centroidal_model:/home/tom/ocs2_ws/install/ocs2_anymal_models:/home/tom/ocs2_ws/install/ocs2_pinocchio_interface:/home/tom/ocs2_ws/install/pinocchio:/home/tom/ocs2_ws/install/ocs2_anymal_commands:/home/tom/ocs2_ws/install/ocs2_switched_model_interface:/home/tom/ocs2_ws/install/ocs2_ballbot_ros:/home/tom/ocs2_ws/install/ocs2_ballbot:/home/tom/ocs2_ws/install/ocs2_sqp:/home/tom/ocs2_ws/install/ocs2_slp:/home/tom/ocs2_ws/install/ocs2_quadrotor_ros:/home/tom/ocs2_ws/install/ocs2_double_integrator_ros:/home/tom/ocs2_ws/install/ocs2_cartpole_ros:/home/tom/ocs2_ws/install/ocs2_ros_interfaces:/home/tom/ocs2_ws/install/ocs2_quadrotor:/home/tom/ocs2_ws/install/ocs2_double_integrator:/home/tom/ocs2_ws/install/ocs2_python_interface:/home/tom/ocs2_ws/install/ocs2_perceptive:/home/tom/ocs2_ws/install/ocs2_cartpole:/home/tom/ocs2_ws/install/ocs2_robotic_tools:/home/tom/ocs2_ws/install/ocs2_ocs2:/home/tom/ocs2_ws/install/ocs2_ipm:/home/tom/ocs2_ws/install/ocs2_ddp:/home/tom/ocs2_ws/install/hpipm_catkin:/home/tom/ocs2_ws/install/ocs2_qp_solver:/home/tom/ocs2_ws/install/ocs2_mpc:/home/tom/ocs2_ws/install/ocs2_oc:/home/tom/ocs2_ws/install/ocs2_frank_wolfe:/home/tom/ocs2_ws/install/ocs2_core:/home/tom/ocs2_ws/install/ocs2_thirdparty:/home/tom/ocs2_ws/install/ocs2_switched_model_msgs:/home/tom/ocs2_ws/install/ocs2_robotic_assets:/home/tom/ocs2_ws/install/ocs2_msgs:/home/tom/ocs2_ws/install/hpp-fcl:/home/tom/ocs2_ws/install/convex_plane_decomposition_ros:/home/tom/ocs2_ws/install/convex_plane_decomposition:/opt/ros/humble:/home/tom/ocs2_ws/install/grid_map_filters_rsl:/home/tom/ocs2_ws/install/convex_plane_decomposition_msgs:/home/tom/ocs2_ws/install/cgal5_catkin:/home/tom/ocs2_ws/install/blasfeo_catkin /usr/bin/cmake --build /home/tom/humanoid_ws/src/humanoid-control/build/humanoid_interface -- -j12 -l12
[7.259s] [  3%] [32mBuilding CXX object gtest/CMakeFiles/gtest_main.dir/src/gtest_main.cc.o[0m
[7.272s] [  6%] [32mBuilding CXX object CMakeFiles/humanoid_interface.dir/src/constraint/EndEffectorLinearConstraint.cpp.o[0m
[7.275s] [ 10%] [32mBuilding CXX object gtest/CMakeFiles/gtest.dir/src/gtest-all.cc.o[0m
[7.279s] [ 13%] [32mBuilding CXX object CMakeFiles/humanoid_interface.dir/src/constraint/FootRollContraint.cpp.o[0m
[7.291s] [ 20%] [32mBuilding CXX object CMakeFiles/humanoid_interface.dir/src/initialization/HumanoidInitializer.cpp.o[0m
[7.294s] [ 24%] [32mBuilding CXX object CMakeFiles/humanoid_interface.dir/src/common/ModelSettings.cpp.o[0m
[7.294s] [ 20%] [32mBuilding CXX object CMakeFiles/humanoid_interface.dir/src/constraint/NormalVelocityConstraintCppAd.cpp.o[0m
[7.295s] [ 27%] [32mBuilding CXX object CMakeFiles/humanoid_interface.dir/src/constraint/ZeroVelocityConstraintCppAd.cpp.o[0m
[7.303s] [ 31%] [32mBuilding CXX object CMakeFiles/humanoid_interface.dir/src/reference_manager/SwitchedModelReferenceManager.cpp.o[0m
[7.304s] [ 34%] [32mBuilding CXX object CMakeFiles/humanoid_interface.dir/src/constraint/ZeroForceConstraint.cpp.o[0m
[7.317s] [ 37%] [32mBuilding CXX object CMakeFiles/humanoid_interface.dir/src/constraint/FrictionConeConstraint.cpp.o[0m
[7.321s] [ 41%] [32mBuilding CXX object CMakeFiles/humanoid_interface.dir/src/dynamics/HumanoidDynamicsAD.cpp.o[0m
[8.984s] [ 44%] [32m[1mLinking CXX static library libgtest_main.a[0m
[9.072s] [ 44%] Built target gtest_main
[9.108s] [ 48%] [32mBuilding CXX object CMakeFiles/humanoid_interface.dir/src/foot_planner/CubicSpline.cpp.o[0m
[11.451s] [ 51%] [32mBuilding CXX object CMakeFiles/humanoid_interface.dir/src/foot_planner/SplineCpg.cpp.o[0m
[11.905s] [ 55%] [32mBuilding CXX object CMakeFiles/humanoid_interface.dir/src/foot_planner/SwingTrajectoryPlanner.cpp.o[0m
[12.140s] [ 58%] [32mBuilding CXX object CMakeFiles/humanoid_interface.dir/src/gait/Gait.cpp.o[0m
[12.412s] [ 62%] [32mBuilding CXX object CMakeFiles/humanoid_interface.dir/src/gait/GaitSchedule.cpp.o[0m
[12.420s] [ 65%] [32mBuilding CXX object CMakeFiles/humanoid_interface.dir/src/gait/LegLogic.cpp.o[0m
[13.181s] [ 68%] [32m[1mLinking CXX static library libgtest.a[0m
[13.303s] [ 68%] Built target gtest
[13.326s] [ 72%] [32mBuilding CXX object CMakeFiles/humanoid_interface.dir/src/gait/ModeSequenceTemplate.cpp.o[0m
[13.874s] [ 75%] [32mBuilding CXX object CMakeFiles/humanoid_interface.dir/src/HumanoidInterface.cpp.o[0m
[14.400s] [ 79%] [32mBuilding CXX object CMakeFiles/humanoid_interface.dir/src/HumanoidPreComputation.cpp.o[0m
[37.888s] [ 82%] [32m[1mLinking CXX static library libhumanoid_interface.a[0m
[38.472s] [ 82%] Built target humanoid_interface
[38.519s] [ 86%] [32mBuilding CXX object CMakeFiles/humanoid_interface_test.dir/test/AnymalFactoryFunctions.cpp.o[0m
[38.520s] [ 89%] [32mBuilding CXX object CMakeFiles/humanoid_interface_test.dir/test/constraint/testFrictionConeConstraint.cpp.o[0m
[38.520s] [ 93%] [32mBuilding CXX object CMakeFiles/humanoid_interface_test.dir/test/constraint/testZeroForceConstraint.cpp.o[0m
[38.525s] [ 96%] [32mBuilding CXX object CMakeFiles/humanoid_interface_test.dir/test/constraint/testEndEffectorLinearConstraint.cpp.o[0m
[64.925s] [100%] [32m[1mLinking CXX executable humanoid_interface_test[0m
[70.351s] [100%] Built target humanoid_interface_test
[70.367s] Invoked command in '/home/tom/humanoid_ws/src/humanoid-control/build/humanoid_interface' returned '0': CMAKE_PREFIX_PATH=/home/tom/ocs2_ws/install/ocs2_ros2:/home/tom/ocs2_ws/install/ocs2_robotic_examples:/home/tom/ocs2_ws/install/ocs2_anymal:/home/tom/ocs2_ws/install/ocs2_anymal_loopshaping_mpc:/home/tom/ocs2_ws/install/ocs2_quadruped_loopshaping_interface:/home/tom/ocs2_ws/install/ocs2_anymal_mpc:/home/tom/ocs2_ws/install/ocs2_quadruped_interface:/home/tom/ocs2_ws/install/segmented_planes_terrain_model:/home/tom/ocs2_ws/install/ocs2_sphere_approximation:/home/tom/ocs2_ws/install/ocs2_pinocchio:/home/tom/ocs2_ws/install/ocs2_mobile_manipulator_ros:/home/tom/ocs2_ws/install/ocs2_self_collision_visualization:/home/tom/ocs2_ws/install/ocs2_mobile_manipulator:/home/tom/ocs2_ws/install/ocs2_self_collision:/home/tom/ocs2_ws/install/ocs2_legged_robot_ros:/home/tom/ocs2_ws/install/ocs2_legged_robot:/home/tom/ocs2_ws/install/ocs2_centroidal_model:/home/tom/ocs2_ws/install/ocs2_anymal_models:/home/tom/ocs2_ws/install/ocs2_pinocchio_interface:/home/tom/ocs2_ws/install/pinocchio:/home/tom/ocs2_ws/install/ocs2_anymal_commands:/home/tom/ocs2_ws/install/ocs2_switched_model_interface:/home/tom/ocs2_ws/install/ocs2_ballbot_ros:/home/tom/ocs2_ws/install/ocs2_ballbot:/home/tom/ocs2_ws/install/ocs2_sqp:/home/tom/ocs2_ws/install/ocs2_slp:/home/tom/ocs2_ws/install/ocs2_quadrotor_ros:/home/tom/ocs2_ws/install/ocs2_double_integrator_ros:/home/tom/ocs2_ws/install/ocs2_cartpole_ros:/home/tom/ocs2_ws/install/ocs2_ros_interfaces:/home/tom/ocs2_ws/install/ocs2_quadrotor:/home/tom/ocs2_ws/install/ocs2_double_integrator:/home/tom/ocs2_ws/install/ocs2_python_interface:/home/tom/ocs2_ws/install/ocs2_perceptive:/home/tom/ocs2_ws/install/ocs2_cartpole:/home/tom/ocs2_ws/install/ocs2_robotic_tools:/home/tom/ocs2_ws/install/ocs2_ocs2:/home/tom/ocs2_ws/install/ocs2_ipm:/home/tom/ocs2_ws/install/ocs2_ddp:/home/tom/ocs2_ws/install/hpipm_catkin:/home/tom/ocs2_ws/install/ocs2_qp_solver:/home/tom/ocs2_ws/install/ocs2_mpc:/home/tom/ocs2_ws/install/ocs2_oc:/home/tom/ocs2_ws/install/ocs2_frank_wolfe:/home/tom/ocs2_ws/install/ocs2_core:/home/tom/ocs2_ws/install/ocs2_thirdparty:/home/tom/ocs2_ws/install/ocs2_switched_model_msgs:/home/tom/ocs2_ws/install/ocs2_robotic_assets:/home/tom/ocs2_ws/install/ocs2_msgs:/home/tom/ocs2_ws/install/hpp-fcl:/home/tom/ocs2_ws/install/convex_plane_decomposition_ros:/home/tom/ocs2_ws/install/convex_plane_decomposition:/opt/ros/humble:/home/tom/ocs2_ws/install/grid_map_filters_rsl:/home/tom/ocs2_ws/install/convex_plane_decomposition_msgs:/home/tom/ocs2_ws/install/cgal5_catkin:/home/tom/ocs2_ws/install/blasfeo_catkin /usr/bin/cmake --build /home/tom/humanoid_ws/src/humanoid-control/build/humanoid_interface -- -j12 -l12
[70.381s] Invoking command in '/home/tom/humanoid_ws/src/humanoid-control/build/humanoid_interface': CMAKE_PREFIX_PATH=/home/tom/ocs2_ws/install/ocs2_ros2:/home/tom/ocs2_ws/install/ocs2_robotic_examples:/home/tom/ocs2_ws/install/ocs2_anymal:/home/tom/ocs2_ws/install/ocs2_anymal_loopshaping_mpc:/home/tom/ocs2_ws/install/ocs2_quadruped_loopshaping_interface:/home/tom/ocs2_ws/install/ocs2_anymal_mpc:/home/tom/ocs2_ws/install/ocs2_quadruped_interface:/home/tom/ocs2_ws/install/segmented_planes_terrain_model:/home/tom/ocs2_ws/install/ocs2_sphere_approximation:/home/tom/ocs2_ws/install/ocs2_pinocchio:/home/tom/ocs2_ws/install/ocs2_mobile_manipulator_ros:/home/tom/ocs2_ws/install/ocs2_self_collision_visualization:/home/tom/ocs2_ws/install/ocs2_mobile_manipulator:/home/tom/ocs2_ws/install/ocs2_self_collision:/home/tom/ocs2_ws/install/ocs2_legged_robot_ros:/home/tom/ocs2_ws/install/ocs2_legged_robot:/home/tom/ocs2_ws/install/ocs2_centroidal_model:/home/tom/ocs2_ws/install/ocs2_anymal_models:/home/tom/ocs2_ws/install/ocs2_pinocchio_interface:/home/tom/ocs2_ws/install/pinocchio:/home/tom/ocs2_ws/install/ocs2_anymal_commands:/home/tom/ocs2_ws/install/ocs2_switched_model_interface:/home/tom/ocs2_ws/install/ocs2_ballbot_ros:/home/tom/ocs2_ws/install/ocs2_ballbot:/home/tom/ocs2_ws/install/ocs2_sqp:/home/tom/ocs2_ws/install/ocs2_slp:/home/tom/ocs2_ws/install/ocs2_quadrotor_ros:/home/tom/ocs2_ws/install/ocs2_double_integrator_ros:/home/tom/ocs2_ws/install/ocs2_cartpole_ros:/home/tom/ocs2_ws/install/ocs2_ros_interfaces:/home/tom/ocs2_ws/install/ocs2_quadrotor:/home/tom/ocs2_ws/install/ocs2_double_integrator:/home/tom/ocs2_ws/install/ocs2_python_interface:/home/tom/ocs2_ws/install/ocs2_perceptive:/home/tom/ocs2_ws/install/ocs2_cartpole:/home/tom/ocs2_ws/install/ocs2_robotic_tools:/home/tom/ocs2_ws/install/ocs2_ocs2:/home/tom/ocs2_ws/install/ocs2_ipm:/home/tom/ocs2_ws/install/ocs2_ddp:/home/tom/ocs2_ws/install/hpipm_catkin:/home/tom/ocs2_ws/install/ocs2_qp_solver:/home/tom/ocs2_ws/install/ocs2_mpc:/home/tom/ocs2_ws/install/ocs2_oc:/home/tom/ocs2_ws/install/ocs2_frank_wolfe:/home/tom/ocs2_ws/install/ocs2_core:/home/tom/ocs2_ws/install/ocs2_thirdparty:/home/tom/ocs2_ws/install/ocs2_switched_model_msgs:/home/tom/ocs2_ws/install/ocs2_robotic_assets:/home/tom/ocs2_ws/install/ocs2_msgs:/home/tom/ocs2_ws/install/hpp-fcl:/home/tom/ocs2_ws/install/convex_plane_decomposition_ros:/home/tom/ocs2_ws/install/convex_plane_decomposition:/opt/ros/humble:/home/tom/ocs2_ws/install/grid_map_filters_rsl:/home/tom/ocs2_ws/install/convex_plane_decomposition_msgs:/home/tom/ocs2_ws/install/cgal5_catkin:/home/tom/ocs2_ws/install/blasfeo_catkin /usr/bin/cmake --install /home/tom/humanoid_ws/src/humanoid-control/build/humanoid_interface
[70.391s] -- Install configuration: ""
[70.392s] -- Execute custom install script
[70.393s] -- Symlinking: /home/tom/humanoid_ws/src/humanoid-control/install/humanoid_interface/include/humanoid_interface/HumanoidInterface.h
[70.406s] -- Symlinking: /home/tom/humanoid_ws/src/humanoid-control/install/humanoid_interface/include/humanoid_interface/HumanoidPreComputation.h
[70.422s] -- Symlinking: /home/tom/humanoid_ws/src/humanoid-control/install/humanoid_interface/include/humanoid_interface/common/ModelSettings.h
[70.441s] -- Symlinking: /home/tom/humanoid_ws/src/humanoid-control/install/humanoid_interface/include/humanoid_interface/common/Types.h
[70.469s] -- Symlinking: /home/tom/humanoid_ws/src/humanoid-control/install/humanoid_interface/include/humanoid_interface/common/utils.h
[70.519s] -- Symlinking: /home/tom/humanoid_ws/src/humanoid-control/install/humanoid_interface/include/humanoid_interface/constraint/EndEffectorLinearConstraint.h
[70.571s] -- Symlinking: /home/tom/humanoid_ws/src/humanoid-control/install/humanoid_interface/include/humanoid_interface/constraint/FootRollConstraint.h
[70.624s] -- Symlinking: /home/tom/humanoid_ws/src/humanoid-control/install/humanoid_interface/include/humanoid_interface/constraint/FrictionConeConstraint.h
[70.676s] -- Symlinking: /home/tom/humanoid_ws/src/humanoid-control/install/humanoid_interface/include/humanoid_interface/constraint/LeggedSelfCollisionConstraint.h
[70.727s] -- Symlinking: /home/tom/humanoid_ws/src/humanoid-control/install/humanoid_interface/include/humanoid_interface/constraint/NormalVelocityConstraintCppAd.h
[70.779s] -- Symlinking: /home/tom/humanoid_ws/src/humanoid-control/install/humanoid_interface/include/humanoid_interface/constraint/ZeroForceConstraint.h
[70.832s] -- Symlinking: /home/tom/humanoid_ws/src/humanoid-control/install/humanoid_interface/include/humanoid_interface/constraint/ZeroVelocityConstraintCppAd.h
[70.865s] -- Symlinking: /home/tom/humanoid_ws/src/humanoid-control/install/humanoid_interface/include/humanoid_interface/cost/HumanoidQuadraticTrackingCost.h
[70.890s] -- Symlinking: /home/tom/humanoid_ws/src/humanoid-control/install/humanoid_interface/include/humanoid_interface/dynamics/HumanoidDynamicsAD.h
[70.910s] -- Symlinking: /home/tom/humanoid_ws/src/humanoid-control/install/humanoid_interface/include/humanoid_interface/foot_planner/CubicSpline.h
[70.930s] -- Symlinking: /home/tom/humanoid_ws/src/humanoid-control/install/humanoid_interface/include/humanoid_interface/foot_planner/SplineCpg.h
[70.949s] -- Symlinking: /home/tom/humanoid_ws/src/humanoid-control/install/humanoid_interface/include/humanoid_interface/foot_planner/SwingTrajectoryPlanner.h
[70.968s] -- Symlinking: /home/tom/humanoid_ws/src/humanoid-control/install/humanoid_interface/include/humanoid_interface/gait/Gait.h
[70.988s] -- Symlinking: /home/tom/humanoid_ws/src/humanoid-control/install/humanoid_interface/include/humanoid_interface/gait/GaitSchedule.h
[71.007s] -- Symlinking: /home/tom/humanoid_ws/src/humanoid-control/install/humanoid_interface/include/humanoid_interface/gait/LegLogic.h
[71.029s] -- Symlinking: /home/tom/humanoid_ws/src/humanoid-control/install/humanoid_interface/include/humanoid_interface/gait/ModeSequenceTemplate.h
[71.070s] -- Symlinking: /home/tom/humanoid_ws/src/humanoid-control/install/humanoid_interface/include/humanoid_interface/gait/MotionPhaseDefinition.h
[71.125s] -- Symlinking: /home/tom/humanoid_ws/src/humanoid-control/install/humanoid_interface/include/humanoid_interface/initialization/HumanoidInitializer.h
[71.181s] -- Symlinking: /home/tom/humanoid_ws/src/humanoid-control/install/humanoid_interface/include/humanoid_interface/package_path.h.in
[71.233s] -- Symlinking: /home/tom/humanoid_ws/src/humanoid-control/install/humanoid_interface/include/humanoid_interface/reference_manager/SwitchedModelReferenceManager.h
[71.285s] -- Symlinking: /home/tom/humanoid_ws/src/humanoid-control/install/humanoid_interface/include/humanoid_interface/package_path.h
[71.338s] -- Symlinking: /home/tom/humanoid_ws/src/humanoid-control/install/humanoid_interface/share/humanoid_interface/config/command/gait.info
[71.390s] -- Symlinking: /home/tom/humanoid_ws/src/humanoid-control/install/humanoid_interface/share/humanoid_interface/config/command/reference.info
[71.441s] -- Symlinking: /home/tom/humanoid_ws/src/humanoid-control/install/humanoid_interface/share/humanoid_interface/config/mpc/task.info
[71.495s] -- Symlinking: /home/tom/humanoid_ws/src/humanoid-control/install/humanoid_interface/share/humanoid_interface/config/multiplot/friction_cone.xml
[71.547s] -- Symlinking: /home/tom/humanoid_ws/src/humanoid-control/install/humanoid_interface/share/humanoid_interface/config/multiplot/zero_velocity.xml
[71.600s] -- Symlinking: /home/tom/humanoid_ws/src/humanoid-control/install/humanoid_interface/share/humanoid_interface/environment/library_path.sh
[71.653s] -- Symlinking: /home/tom/humanoid_ws/src/humanoid-control/install/humanoid_interface/share/humanoid_interface/environment/library_path.dsv
[71.708s] -- Symlinking: /home/tom/humanoid_ws/src/humanoid-control/install/humanoid_interface/share/ament_index/resource_index/package_run_dependencies/humanoid_interface
[71.761s] -- Symlinking: /home/tom/humanoid_ws/src/humanoid-control/install/humanoid_interface/share/ament_index/resource_index/parent_prefix_path/humanoid_interface
[71.820s] -- Symlinking: /home/tom/humanoid_ws/src/humanoid-control/install/humanoid_interface/share/humanoid_interface/environment/ament_prefix_path.sh
[71.877s] -- Symlinking: /home/tom/humanoid_ws/src/humanoid-control/install/humanoid_interface/share/humanoid_interface/environment/ament_prefix_path.dsv
[71.928s] -- Symlinking: /home/tom/humanoid_ws/src/humanoid-control/install/humanoid_interface/share/humanoid_interface/environment/path.sh
[71.985s] -- Symlinking: /home/tom/humanoid_ws/src/humanoid-control/install/humanoid_interface/share/humanoid_interface/environment/path.dsv
[72.043s] -- Symlinking: /home/tom/humanoid_ws/src/humanoid-control/install/humanoid_interface/share/humanoid_interface/local_setup.bash
[72.095s] -- Symlinking: /home/tom/humanoid_ws/src/humanoid-control/install/humanoid_interface/share/humanoid_interface/local_setup.sh
[72.162s] -- Symlinking: /home/tom/humanoid_ws/src/humanoid-control/install/humanoid_interface/share/humanoid_interface/local_setup.zsh
[72.203s] -- Symlinking: /home/tom/humanoid_ws/src/humanoid-control/install/humanoid_interface/share/humanoid_interface/local_setup.dsv
[72.226s] -- Symlinking: /home/tom/humanoid_ws/src/humanoid-control/install/humanoid_interface/share/humanoid_interface/package.dsv
[72.241s] -- Symlinking: /home/tom/humanoid_ws/src/humanoid-control/install/humanoid_interface/share/ament_index/resource_index/packages/humanoid_interface
[72.257s] -- Symlinking: /home/tom/humanoid_ws/src/humanoid-control/install/humanoid_interface/share/humanoid_interface/cmake/ament_cmake_export_targets-extras.cmake
[72.270s] -- Symlinking: /home/tom/humanoid_ws/src/humanoid-control/install/humanoid_interface/share/humanoid_interface/cmake/ament_cmake_export_dependencies-extras.cmake
[72.282s] -- Symlinking: /home/tom/humanoid_ws/src/humanoid-control/install/humanoid_interface/share/humanoid_interface/cmake/ament_cmake_export_include_directories-extras.cmake
[72.294s] -- Symlinking: /home/tom/humanoid_ws/src/humanoid-control/install/humanoid_interface/share/humanoid_interface/cmake/humanoid_interfaceConfig.cmake
[72.307s] -- Symlinking: /home/tom/humanoid_ws/src/humanoid-control/install/humanoid_interface/share/humanoid_interface/cmake/humanoid_interfaceConfig-version.cmake
[72.320s] -- Symlinking: /home/tom/humanoid_ws/src/humanoid-control/install/humanoid_interface/share/humanoid_interface/package.xml
[72.333s] -- Installing: /home/tom/humanoid_ws/src/humanoid-control/install/humanoid_interface/lib/libhumanoid_interface.a
[72.364s] -- Installing: /home/tom/humanoid_ws/src/humanoid-control/install/humanoid_interface/share/humanoid_interface/cmake/export_humanoid_interfaceExport.cmake
[72.364s] -- Installing: /home/tom/humanoid_ws/src/humanoid-control/install/humanoid_interface/share/humanoid_interface/cmake/export_humanoid_interfaceExport-noconfig.cmake
[72.367s] Invoked command in '/home/tom/humanoid_ws/src/humanoid-control/build/humanoid_interface' returned '0': CMAKE_PREFIX_PATH=/home/tom/ocs2_ws/install/ocs2_ros2:/home/tom/ocs2_ws/install/ocs2_robotic_examples:/home/tom/ocs2_ws/install/ocs2_anymal:/home/tom/ocs2_ws/install/ocs2_anymal_loopshaping_mpc:/home/tom/ocs2_ws/install/ocs2_quadruped_loopshaping_interface:/home/tom/ocs2_ws/install/ocs2_anymal_mpc:/home/tom/ocs2_ws/install/ocs2_quadruped_interface:/home/tom/ocs2_ws/install/segmented_planes_terrain_model:/home/tom/ocs2_ws/install/ocs2_sphere_approximation:/home/tom/ocs2_ws/install/ocs2_pinocchio:/home/tom/ocs2_ws/install/ocs2_mobile_manipulator_ros:/home/tom/ocs2_ws/install/ocs2_self_collision_visualization:/home/tom/ocs2_ws/install/ocs2_mobile_manipulator:/home/tom/ocs2_ws/install/ocs2_self_collision:/home/tom/ocs2_ws/install/ocs2_legged_robot_ros:/home/tom/ocs2_ws/install/ocs2_legged_robot:/home/tom/ocs2_ws/install/ocs2_centroidal_model:/home/tom/ocs2_ws/install/ocs2_anymal_models:/home/tom/ocs2_ws/install/ocs2_pinocchio_interface:/home/tom/ocs2_ws/install/pinocchio:/home/tom/ocs2_ws/install/ocs2_anymal_commands:/home/tom/ocs2_ws/install/ocs2_switched_model_interface:/home/tom/ocs2_ws/install/ocs2_ballbot_ros:/home/tom/ocs2_ws/install/ocs2_ballbot:/home/tom/ocs2_ws/install/ocs2_sqp:/home/tom/ocs2_ws/install/ocs2_slp:/home/tom/ocs2_ws/install/ocs2_quadrotor_ros:/home/tom/ocs2_ws/install/ocs2_double_integrator_ros:/home/tom/ocs2_ws/install/ocs2_cartpole_ros:/home/tom/ocs2_ws/install/ocs2_ros_interfaces:/home/tom/ocs2_ws/install/ocs2_quadrotor:/home/tom/ocs2_ws/install/ocs2_double_integrator:/home/tom/ocs2_ws/install/ocs2_python_interface:/home/tom/ocs2_ws/install/ocs2_perceptive:/home/tom/ocs2_ws/install/ocs2_cartpole:/home/tom/ocs2_ws/install/ocs2_robotic_tools:/home/tom/ocs2_ws/install/ocs2_ocs2:/home/tom/ocs2_ws/install/ocs2_ipm:/home/tom/ocs2_ws/install/ocs2_ddp:/home/tom/ocs2_ws/install/hpipm_catkin:/home/tom/ocs2_ws/install/ocs2_qp_solver:/home/tom/ocs2_ws/install/ocs2_mpc:/home/tom/ocs2_ws/install/ocs2_oc:/home/tom/ocs2_ws/install/ocs2_frank_wolfe:/home/tom/ocs2_ws/install/ocs2_core:/home/tom/ocs2_ws/install/ocs2_thirdparty:/home/tom/ocs2_ws/install/ocs2_switched_model_msgs:/home/tom/ocs2_ws/install/ocs2_robotic_assets:/home/tom/ocs2_ws/install/ocs2_msgs:/home/tom/ocs2_ws/install/hpp-fcl:/home/tom/ocs2_ws/install/convex_plane_decomposition_ros:/home/tom/ocs2_ws/install/convex_plane_decomposition:/opt/ros/humble:/home/tom/ocs2_ws/install/grid_map_filters_rsl:/home/tom/ocs2_ws/install/convex_plane_decomposition_msgs:/home/tom/ocs2_ws/install/cgal5_catkin:/home/tom/ocs2_ws/install/blasfeo_catkin /usr/bin/cmake --install /home/tom/humanoid_ws/src/humanoid-control/build/humanoid_interface
