-- The C compiler identification is GNU 11.4.0
-- The CXX compiler identification is GNU 11.4.0
-- Detecting C compiler ABI info
-- Detecting C compiler ABI info - done
-- Check for working C compiler: /usr/bin/cc - skipped
-- Detecting C compile features
-- Detecting C compile features - done
-- Detecting CXX compiler ABI info
-- Detecting CXX compiler ABI info - done
-- Check for working CXX compiler: /usr/bin/c++ - skipped
-- Detecting CXX compile features
-- Detecting CXX compile features - done
-- Found ament_cmake: 1.3.13 (/opt/ros/humble/share/ament_cmake/cmake)
-- Found Python3: /usr/bin/python3 (found version "3.10.12") found components: Interpreter 
-- Override CMake install command with custom implementation using symlinks instead of copying resources
-- Found ocs2_core: 0.0.0 (/home/tom/ocs2_ws/install/ocs2_core/share/ocs2_core/cmake)
-- Found OpenMP_C: -fopenmp (found version "4.5") 
-- Found OpenMP_CXX: -fopenmp (found version "4.5") 
-- Found OpenMP: TRUE (found version "4.5")  
-- Found ocs2_oc: 0.0.0 (/home/tom/ocs2_ws/install/ocs2_oc/share/ocs2_oc/cmake)
-- Found ocs2_ddp: 0.0.0 (/home/tom/ocs2_ws/install/ocs2_ddp/share/ocs2_ddp/cmake)
-- Found ocs2_sqp: 0.0.0 (/home/tom/ocs2_ws/install/ocs2_sqp/share/ocs2_sqp/cmake)
-- Found ocs2_ipm: 0.0.0 (/home/tom/ocs2_ws/install/ocs2_ipm/share/ocs2_ipm/cmake)
-- Found ocs2_robotic_tools: 0.0.0 (/home/tom/ocs2_ws/install/ocs2_robotic_tools/share/ocs2_robotic_tools/cmake)
-- Found ocs2_pinocchio_interface: 0.0.0 (/home/tom/ocs2_ws/install/ocs2_pinocchio_interface/share/ocs2_pinocchio_interface/cmake)
-- hpp-fcl FOUND. hpp-fcl at /home/tom/ocs2_ws/install/hpp-fcl/lib/libhpp-fcl.so
-- Default C++ standard: 201703
-- Minimal C++ standard upgraded to 11
-- C++ standard sufficient: Minimal required 11, currently defined: 17
-- pinocchio FOUND. pinocchio at /home/tom/ocs2_ws/install/pinocchio/lib/libpinocchio.so
-- boost_filesystem FOUND. boost_filesystem at /usr/lib/x86_64-linux-gnu/libboost_filesystem.so
-- boost_serialization FOUND. boost_serialization at /usr/lib/x86_64-linux-gnu/libboost_serialization.so
-- boost_system FOUND. boost_system at /usr/lib/x86_64-linux-gnu/libboost_system.so
-- C++ standard sufficient: Minimal required 11, currently defined: 17
-- Found ocs2_centroidal_model: 0.0.0 (/home/tom/ocs2_ws/install/ocs2_centroidal_model/share/ocs2_centroidal_model/cmake)
-- Found ocs2_self_collision: 0.0.0 (/home/tom/ocs2_ws/install/ocs2_self_collision/share/ocs2_self_collision/cmake)
-- Found Threads: TRUE  
-- Found Boost: /usr/include (found version "1.74.0") found components: system filesystem log log_setup date_time thread regex chrono atomic 
-- Found PkgConfig: /usr/bin/pkg-config (found version "0.29.2") 
-- Checking for module 'pinocchio'
--   Found pinocchio, version 2.6.21
-- Found gtest sources under '/opt/ros/humble/src/gtest_vendor': C++ tests using 'Google Test' will be built
-- Configuring done
-- Generating done
-- Build files have been written to: /home/tom/humanoid_ws/src/humanoid-control/build/humanoid_interface
[  3%] [32mBuilding CXX object gtest/CMakeFiles/gtest_main.dir/src/gtest_main.cc.o[0m
[  6%] [32mBuilding CXX object CMakeFiles/humanoid_interface.dir/src/constraint/EndEffectorLinearConstraint.cpp.o[0m
[ 10%] [32mBuilding CXX object gtest/CMakeFiles/gtest.dir/src/gtest-all.cc.o[0m
[ 13%] [32mBuilding CXX object CMakeFiles/humanoid_interface.dir/src/constraint/FootRollContraint.cpp.o[0m
[ 20%] [32mBuilding CXX object CMakeFiles/humanoid_interface.dir/src/initialization/HumanoidInitializer.cpp.o[0m
[ 24%] [32mBuilding CXX object CMakeFiles/humanoid_interface.dir/src/common/ModelSettings.cpp.o[0m
[ 20%] [32mBuilding CXX object CMakeFiles/humanoid_interface.dir/src/constraint/NormalVelocityConstraintCppAd.cpp.o[0m
[ 27%] [32mBuilding CXX object CMakeFiles/humanoid_interface.dir/src/constraint/ZeroVelocityConstraintCppAd.cpp.o[0m
[ 31%] [32mBuilding CXX object CMakeFiles/humanoid_interface.dir/src/reference_manager/SwitchedModelReferenceManager.cpp.o[0m
[ 34%] [32mBuilding CXX object CMakeFiles/humanoid_interface.dir/src/constraint/ZeroForceConstraint.cpp.o[0m
[ 37%] [32mBuilding CXX object CMakeFiles/humanoid_interface.dir/src/constraint/FrictionConeConstraint.cpp.o[0m
[ 41%] [32mBuilding CXX object CMakeFiles/humanoid_interface.dir/src/dynamics/HumanoidDynamicsAD.cpp.o[0m
[ 44%] [32m[1mLinking CXX static library libgtest_main.a[0m
[ 44%] Built target gtest_main
[ 48%] [32mBuilding CXX object CMakeFiles/humanoid_interface.dir/src/foot_planner/CubicSpline.cpp.o[0m
[ 51%] [32mBuilding CXX object CMakeFiles/humanoid_interface.dir/src/foot_planner/SplineCpg.cpp.o[0m
[ 55%] [32mBuilding CXX object CMakeFiles/humanoid_interface.dir/src/foot_planner/SwingTrajectoryPlanner.cpp.o[0m
[ 58%] [32mBuilding CXX object CMakeFiles/humanoid_interface.dir/src/gait/Gait.cpp.o[0m
[ 62%] [32mBuilding CXX object CMakeFiles/humanoid_interface.dir/src/gait/GaitSchedule.cpp.o[0m
[ 65%] [32mBuilding CXX object CMakeFiles/humanoid_interface.dir/src/gait/LegLogic.cpp.o[0m
[ 68%] [32m[1mLinking CXX static library libgtest.a[0m
[ 68%] Built target gtest
[ 72%] [32mBuilding CXX object CMakeFiles/humanoid_interface.dir/src/gait/ModeSequenceTemplate.cpp.o[0m
[ 75%] [32mBuilding CXX object CMakeFiles/humanoid_interface.dir/src/HumanoidInterface.cpp.o[0m
[ 79%] [32mBuilding CXX object CMakeFiles/humanoid_interface.dir/src/HumanoidPreComputation.cpp.o[0m
[ 82%] [32m[1mLinking CXX static library libhumanoid_interface.a[0m
[ 82%] Built target humanoid_interface
[ 86%] [32mBuilding CXX object CMakeFiles/humanoid_interface_test.dir/test/AnymalFactoryFunctions.cpp.o[0m
[ 89%] [32mBuilding CXX object CMakeFiles/humanoid_interface_test.dir/test/constraint/testFrictionConeConstraint.cpp.o[0m
[ 93%] [32mBuilding CXX object CMakeFiles/humanoid_interface_test.dir/test/constraint/testZeroForceConstraint.cpp.o[0m
[ 96%] [32mBuilding CXX object CMakeFiles/humanoid_interface_test.dir/test/constraint/testEndEffectorLinearConstraint.cpp.o[0m
[100%] [32m[1mLinking CXX executable humanoid_interface_test[0m
[100%] Built target humanoid_interface_test
-- Install configuration: ""
-- Execute custom install script
-- Symlinking: /home/tom/humanoid_ws/src/humanoid-control/install/humanoid_interface/include/humanoid_interface/HumanoidInterface.h
-- Symlinking: /home/tom/humanoid_ws/src/humanoid-control/install/humanoid_interface/include/humanoid_interface/HumanoidPreComputation.h
-- Symlinking: /home/tom/humanoid_ws/src/humanoid-control/install/humanoid_interface/include/humanoid_interface/common/ModelSettings.h
-- Symlinking: /home/tom/humanoid_ws/src/humanoid-control/install/humanoid_interface/include/humanoid_interface/common/Types.h
-- Symlinking: /home/tom/humanoid_ws/src/humanoid-control/install/humanoid_interface/include/humanoid_interface/common/utils.h
-- Symlinking: /home/tom/humanoid_ws/src/humanoid-control/install/humanoid_interface/include/humanoid_interface/constraint/EndEffectorLinearConstraint.h
-- Symlinking: /home/tom/humanoid_ws/src/humanoid-control/install/humanoid_interface/include/humanoid_interface/constraint/FootRollConstraint.h
-- Symlinking: /home/tom/humanoid_ws/src/humanoid-control/install/humanoid_interface/include/humanoid_interface/constraint/FrictionConeConstraint.h
-- Symlinking: /home/tom/humanoid_ws/src/humanoid-control/install/humanoid_interface/include/humanoid_interface/constraint/LeggedSelfCollisionConstraint.h
-- Symlinking: /home/tom/humanoid_ws/src/humanoid-control/install/humanoid_interface/include/humanoid_interface/constraint/NormalVelocityConstraintCppAd.h
-- Symlinking: /home/tom/humanoid_ws/src/humanoid-control/install/humanoid_interface/include/humanoid_interface/constraint/ZeroForceConstraint.h
-- Symlinking: /home/tom/humanoid_ws/src/humanoid-control/install/humanoid_interface/include/humanoid_interface/constraint/ZeroVelocityConstraintCppAd.h
-- Symlinking: /home/tom/humanoid_ws/src/humanoid-control/install/humanoid_interface/include/humanoid_interface/cost/HumanoidQuadraticTrackingCost.h
-- Symlinking: /home/tom/humanoid_ws/src/humanoid-control/install/humanoid_interface/include/humanoid_interface/dynamics/HumanoidDynamicsAD.h
-- Symlinking: /home/tom/humanoid_ws/src/humanoid-control/install/humanoid_interface/include/humanoid_interface/foot_planner/CubicSpline.h
-- Symlinking: /home/tom/humanoid_ws/src/humanoid-control/install/humanoid_interface/include/humanoid_interface/foot_planner/SplineCpg.h
-- Symlinking: /home/tom/humanoid_ws/src/humanoid-control/install/humanoid_interface/include/humanoid_interface/foot_planner/SwingTrajectoryPlanner.h
-- Symlinking: /home/tom/humanoid_ws/src/humanoid-control/install/humanoid_interface/include/humanoid_interface/gait/Gait.h
-- Symlinking: /home/tom/humanoid_ws/src/humanoid-control/install/humanoid_interface/include/humanoid_interface/gait/GaitSchedule.h
-- Symlinking: /home/tom/humanoid_ws/src/humanoid-control/install/humanoid_interface/include/humanoid_interface/gait/LegLogic.h
-- Symlinking: /home/tom/humanoid_ws/src/humanoid-control/install/humanoid_interface/include/humanoid_interface/gait/ModeSequenceTemplate.h
-- Symlinking: /home/tom/humanoid_ws/src/humanoid-control/install/humanoid_interface/include/humanoid_interface/gait/MotionPhaseDefinition.h
-- Symlinking: /home/tom/humanoid_ws/src/humanoid-control/install/humanoid_interface/include/humanoid_interface/initialization/HumanoidInitializer.h
-- Symlinking: /home/tom/humanoid_ws/src/humanoid-control/install/humanoid_interface/include/humanoid_interface/package_path.h.in
-- Symlinking: /home/tom/humanoid_ws/src/humanoid-control/install/humanoid_interface/include/humanoid_interface/reference_manager/SwitchedModelReferenceManager.h
-- Symlinking: /home/tom/humanoid_ws/src/humanoid-control/install/humanoid_interface/include/humanoid_interface/package_path.h
-- Symlinking: /home/tom/humanoid_ws/src/humanoid-control/install/humanoid_interface/share/humanoid_interface/config/command/gait.info
-- Symlinking: /home/tom/humanoid_ws/src/humanoid-control/install/humanoid_interface/share/humanoid_interface/config/command/reference.info
-- Symlinking: /home/tom/humanoid_ws/src/humanoid-control/install/humanoid_interface/share/humanoid_interface/config/mpc/task.info
-- Symlinking: /home/tom/humanoid_ws/src/humanoid-control/install/humanoid_interface/share/humanoid_interface/config/multiplot/friction_cone.xml
-- Symlinking: /home/tom/humanoid_ws/src/humanoid-control/install/humanoid_interface/share/humanoid_interface/config/multiplot/zero_velocity.xml
-- Symlinking: /home/tom/humanoid_ws/src/humanoid-control/install/humanoid_interface/share/humanoid_interface/environment/library_path.sh
-- Symlinking: /home/tom/humanoid_ws/src/humanoid-control/install/humanoid_interface/share/humanoid_interface/environment/library_path.dsv
-- Symlinking: /home/tom/humanoid_ws/src/humanoid-control/install/humanoid_interface/share/ament_index/resource_index/package_run_dependencies/humanoid_interface
-- Symlinking: /home/tom/humanoid_ws/src/humanoid-control/install/humanoid_interface/share/ament_index/resource_index/parent_prefix_path/humanoid_interface
-- Symlinking: /home/tom/humanoid_ws/src/humanoid-control/install/humanoid_interface/share/humanoid_interface/environment/ament_prefix_path.sh
-- Symlinking: /home/tom/humanoid_ws/src/humanoid-control/install/humanoid_interface/share/humanoid_interface/environment/ament_prefix_path.dsv
-- Symlinking: /home/tom/humanoid_ws/src/humanoid-control/install/humanoid_interface/share/humanoid_interface/environment/path.sh
-- Symlinking: /home/tom/humanoid_ws/src/humanoid-control/install/humanoid_interface/share/humanoid_interface/environment/path.dsv
-- Symlinking: /home/tom/humanoid_ws/src/humanoid-control/install/humanoid_interface/share/humanoid_interface/local_setup.bash
-- Symlinking: /home/tom/humanoid_ws/src/humanoid-control/install/humanoid_interface/share/humanoid_interface/local_setup.sh
-- Symlinking: /home/tom/humanoid_ws/src/humanoid-control/install/humanoid_interface/share/humanoid_interface/local_setup.zsh
-- Symlinking: /home/tom/humanoid_ws/src/humanoid-control/install/humanoid_interface/share/humanoid_interface/local_setup.dsv
-- Symlinking: /home/tom/humanoid_ws/src/humanoid-control/install/humanoid_interface/share/humanoid_interface/package.dsv
-- Symlinking: /home/tom/humanoid_ws/src/humanoid-control/install/humanoid_interface/share/ament_index/resource_index/packages/humanoid_interface
-- Symlinking: /home/tom/humanoid_ws/src/humanoid-control/install/humanoid_interface/share/humanoid_interface/cmake/ament_cmake_export_targets-extras.cmake
-- Symlinking: /home/tom/humanoid_ws/src/humanoid-control/install/humanoid_interface/share/humanoid_interface/cmake/ament_cmake_export_dependencies-extras.cmake
-- Symlinking: /home/tom/humanoid_ws/src/humanoid-control/install/humanoid_interface/share/humanoid_interface/cmake/ament_cmake_export_include_directories-extras.cmake
-- Symlinking: /home/tom/humanoid_ws/src/humanoid-control/install/humanoid_interface/share/humanoid_interface/cmake/humanoid_interfaceConfig.cmake
-- Symlinking: /home/tom/humanoid_ws/src/humanoid-control/install/humanoid_interface/share/humanoid_interface/cmake/humanoid_interfaceConfig-version.cmake
-- Symlinking: /home/tom/humanoid_ws/src/humanoid-control/install/humanoid_interface/share/humanoid_interface/package.xml
-- Installing: /home/tom/humanoid_ws/src/humanoid-control/install/humanoid_interface/lib/libhumanoid_interface.a
-- Installing: /home/tom/humanoid_ws/src/humanoid-control/install/humanoid_interface/share/humanoid_interface/cmake/export_humanoid_interfaceExport.cmake
-- Installing: /home/tom/humanoid_ws/src/humanoid-control/install/humanoid_interface/share/humanoid_interface/cmake/export_humanoid_interfaceExport-noconfig.cmake
