[0.106s] DEBUG:colcon:Command line arguments: ['/usr/bin/colcon', 'build', '--packages-select', 'humanoid_wbc', '--symlink-install']
[0.106s] DEBUG:colcon:Parsed command line arguments: Namespace(log_base=None, log_level=None, verb_name='build', build_base='build', install_base='install', merge_install=False, symlink_install=True, test_result_base=None, continue_on_error=False, executor='parallel', parallel_workers=12, event_handlers=None, ignore_user_meta=False, metas=['./colcon.meta'], base_paths=['.'], packages_ignore=None, packages_ignore_regex=None, paths=None, packages_up_to=None, packages_up_to_regex=None, packages_above=None, packages_above_and_dependencies=None, packages_above_depth=None, packages_select_by_dep=None, packages_skip_by_dep=None, packages_skip_up_to=None, packages_select_build_failed=False, packages_skip_build_finished=False, packages_select_test_failures=False, packages_skip_test_passed=False, packages_select=['humanoid_wbc'], packages_skip=None, packages_select_regex=None, packages_skip_regex=None, packages_start=None, packages_end=None, allow_overriding=[], cmake_args=None, cmake_target=None, cmake_target_skip_unavailable=False, cmake_clean_cache=False, cmake_clean_first=False, cmake_force_configure=False, ament_cmake_args=None, catkin_cmake_args=None, catkin_skip_building_tests=False, verb_parser=<colcon_defaults.argument_parser.defaults.DefaultArgumentsDecorator object at 0x7543edb607c0>, verb_extension=<colcon_core.verb.build.BuildVerb object at 0x7543edb60100>, main=<bound method BuildVerb.main of <colcon_core.verb.build.BuildVerb object at 0x7543edb60100>>)
[0.284s] Level 1:colcon.colcon_core.package_discovery:discover_packages(colcon_meta) check parameters
[0.285s] Level 1:colcon.colcon_core.package_discovery:discover_packages(recursive) check parameters
[0.285s] Level 1:colcon.colcon_core.package_discovery:discover_packages(ignore) check parameters
[0.285s] Level 1:colcon.colcon_core.package_discovery:discover_packages(path) check parameters
[0.285s] Level 1:colcon.colcon_core.package_discovery:discover_packages(colcon_meta) discover
[0.285s] Level 1:colcon.colcon_core.package_discovery:discover_packages(recursive) discover
[0.285s] INFO:colcon.colcon_core.package_discovery:Crawling recursively for packages in '/home/tom/humanoid_ws/src/humanoid-control'
[0.285s] Level 1:colcon.colcon_core.package_identification:_identify(.) by extensions ['ignore', 'ignore_ament_install']
[0.285s] Level 1:colcon.colcon_core.package_identification:_identify(.) by extension 'ignore'
[0.285s] Level 1:colcon.colcon_core.package_identification:_identify(.) by extension 'ignore_ament_install'
[0.285s] Level 1:colcon.colcon_core.package_identification:_identify(.) by extensions ['colcon_pkg']
[0.285s] Level 1:colcon.colcon_core.package_identification:_identify(.) by extension 'colcon_pkg'
[0.285s] Level 1:colcon.colcon_core.package_identification:_identify(.) by extensions ['colcon_meta']
[0.285s] Level 1:colcon.colcon_core.package_identification:_identify(.) by extension 'colcon_meta'
[0.285s] Level 1:colcon.colcon_core.package_identification:_identify(.) by extensions ['ros']
[0.285s] Level 1:colcon.colcon_core.package_identification:_identify(.) by extension 'ros'
[0.296s] Level 1:colcon.colcon_core.package_identification:_identify(.) by extensions ['cmake', 'python']
[0.296s] Level 1:colcon.colcon_core.package_identification:_identify(.) by extension 'cmake'
[0.296s] Level 1:colcon.colcon_core.package_identification:_identify(.) by extension 'python'
[0.296s] Level 1:colcon.colcon_core.package_identification:_identify(.) by extensions ['python_setup_py']
[0.296s] Level 1:colcon.colcon_core.package_identification:_identify(.) by extension 'python_setup_py'
[0.296s] Level 1:colcon.colcon_core.package_identification:_identify(README.assets) by extensions ['ignore', 'ignore_ament_install']
[0.296s] Level 1:colcon.colcon_core.package_identification:_identify(README.assets) by extension 'ignore'
[0.296s] Level 1:colcon.colcon_core.package_identification:_identify(README.assets) by extension 'ignore_ament_install'
[0.297s] Level 1:colcon.colcon_core.package_identification:_identify(README.assets) by extensions ['colcon_pkg']
[0.297s] Level 1:colcon.colcon_core.package_identification:_identify(README.assets) by extension 'colcon_pkg'
[0.297s] Level 1:colcon.colcon_core.package_identification:_identify(README.assets) by extensions ['colcon_meta']
[0.297s] Level 1:colcon.colcon_core.package_identification:_identify(README.assets) by extension 'colcon_meta'
[0.297s] Level 1:colcon.colcon_core.package_identification:_identify(README.assets) by extensions ['ros']
[0.297s] Level 1:colcon.colcon_core.package_identification:_identify(README.assets) by extension 'ros'
[0.297s] Level 1:colcon.colcon_core.package_identification:_identify(README.assets) by extensions ['cmake', 'python']
[0.297s] Level 1:colcon.colcon_core.package_identification:_identify(README.assets) by extension 'cmake'
[0.297s] Level 1:colcon.colcon_core.package_identification:_identify(README.assets) by extension 'python'
[0.297s] Level 1:colcon.colcon_core.package_identification:_identify(README.assets) by extensions ['python_setup_py']
[0.297s] Level 1:colcon.colcon_core.package_identification:_identify(README.assets) by extension 'python_setup_py'
[0.297s] Level 1:colcon.colcon_core.package_identification:_identify(build) by extensions ['ignore', 'ignore_ament_install']
[0.297s] Level 1:colcon.colcon_core.package_identification:_identify(build) by extension 'ignore'
[0.297s] Level 1:colcon.colcon_core.package_identification:_identify(build) ignored
[0.297s] Level 1:colcon.colcon_core.package_identification:_identify(humanoid-legged-description) by extensions ['ignore', 'ignore_ament_install']
[0.297s] Level 1:colcon.colcon_core.package_identification:_identify(humanoid-legged-description) by extension 'ignore'
[0.297s] Level 1:colcon.colcon_core.package_identification:_identify(humanoid-legged-description) by extension 'ignore_ament_install'
[0.297s] Level 1:colcon.colcon_core.package_identification:_identify(humanoid-legged-description) by extensions ['colcon_pkg']
[0.297s] Level 1:colcon.colcon_core.package_identification:_identify(humanoid-legged-description) by extension 'colcon_pkg'
[0.297s] Level 1:colcon.colcon_core.package_identification:_identify(humanoid-legged-description) by extensions ['colcon_meta']
[0.297s] Level 1:colcon.colcon_core.package_identification:_identify(humanoid-legged-description) by extension 'colcon_meta'
[0.298s] Level 1:colcon.colcon_core.package_identification:_identify(humanoid-legged-description) by extensions ['ros']
[0.298s] Level 1:colcon.colcon_core.package_identification:_identify(humanoid-legged-description) by extension 'ros'
[0.300s] DEBUG:colcon.colcon_core.package_identification:Package 'humanoid-legged-description' with type 'ros.ament_cmake' and name 'humanoid_legged_description'
[0.300s] Level 1:colcon.colcon_core.package_identification:_identify(humanoid_common) by extensions ['ignore', 'ignore_ament_install']
[0.301s] Level 1:colcon.colcon_core.package_identification:_identify(humanoid_common) by extension 'ignore'
[0.301s] Level 1:colcon.colcon_core.package_identification:_identify(humanoid_common) by extension 'ignore_ament_install'
[0.301s] Level 1:colcon.colcon_core.package_identification:_identify(humanoid_common) by extensions ['colcon_pkg']
[0.301s] Level 1:colcon.colcon_core.package_identification:_identify(humanoid_common) by extension 'colcon_pkg'
[0.301s] Level 1:colcon.colcon_core.package_identification:_identify(humanoid_common) by extensions ['colcon_meta']
[0.301s] Level 1:colcon.colcon_core.package_identification:_identify(humanoid_common) by extension 'colcon_meta'
[0.301s] Level 1:colcon.colcon_core.package_identification:_identify(humanoid_common) by extensions ['ros']
[0.301s] Level 1:colcon.colcon_core.package_identification:_identify(humanoid_common) by extension 'ros'
[0.301s] DEBUG:colcon.colcon_core.package_identification:Package 'humanoid_common' with type 'ros.ament_cmake' and name 'humanoid_common'
[0.301s] Level 1:colcon.colcon_core.package_identification:_identify(humanoid_controllers) by extensions ['ignore', 'ignore_ament_install']
[0.301s] Level 1:colcon.colcon_core.package_identification:_identify(humanoid_controllers) by extension 'ignore'
[0.302s] Level 1:colcon.colcon_core.package_identification:_identify(humanoid_controllers) by extension 'ignore_ament_install'
[0.302s] Level 1:colcon.colcon_core.package_identification:_identify(humanoid_controllers) by extensions ['colcon_pkg']
[0.302s] Level 1:colcon.colcon_core.package_identification:_identify(humanoid_controllers) by extension 'colcon_pkg'
[0.302s] Level 1:colcon.colcon_core.package_identification:_identify(humanoid_controllers) by extensions ['colcon_meta']
[0.302s] Level 1:colcon.colcon_core.package_identification:_identify(humanoid_controllers) by extension 'colcon_meta'
[0.302s] Level 1:colcon.colcon_core.package_identification:_identify(humanoid_controllers) by extensions ['ros']
[0.302s] Level 1:colcon.colcon_core.package_identification:_identify(humanoid_controllers) by extension 'ros'
[0.303s] DEBUG:colcon.colcon_core.package_identification:Package 'humanoid_controllers' with type 'ros.ament_cmake' and name 'humanoid_controllers'
[0.304s] Level 1:colcon.colcon_core.package_identification:_identify(humanoid_dummy) by extensions ['ignore', 'ignore_ament_install']
[0.304s] Level 1:colcon.colcon_core.package_identification:_identify(humanoid_dummy) by extension 'ignore'
[0.304s] Level 1:colcon.colcon_core.package_identification:_identify(humanoid_dummy) by extension 'ignore_ament_install'
[0.304s] Level 1:colcon.colcon_core.package_identification:_identify(humanoid_dummy) by extensions ['colcon_pkg']
[0.304s] Level 1:colcon.colcon_core.package_identification:_identify(humanoid_dummy) by extension 'colcon_pkg'
[0.304s] Level 1:colcon.colcon_core.package_identification:_identify(humanoid_dummy) by extensions ['colcon_meta']
[0.304s] Level 1:colcon.colcon_core.package_identification:_identify(humanoid_dummy) by extension 'colcon_meta'
[0.304s] Level 1:colcon.colcon_core.package_identification:_identify(humanoid_dummy) by extensions ['ros']
[0.304s] Level 1:colcon.colcon_core.package_identification:_identify(humanoid_dummy) by extension 'ros'
[0.306s] DEBUG:colcon.colcon_core.package_identification:Package 'humanoid_dummy' with type 'ros.ament_cmake' and name 'humanoid_dummy'
[0.306s] Level 1:colcon.colcon_core.package_identification:_identify(humanoid_estimation) by extensions ['ignore', 'ignore_ament_install']
[0.306s] Level 1:colcon.colcon_core.package_identification:_identify(humanoid_estimation) by extension 'ignore'
[0.306s] Level 1:colcon.colcon_core.package_identification:_identify(humanoid_estimation) by extension 'ignore_ament_install'
[0.306s] Level 1:colcon.colcon_core.package_identification:_identify(humanoid_estimation) by extensions ['colcon_pkg']
[0.306s] Level 1:colcon.colcon_core.package_identification:_identify(humanoid_estimation) by extension 'colcon_pkg'
[0.306s] Level 1:colcon.colcon_core.package_identification:_identify(humanoid_estimation) by extensions ['colcon_meta']
[0.306s] Level 1:colcon.colcon_core.package_identification:_identify(humanoid_estimation) by extension 'colcon_meta'
[0.307s] Level 1:colcon.colcon_core.package_identification:_identify(humanoid_estimation) by extensions ['ros']
[0.307s] Level 1:colcon.colcon_core.package_identification:_identify(humanoid_estimation) by extension 'ros'
[0.308s] DEBUG:colcon.colcon_core.package_identification:Package 'humanoid_estimation' with type 'ros.ament_cmake' and name 'humanoid_estimation'
[0.308s] Level 1:colcon.colcon_core.package_identification:_identify(humanoid_interface) by extensions ['ignore', 'ignore_ament_install']
[0.308s] Level 1:colcon.colcon_core.package_identification:_identify(humanoid_interface) by extension 'ignore'
[0.308s] Level 1:colcon.colcon_core.package_identification:_identify(humanoid_interface) by extension 'ignore_ament_install'
[0.308s] Level 1:colcon.colcon_core.package_identification:_identify(humanoid_interface) by extensions ['colcon_pkg']
[0.308s] Level 1:colcon.colcon_core.package_identification:_identify(humanoid_interface) by extension 'colcon_pkg'
[0.308s] Level 1:colcon.colcon_core.package_identification:_identify(humanoid_interface) by extensions ['colcon_meta']
[0.308s] Level 1:colcon.colcon_core.package_identification:_identify(humanoid_interface) by extension 'colcon_meta'
[0.308s] Level 1:colcon.colcon_core.package_identification:_identify(humanoid_interface) by extensions ['ros']
[0.308s] Level 1:colcon.colcon_core.package_identification:_identify(humanoid_interface) by extension 'ros'
[0.309s] DEBUG:colcon.colcon_core.package_identification:Package 'humanoid_interface' with type 'ros.ament_cmake' and name 'humanoid_interface'
[0.309s] Level 1:colcon.colcon_core.package_identification:_identify(humanoid_wbc) by extensions ['ignore', 'ignore_ament_install']
[0.310s] Level 1:colcon.colcon_core.package_identification:_identify(humanoid_wbc) by extension 'ignore'
[0.310s] Level 1:colcon.colcon_core.package_identification:_identify(humanoid_wbc) by extension 'ignore_ament_install'
[0.310s] Level 1:colcon.colcon_core.package_identification:_identify(humanoid_wbc) by extensions ['colcon_pkg']
[0.310s] Level 1:colcon.colcon_core.package_identification:_identify(humanoid_wbc) by extension 'colcon_pkg'
[0.310s] Level 1:colcon.colcon_core.package_identification:_identify(humanoid_wbc) by extensions ['colcon_meta']
[0.310s] Level 1:colcon.colcon_core.package_identification:_identify(humanoid_wbc) by extension 'colcon_meta'
[0.310s] Level 1:colcon.colcon_core.package_identification:_identify(humanoid_wbc) by extensions ['ros']
[0.310s] Level 1:colcon.colcon_core.package_identification:_identify(humanoid_wbc) by extension 'ros'
[0.310s] DEBUG:colcon.colcon_core.package_identification:Package 'humanoid_wbc' with type 'ros.ament_cmake' and name 'humanoid_wbc'
[0.311s] Level 1:colcon.colcon_core.package_identification:_identify(install) by extensions ['ignore', 'ignore_ament_install']
[0.311s] Level 1:colcon.colcon_core.package_identification:_identify(install) by extension 'ignore'
[0.311s] Level 1:colcon.colcon_core.package_identification:_identify(install) ignored
[0.311s] Level 1:colcon.colcon_core.package_identification:_identify(log) by extensions ['ignore', 'ignore_ament_install']
[0.311s] Level 1:colcon.colcon_core.package_identification:_identify(log) by extension 'ignore'
[0.311s] Level 1:colcon.colcon_core.package_identification:_identify(log) ignored
[0.311s] Level 1:colcon.colcon_core.package_identification:_identify(mujoco_sim) by extensions ['ignore', 'ignore_ament_install']
[0.311s] Level 1:colcon.colcon_core.package_identification:_identify(mujoco_sim) by extension 'ignore'
[0.311s] Level 1:colcon.colcon_core.package_identification:_identify(mujoco_sim) by extension 'ignore_ament_install'
[0.311s] Level 1:colcon.colcon_core.package_identification:_identify(mujoco_sim) by extensions ['colcon_pkg']
[0.311s] Level 1:colcon.colcon_core.package_identification:_identify(mujoco_sim) by extension 'colcon_pkg'
[0.311s] Level 1:colcon.colcon_core.package_identification:_identify(mujoco_sim) by extensions ['colcon_meta']
[0.311s] Level 1:colcon.colcon_core.package_identification:_identify(mujoco_sim) by extension 'colcon_meta'
[0.311s] Level 1:colcon.colcon_core.package_identification:_identify(mujoco_sim) by extensions ['ros']
[0.311s] Level 1:colcon.colcon_core.package_identification:_identify(mujoco_sim) by extension 'ros'
[0.312s] DEBUG:colcon.colcon_core.package_identification:Package 'mujoco_sim' with type 'ros.ament_cmake' and name 'mujoco_sim'
[0.312s] Level 1:colcon.colcon_core.package_identification:_identify(qpoases_colcon) by extensions ['ignore', 'ignore_ament_install']
[0.312s] Level 1:colcon.colcon_core.package_identification:_identify(qpoases_colcon) by extension 'ignore'
[0.312s] Level 1:colcon.colcon_core.package_identification:_identify(qpoases_colcon) by extension 'ignore_ament_install'
[0.312s] Level 1:colcon.colcon_core.package_identification:_identify(qpoases_colcon) by extensions ['colcon_pkg']
[0.312s] Level 1:colcon.colcon_core.package_identification:_identify(qpoases_colcon) by extension 'colcon_pkg'
[0.312s] Level 1:colcon.colcon_core.package_identification:_identify(qpoases_colcon) by extensions ['colcon_meta']
[0.312s] Level 1:colcon.colcon_core.package_identification:_identify(qpoases_colcon) by extension 'colcon_meta'
[0.313s] Level 1:colcon.colcon_core.package_identification:_identify(qpoases_colcon) by extensions ['ros']
[0.313s] Level 1:colcon.colcon_core.package_identification:_identify(qpoases_colcon) by extension 'ros'
[0.313s] DEBUG:colcon.colcon_core.package_identification:Package 'qpoases_colcon' with type 'ros.ament_cmake' and name 'qpoases_colcon'
[0.313s] Level 1:colcon.colcon_core.package_discovery:discover_packages(recursive) using defaults
[0.313s] Level 1:colcon.colcon_core.package_discovery:discover_packages(ignore) discover
[0.313s] Level 1:colcon.colcon_core.package_discovery:discover_packages(ignore) using defaults
[0.313s] Level 1:colcon.colcon_core.package_discovery:discover_packages(path) discover
[0.313s] Level 1:colcon.colcon_core.package_discovery:discover_packages(path) using defaults
[0.347s] INFO:colcon.colcon_core.package_selection:Skipping not selected package 'humanoid_common' in 'humanoid_common'
[0.347s] INFO:colcon.colcon_core.package_selection:Skipping not selected package 'humanoid_interface' in 'humanoid_interface'
[0.347s] INFO:colcon.colcon_core.package_selection:Skipping not selected package 'humanoid_legged_description' in 'humanoid-legged-description'
[0.347s] INFO:colcon.colcon_core.package_selection:Skipping not selected package 'mujoco_sim' in 'mujoco_sim'
[0.347s] INFO:colcon.colcon_core.package_selection:Skipping not selected package 'qpoases_colcon' in 'qpoases_colcon'
[0.347s] INFO:colcon.colcon_core.package_selection:Skipping not selected package 'humanoid_dummy' in 'humanoid_dummy'
[0.347s] INFO:colcon.colcon_core.package_selection:Skipping not selected package 'humanoid_estimation' in 'humanoid_estimation'
[0.347s] INFO:colcon.colcon_core.package_selection:Skipping not selected package 'humanoid_controllers' in 'humanoid_controllers'
[0.348s] Level 1:colcon.colcon_core.package_discovery:discover_packages(prefix_path) check parameters
[0.348s] Level 1:colcon.colcon_core.package_discovery:discover_packages(prefix_path) discover
[0.353s] DEBUG:colcon.colcon_installed_package_information.package_discovery:Found 57 installed packages in /home/tom/ocs2_ws/install
[0.355s] DEBUG:colcon.colcon_installed_package_information.package_discovery:Found 280 installed packages in /opt/ros/humble
[0.356s] Level 1:colcon.colcon_core.package_discovery:discover_packages(prefix_path) using defaults
[0.410s] Level 5:colcon.colcon_core.verb:set package 'humanoid_wbc' build argument 'cmake_args' from command line to 'None'
[0.410s] Level 5:colcon.colcon_core.verb:set package 'humanoid_wbc' build argument 'cmake_target' from command line to 'None'
[0.410s] Level 5:colcon.colcon_core.verb:set package 'humanoid_wbc' build argument 'cmake_target_skip_unavailable' from command line to 'False'
[0.410s] Level 5:colcon.colcon_core.verb:set package 'humanoid_wbc' build argument 'cmake_clean_cache' from command line to 'False'
[0.410s] Level 5:colcon.colcon_core.verb:set package 'humanoid_wbc' build argument 'cmake_clean_first' from command line to 'False'
[0.410s] Level 5:colcon.colcon_core.verb:set package 'humanoid_wbc' build argument 'cmake_force_configure' from command line to 'False'
[0.410s] Level 5:colcon.colcon_core.verb:set package 'humanoid_wbc' build argument 'ament_cmake_args' from command line to 'None'
[0.410s] Level 5:colcon.colcon_core.verb:set package 'humanoid_wbc' build argument 'catkin_cmake_args' from command line to 'None'
[0.410s] Level 5:colcon.colcon_core.verb:set package 'humanoid_wbc' build argument 'catkin_skip_building_tests' from command line to 'False'
[0.410s] DEBUG:colcon.colcon_core.verb:Building package 'humanoid_wbc' with the following arguments: {'ament_cmake_args': None, 'build_base': '/home/tom/humanoid_ws/src/humanoid-control/build/humanoid_wbc', 'catkin_cmake_args': None, 'catkin_skip_building_tests': False, 'cmake_args': None, 'cmake_clean_cache': False, 'cmake_clean_first': False, 'cmake_force_configure': False, 'cmake_target': None, 'cmake_target_skip_unavailable': False, 'install_base': '/home/tom/humanoid_ws/src/humanoid-control/install/humanoid_wbc', 'merge_install': False, 'path': '/home/tom/humanoid_ws/src/humanoid-control/humanoid_wbc', 'symlink_install': True, 'test_result_base': None}
[0.410s] INFO:colcon.colcon_core.executor:Executing jobs using 'parallel' executor
[0.412s] DEBUG:colcon.colcon_parallel_executor.executor.parallel:run_until_complete
[0.412s] INFO:colcon.colcon_ros.task.ament_cmake.build:Building ROS package in '/home/tom/humanoid_ws/src/humanoid-control/humanoid_wbc' with build type 'ament_cmake'
[0.412s] INFO:colcon.colcon_cmake.task.cmake.build:Building CMake package in '/home/tom/humanoid_ws/src/humanoid-control/humanoid_wbc'
[0.415s] INFO:colcon.colcon_core.plugin_system:Skipping extension 'colcon_core.shell.bat': Not used on non-Windows systems
[0.416s] INFO:colcon.colcon_core.shell:Skip shell extension 'powershell' for command environment: Not usable outside of PowerShell
[0.416s] DEBUG:colcon.colcon_core.shell:Skip shell extension 'dsv' for command environment
[0.425s] ERROR:colcon.colcon_cmake.task.cmake.build:Failed to find the following files:
- /home/tom/humanoid_ws/src/humanoid-control/install/humanoid_interface/share/humanoid_interface/package.sh
Check that the following packages have been built:
- humanoid_interface
[0.426s] Level 1:colcon.colcon_core.environment:create_environment_scripts_only(humanoid_wbc)
[0.429s] Level 1:colcon.colcon_core.environment:checking '/home/tom/humanoid_ws/src/humanoid-control/install/humanoid_wbc' for CMake module files
[0.430s] Level 1:colcon.colcon_core.environment:checking '/home/tom/humanoid_ws/src/humanoid-control/install/humanoid_wbc' for CMake config files
[0.430s] Level 1:colcon.colcon_core.environment:checking '/home/tom/humanoid_ws/src/humanoid-control/install/humanoid_wbc/bin'
[0.430s] Level 1:colcon.colcon_core.environment:checking '/home/tom/humanoid_ws/src/humanoid-control/install/humanoid_wbc/lib/pkgconfig/humanoid_wbc.pc'
[0.431s] Level 1:colcon.colcon_core.environment:checking '/home/tom/humanoid_ws/src/humanoid-control/install/humanoid_wbc/lib/python3.10/site-packages'
[0.431s] Level 1:colcon.colcon_core.environment:checking '/home/tom/humanoid_ws/src/humanoid-control/install/humanoid_wbc/bin'
[0.432s] INFO:colcon.colcon_core.shell:Creating package script '/home/tom/humanoid_ws/src/humanoid-control/install/humanoid_wbc/share/humanoid_wbc/package.ps1'
[0.433s] INFO:colcon.colcon_core.shell:Creating package descriptor '/home/tom/humanoid_ws/src/humanoid-control/install/humanoid_wbc/share/humanoid_wbc/package.dsv'
[0.434s] INFO:colcon.colcon_core.shell:Creating package script '/home/tom/humanoid_ws/src/humanoid-control/install/humanoid_wbc/share/humanoid_wbc/package.sh'
[0.435s] INFO:colcon.colcon_core.shell:Creating package script '/home/tom/humanoid_ws/src/humanoid-control/install/humanoid_wbc/share/humanoid_wbc/package.bash'
[0.436s] INFO:colcon.colcon_core.shell:Creating package script '/home/tom/humanoid_ws/src/humanoid-control/install/humanoid_wbc/share/humanoid_wbc/package.zsh'
[0.437s] Level 1:colcon.colcon_core.environment:create_file_with_runtime_dependencies(/home/tom/humanoid_ws/src/humanoid-control/install/humanoid_wbc/share/colcon-core/packages/humanoid_wbc)
[0.448s] DEBUG:colcon.colcon_parallel_executor.executor.parallel:closing loop
[0.448s] DEBUG:colcon.colcon_parallel_executor.executor.parallel:loop closed
[0.448s] DEBUG:colcon.colcon_parallel_executor.executor.parallel:run_until_complete finished with '1'
[0.448s] DEBUG:colcon.colcon_core.event_reactor:joining thread
[0.455s] INFO:colcon.colcon_core.plugin_system:Skipping extension 'colcon_notification.desktop_notification.terminal_notifier': Not used on non-Darwin systems
[0.456s] INFO:colcon.colcon_core.plugin_system:Skipping extension 'colcon_notification.desktop_notification.win32': Not used on non-Windows systems
[0.456s] INFO:colcon.colcon_notification.desktop_notification:Sending desktop notification using 'notify2'
[0.463s] DEBUG:colcon.colcon_core.event_reactor:joined thread
[0.464s] INFO:colcon.colcon_core.shell:Creating prefix script '/home/tom/humanoid_ws/src/humanoid-control/install/local_setup.ps1'
[0.465s] INFO:colcon.colcon_core.shell:Creating prefix util module '/home/tom/humanoid_ws/src/humanoid-control/install/_local_setup_util_ps1.py'
[0.467s] INFO:colcon.colcon_core.shell:Creating prefix chain script '/home/tom/humanoid_ws/src/humanoid-control/install/setup.ps1'
[0.471s] INFO:colcon.colcon_core.shell:Creating prefix script '/home/tom/humanoid_ws/src/humanoid-control/install/local_setup.sh'
[0.472s] INFO:colcon.colcon_core.shell:Creating prefix util module '/home/tom/humanoid_ws/src/humanoid-control/install/_local_setup_util_sh.py'
[0.472s] INFO:colcon.colcon_core.shell:Creating prefix chain script '/home/tom/humanoid_ws/src/humanoid-control/install/setup.sh'
[0.478s] INFO:colcon.colcon_core.shell:Creating prefix script '/home/tom/humanoid_ws/src/humanoid-control/install/local_setup.bash'
[0.479s] INFO:colcon.colcon_core.shell:Creating prefix chain script '/home/tom/humanoid_ws/src/humanoid-control/install/setup.bash'
[0.485s] INFO:colcon.colcon_core.shell:Creating prefix script '/home/tom/humanoid_ws/src/humanoid-control/install/local_setup.zsh'
[0.486s] INFO:colcon.colcon_core.shell:Creating prefix chain script '/home/tom/humanoid_ws/src/humanoid-control/install/setup.zsh'
