[0.120s] DEBUG:colcon:Command line arguments: ['/usr/bin/colcon', 'build', '--packages-select', 'humanoid_interface', 'humanoid_wbc', '--symlink-install']
[0.120s] DEBUG:colcon:Parsed command line arguments: Namespace(log_base=None, log_level=None, verb_name='build', build_base='build', install_base='install', merge_install=False, symlink_install=True, test_result_base=None, continue_on_error=False, executor='parallel', parallel_workers=12, event_handlers=None, ignore_user_meta=False, metas=['./colcon.meta'], base_paths=['.'], packages_ignore=None, packages_ignore_regex=None, paths=None, packages_up_to=None, packages_up_to_regex=None, packages_above=None, packages_above_and_dependencies=None, packages_above_depth=None, packages_select_by_dep=None, packages_skip_by_dep=None, packages_skip_up_to=None, packages_select_build_failed=False, packages_skip_build_finished=False, packages_select_test_failures=False, packages_skip_test_passed=False, packages_select=['humanoid_interface', 'humanoid_wbc'], packages_skip=None, packages_select_regex=None, packages_skip_regex=None, packages_start=None, packages_end=None, allow_overriding=[], cmake_args=None, cmake_target=None, cmake_target_skip_unavailable=False, cmake_clean_cache=False, cmake_clean_first=False, cmake_force_configure=False, ament_cmake_args=None, catkin_cmake_args=None, catkin_skip_building_tests=False, verb_parser=<colcon_defaults.argument_parser.defaults.DefaultArgumentsDecorator object at 0x7cf322c54790>, verb_extension=<colcon_core.verb.build.BuildVerb object at 0x7cf322c540d0>, main=<bound method BuildVerb.main of <colcon_core.verb.build.BuildVerb object at 0x7cf322c540d0>>)
[0.289s] Level 1:colcon.colcon_core.package_discovery:discover_packages(colcon_meta) check parameters
[0.289s] Level 1:colcon.colcon_core.package_discovery:discover_packages(recursive) check parameters
[0.289s] Level 1:colcon.colcon_core.package_discovery:discover_packages(ignore) check parameters
[0.289s] Level 1:colcon.colcon_core.package_discovery:discover_packages(path) check parameters
[0.289s] Level 1:colcon.colcon_core.package_discovery:discover_packages(colcon_meta) discover
[0.289s] Level 1:colcon.colcon_core.package_discovery:discover_packages(recursive) discover
[0.289s] INFO:colcon.colcon_core.package_discovery:Crawling recursively for packages in '/home/tom/humanoid_ws/src/humanoid-control'
[0.289s] Level 1:colcon.colcon_core.package_identification:_identify(.) by extensions ['ignore', 'ignore_ament_install']
[0.289s] Level 1:colcon.colcon_core.package_identification:_identify(.) by extension 'ignore'
[0.289s] Level 1:colcon.colcon_core.package_identification:_identify(.) by extension 'ignore_ament_install'
[0.290s] Level 1:colcon.colcon_core.package_identification:_identify(.) by extensions ['colcon_pkg']
[0.290s] Level 1:colcon.colcon_core.package_identification:_identify(.) by extension 'colcon_pkg'
[0.290s] Level 1:colcon.colcon_core.package_identification:_identify(.) by extensions ['colcon_meta']
[0.290s] Level 1:colcon.colcon_core.package_identification:_identify(.) by extension 'colcon_meta'
[0.290s] Level 1:colcon.colcon_core.package_identification:_identify(.) by extensions ['ros']
[0.290s] Level 1:colcon.colcon_core.package_identification:_identify(.) by extension 'ros'
[0.300s] Level 1:colcon.colcon_core.package_identification:_identify(.) by extensions ['cmake', 'python']
[0.301s] Level 1:colcon.colcon_core.package_identification:_identify(.) by extension 'cmake'
[0.301s] Level 1:colcon.colcon_core.package_identification:_identify(.) by extension 'python'
[0.301s] Level 1:colcon.colcon_core.package_identification:_identify(.) by extensions ['python_setup_py']
[0.301s] Level 1:colcon.colcon_core.package_identification:_identify(.) by extension 'python_setup_py'
[0.301s] Level 1:colcon.colcon_core.package_identification:_identify(README.assets) by extensions ['ignore', 'ignore_ament_install']
[0.301s] Level 1:colcon.colcon_core.package_identification:_identify(README.assets) by extension 'ignore'
[0.301s] Level 1:colcon.colcon_core.package_identification:_identify(README.assets) by extension 'ignore_ament_install'
[0.301s] Level 1:colcon.colcon_core.package_identification:_identify(README.assets) by extensions ['colcon_pkg']
[0.301s] Level 1:colcon.colcon_core.package_identification:_identify(README.assets) by extension 'colcon_pkg'
[0.301s] Level 1:colcon.colcon_core.package_identification:_identify(README.assets) by extensions ['colcon_meta']
[0.301s] Level 1:colcon.colcon_core.package_identification:_identify(README.assets) by extension 'colcon_meta'
[0.301s] Level 1:colcon.colcon_core.package_identification:_identify(README.assets) by extensions ['ros']
[0.301s] Level 1:colcon.colcon_core.package_identification:_identify(README.assets) by extension 'ros'
[0.301s] Level 1:colcon.colcon_core.package_identification:_identify(README.assets) by extensions ['cmake', 'python']
[0.302s] Level 1:colcon.colcon_core.package_identification:_identify(README.assets) by extension 'cmake'
[0.302s] Level 1:colcon.colcon_core.package_identification:_identify(README.assets) by extension 'python'
[0.302s] Level 1:colcon.colcon_core.package_identification:_identify(README.assets) by extensions ['python_setup_py']
[0.302s] Level 1:colcon.colcon_core.package_identification:_identify(README.assets) by extension 'python_setup_py'
[0.302s] Level 1:colcon.colcon_core.package_identification:_identify(build) by extensions ['ignore', 'ignore_ament_install']
[0.302s] Level 1:colcon.colcon_core.package_identification:_identify(build) by extension 'ignore'
[0.302s] Level 1:colcon.colcon_core.package_identification:_identify(build) ignored
[0.302s] Level 1:colcon.colcon_core.package_identification:_identify(humanoid-legged-description) by extensions ['ignore', 'ignore_ament_install']
[0.302s] Level 1:colcon.colcon_core.package_identification:_identify(humanoid-legged-description) by extension 'ignore'
[0.302s] Level 1:colcon.colcon_core.package_identification:_identify(humanoid-legged-description) by extension 'ignore_ament_install'
[0.302s] Level 1:colcon.colcon_core.package_identification:_identify(humanoid-legged-description) by extensions ['colcon_pkg']
[0.302s] Level 1:colcon.colcon_core.package_identification:_identify(humanoid-legged-description) by extension 'colcon_pkg'
[0.302s] Level 1:colcon.colcon_core.package_identification:_identify(humanoid-legged-description) by extensions ['colcon_meta']
[0.302s] Level 1:colcon.colcon_core.package_identification:_identify(humanoid-legged-description) by extension 'colcon_meta'
[0.302s] Level 1:colcon.colcon_core.package_identification:_identify(humanoid-legged-description) by extensions ['ros']
[0.302s] Level 1:colcon.colcon_core.package_identification:_identify(humanoid-legged-description) by extension 'ros'
[0.305s] DEBUG:colcon.colcon_core.package_identification:Package 'humanoid-legged-description' with type 'ros.ament_cmake' and name 'humanoid_legged_description'
[0.305s] Level 1:colcon.colcon_core.package_identification:_identify(humanoid_common) by extensions ['ignore', 'ignore_ament_install']
[0.305s] Level 1:colcon.colcon_core.package_identification:_identify(humanoid_common) by extension 'ignore'
[0.305s] Level 1:colcon.colcon_core.package_identification:_identify(humanoid_common) by extension 'ignore_ament_install'
[0.305s] Level 1:colcon.colcon_core.package_identification:_identify(humanoid_common) by extensions ['colcon_pkg']
[0.305s] Level 1:colcon.colcon_core.package_identification:_identify(humanoid_common) by extension 'colcon_pkg'
[0.305s] Level 1:colcon.colcon_core.package_identification:_identify(humanoid_common) by extensions ['colcon_meta']
[0.305s] Level 1:colcon.colcon_core.package_identification:_identify(humanoid_common) by extension 'colcon_meta'
[0.305s] Level 1:colcon.colcon_core.package_identification:_identify(humanoid_common) by extensions ['ros']
[0.305s] Level 1:colcon.colcon_core.package_identification:_identify(humanoid_common) by extension 'ros'
[0.306s] DEBUG:colcon.colcon_core.package_identification:Package 'humanoid_common' with type 'ros.ament_cmake' and name 'humanoid_common'
[0.306s] Level 1:colcon.colcon_core.package_identification:_identify(humanoid_controllers) by extensions ['ignore', 'ignore_ament_install']
[0.306s] Level 1:colcon.colcon_core.package_identification:_identify(humanoid_controllers) by extension 'ignore'
[0.306s] Level 1:colcon.colcon_core.package_identification:_identify(humanoid_controllers) by extension 'ignore_ament_install'
[0.306s] Level 1:colcon.colcon_core.package_identification:_identify(humanoid_controllers) by extensions ['colcon_pkg']
[0.306s] Level 1:colcon.colcon_core.package_identification:_identify(humanoid_controllers) by extension 'colcon_pkg'
[0.306s] Level 1:colcon.colcon_core.package_identification:_identify(humanoid_controllers) by extensions ['colcon_meta']
[0.306s] Level 1:colcon.colcon_core.package_identification:_identify(humanoid_controllers) by extension 'colcon_meta'
[0.306s] Level 1:colcon.colcon_core.package_identification:_identify(humanoid_controllers) by extensions ['ros']
[0.306s] Level 1:colcon.colcon_core.package_identification:_identify(humanoid_controllers) by extension 'ros'
[0.308s] DEBUG:colcon.colcon_core.package_identification:Package 'humanoid_controllers' with type 'ros.ament_cmake' and name 'humanoid_controllers'
[0.308s] Level 1:colcon.colcon_core.package_identification:_identify(humanoid_dummy) by extensions ['ignore', 'ignore_ament_install']
[0.308s] Level 1:colcon.colcon_core.package_identification:_identify(humanoid_dummy) by extension 'ignore'
[0.308s] Level 1:colcon.colcon_core.package_identification:_identify(humanoid_dummy) by extension 'ignore_ament_install'
[0.308s] Level 1:colcon.colcon_core.package_identification:_identify(humanoid_dummy) by extensions ['colcon_pkg']
[0.308s] Level 1:colcon.colcon_core.package_identification:_identify(humanoid_dummy) by extension 'colcon_pkg'
[0.308s] Level 1:colcon.colcon_core.package_identification:_identify(humanoid_dummy) by extensions ['colcon_meta']
[0.308s] Level 1:colcon.colcon_core.package_identification:_identify(humanoid_dummy) by extension 'colcon_meta'
[0.308s] Level 1:colcon.colcon_core.package_identification:_identify(humanoid_dummy) by extensions ['ros']
[0.308s] Level 1:colcon.colcon_core.package_identification:_identify(humanoid_dummy) by extension 'ros'
[0.310s] DEBUG:colcon.colcon_core.package_identification:Package 'humanoid_dummy' with type 'ros.ament_cmake' and name 'humanoid_dummy'
[0.311s] Level 1:colcon.colcon_core.package_identification:_identify(humanoid_estimation) by extensions ['ignore', 'ignore_ament_install']
[0.311s] Level 1:colcon.colcon_core.package_identification:_identify(humanoid_estimation) by extension 'ignore'
[0.311s] Level 1:colcon.colcon_core.package_identification:_identify(humanoid_estimation) by extension 'ignore_ament_install'
[0.311s] Level 1:colcon.colcon_core.package_identification:_identify(humanoid_estimation) by extensions ['colcon_pkg']
[0.311s] Level 1:colcon.colcon_core.package_identification:_identify(humanoid_estimation) by extension 'colcon_pkg'
[0.311s] Level 1:colcon.colcon_core.package_identification:_identify(humanoid_estimation) by extensions ['colcon_meta']
[0.311s] Level 1:colcon.colcon_core.package_identification:_identify(humanoid_estimation) by extension 'colcon_meta'
[0.311s] Level 1:colcon.colcon_core.package_identification:_identify(humanoid_estimation) by extensions ['ros']
[0.311s] Level 1:colcon.colcon_core.package_identification:_identify(humanoid_estimation) by extension 'ros'
[0.312s] DEBUG:colcon.colcon_core.package_identification:Package 'humanoid_estimation' with type 'ros.ament_cmake' and name 'humanoid_estimation'
[0.312s] Level 1:colcon.colcon_core.package_identification:_identify(humanoid_interface) by extensions ['ignore', 'ignore_ament_install']
[0.312s] Level 1:colcon.colcon_core.package_identification:_identify(humanoid_interface) by extension 'ignore'
[0.312s] Level 1:colcon.colcon_core.package_identification:_identify(humanoid_interface) by extension 'ignore_ament_install'
[0.312s] Level 1:colcon.colcon_core.package_identification:_identify(humanoid_interface) by extensions ['colcon_pkg']
[0.312s] Level 1:colcon.colcon_core.package_identification:_identify(humanoid_interface) by extension 'colcon_pkg'
[0.312s] Level 1:colcon.colcon_core.package_identification:_identify(humanoid_interface) by extensions ['colcon_meta']
[0.312s] Level 1:colcon.colcon_core.package_identification:_identify(humanoid_interface) by extension 'colcon_meta'
[0.312s] Level 1:colcon.colcon_core.package_identification:_identify(humanoid_interface) by extensions ['ros']
[0.313s] Level 1:colcon.colcon_core.package_identification:_identify(humanoid_interface) by extension 'ros'
[0.314s] DEBUG:colcon.colcon_core.package_identification:Package 'humanoid_interface' with type 'ros.ament_cmake' and name 'humanoid_interface'
[0.314s] Level 1:colcon.colcon_core.package_identification:_identify(humanoid_wbc) by extensions ['ignore', 'ignore_ament_install']
[0.314s] Level 1:colcon.colcon_core.package_identification:_identify(humanoid_wbc) by extension 'ignore'
[0.314s] Level 1:colcon.colcon_core.package_identification:_identify(humanoid_wbc) by extension 'ignore_ament_install'
[0.314s] Level 1:colcon.colcon_core.package_identification:_identify(humanoid_wbc) by extensions ['colcon_pkg']
[0.314s] Level 1:colcon.colcon_core.package_identification:_identify(humanoid_wbc) by extension 'colcon_pkg'
[0.314s] Level 1:colcon.colcon_core.package_identification:_identify(humanoid_wbc) by extensions ['colcon_meta']
[0.314s] Level 1:colcon.colcon_core.package_identification:_identify(humanoid_wbc) by extension 'colcon_meta'
[0.314s] Level 1:colcon.colcon_core.package_identification:_identify(humanoid_wbc) by extensions ['ros']
[0.314s] Level 1:colcon.colcon_core.package_identification:_identify(humanoid_wbc) by extension 'ros'
[0.315s] DEBUG:colcon.colcon_core.package_identification:Package 'humanoid_wbc' with type 'ros.ament_cmake' and name 'humanoid_wbc'
[0.315s] Level 1:colcon.colcon_core.package_identification:_identify(install) by extensions ['ignore', 'ignore_ament_install']
[0.315s] Level 1:colcon.colcon_core.package_identification:_identify(install) by extension 'ignore'
[0.315s] Level 1:colcon.colcon_core.package_identification:_identify(install) ignored
[0.315s] Level 1:colcon.colcon_core.package_identification:_identify(log) by extensions ['ignore', 'ignore_ament_install']
[0.315s] Level 1:colcon.colcon_core.package_identification:_identify(log) by extension 'ignore'
[0.315s] Level 1:colcon.colcon_core.package_identification:_identify(log) ignored
[0.315s] Level 1:colcon.colcon_core.package_identification:_identify(mujoco_sim) by extensions ['ignore', 'ignore_ament_install']
[0.315s] Level 1:colcon.colcon_core.package_identification:_identify(mujoco_sim) by extension 'ignore'
[0.315s] Level 1:colcon.colcon_core.package_identification:_identify(mujoco_sim) by extension 'ignore_ament_install'
[0.315s] Level 1:colcon.colcon_core.package_identification:_identify(mujoco_sim) by extensions ['colcon_pkg']
[0.316s] Level 1:colcon.colcon_core.package_identification:_identify(mujoco_sim) by extension 'colcon_pkg'
[0.316s] Level 1:colcon.colcon_core.package_identification:_identify(mujoco_sim) by extensions ['colcon_meta']
[0.316s] Level 1:colcon.colcon_core.package_identification:_identify(mujoco_sim) by extension 'colcon_meta'
[0.316s] Level 1:colcon.colcon_core.package_identification:_identify(mujoco_sim) by extensions ['ros']
[0.316s] Level 1:colcon.colcon_core.package_identification:_identify(mujoco_sim) by extension 'ros'
[0.316s] DEBUG:colcon.colcon_core.package_identification:Package 'mujoco_sim' with type 'ros.ament_cmake' and name 'mujoco_sim'
[0.316s] Level 1:colcon.colcon_core.package_identification:_identify(qpoases_colcon) by extensions ['ignore', 'ignore_ament_install']
[0.316s] Level 1:colcon.colcon_core.package_identification:_identify(qpoases_colcon) by extension 'ignore'
[0.317s] Level 1:colcon.colcon_core.package_identification:_identify(qpoases_colcon) by extension 'ignore_ament_install'
[0.317s] Level 1:colcon.colcon_core.package_identification:_identify(qpoases_colcon) by extensions ['colcon_pkg']
[0.317s] Level 1:colcon.colcon_core.package_identification:_identify(qpoases_colcon) by extension 'colcon_pkg'
[0.317s] Level 1:colcon.colcon_core.package_identification:_identify(qpoases_colcon) by extensions ['colcon_meta']
[0.317s] Level 1:colcon.colcon_core.package_identification:_identify(qpoases_colcon) by extension 'colcon_meta'
[0.317s] Level 1:colcon.colcon_core.package_identification:_identify(qpoases_colcon) by extensions ['ros']
[0.317s] Level 1:colcon.colcon_core.package_identification:_identify(qpoases_colcon) by extension 'ros'
[0.317s] DEBUG:colcon.colcon_core.package_identification:Package 'qpoases_colcon' with type 'ros.ament_cmake' and name 'qpoases_colcon'
[0.317s] Level 1:colcon.colcon_core.package_discovery:discover_packages(recursive) using defaults
[0.317s] Level 1:colcon.colcon_core.package_discovery:discover_packages(ignore) discover
[0.317s] Level 1:colcon.colcon_core.package_discovery:discover_packages(ignore) using defaults
[0.317s] Level 1:colcon.colcon_core.package_discovery:discover_packages(path) discover
[0.317s] Level 1:colcon.colcon_core.package_discovery:discover_packages(path) using defaults
[0.345s] INFO:colcon.colcon_core.package_selection:Skipping not selected package 'humanoid_common' in 'humanoid_common'
[0.345s] INFO:colcon.colcon_core.package_selection:Skipping not selected package 'humanoid_legged_description' in 'humanoid-legged-description'
[0.345s] INFO:colcon.colcon_core.package_selection:Skipping not selected package 'mujoco_sim' in 'mujoco_sim'
[0.345s] INFO:colcon.colcon_core.package_selection:Skipping not selected package 'qpoases_colcon' in 'qpoases_colcon'
[0.345s] INFO:colcon.colcon_core.package_selection:Skipping not selected package 'humanoid_dummy' in 'humanoid_dummy'
[0.345s] INFO:colcon.colcon_core.package_selection:Skipping not selected package 'humanoid_estimation' in 'humanoid_estimation'
[0.345s] INFO:colcon.colcon_core.package_selection:Skipping not selected package 'humanoid_controllers' in 'humanoid_controllers'
[0.345s] Level 1:colcon.colcon_core.package_discovery:discover_packages(prefix_path) check parameters
[0.346s] Level 1:colcon.colcon_core.package_discovery:discover_packages(prefix_path) discover
[0.351s] DEBUG:colcon.colcon_installed_package_information.package_discovery:Found 57 installed packages in /home/tom/ocs2_ws/install
[0.353s] DEBUG:colcon.colcon_installed_package_information.package_discovery:Found 280 installed packages in /opt/ros/humble
[0.354s] Level 1:colcon.colcon_core.package_discovery:discover_packages(prefix_path) using defaults
[0.395s] Level 5:colcon.colcon_core.verb:set package 'humanoid_interface' build argument 'cmake_args' from command line to 'None'
[0.395s] Level 5:colcon.colcon_core.verb:set package 'humanoid_interface' build argument 'cmake_target' from command line to 'None'
[0.395s] Level 5:colcon.colcon_core.verb:set package 'humanoid_interface' build argument 'cmake_target_skip_unavailable' from command line to 'False'
[0.396s] Level 5:colcon.colcon_core.verb:set package 'humanoid_interface' build argument 'cmake_clean_cache' from command line to 'False'
[0.396s] Level 5:colcon.colcon_core.verb:set package 'humanoid_interface' build argument 'cmake_clean_first' from command line to 'False'
[0.396s] Level 5:colcon.colcon_core.verb:set package 'humanoid_interface' build argument 'cmake_force_configure' from command line to 'False'
[0.396s] Level 5:colcon.colcon_core.verb:set package 'humanoid_interface' build argument 'ament_cmake_args' from command line to 'None'
[0.396s] Level 5:colcon.colcon_core.verb:set package 'humanoid_interface' build argument 'catkin_cmake_args' from command line to 'None'
[0.396s] Level 5:colcon.colcon_core.verb:set package 'humanoid_interface' build argument 'catkin_skip_building_tests' from command line to 'False'
[0.396s] DEBUG:colcon.colcon_core.verb:Building package 'humanoid_interface' with the following arguments: {'ament_cmake_args': None, 'build_base': '/home/tom/humanoid_ws/src/humanoid-control/build/humanoid_interface', 'catkin_cmake_args': None, 'catkin_skip_building_tests': False, 'cmake_args': None, 'cmake_clean_cache': False, 'cmake_clean_first': False, 'cmake_force_configure': False, 'cmake_target': None, 'cmake_target_skip_unavailable': False, 'install_base': '/home/tom/humanoid_ws/src/humanoid-control/install/humanoid_interface', 'merge_install': False, 'path': '/home/tom/humanoid_ws/src/humanoid-control/humanoid_interface', 'symlink_install': True, 'test_result_base': None}
[0.396s] Level 5:colcon.colcon_core.verb:set package 'humanoid_wbc' build argument 'cmake_args' from command line to 'None'
[0.396s] Level 5:colcon.colcon_core.verb:set package 'humanoid_wbc' build argument 'cmake_target' from command line to 'None'
[0.396s] Level 5:colcon.colcon_core.verb:set package 'humanoid_wbc' build argument 'cmake_target_skip_unavailable' from command line to 'False'
[0.396s] Level 5:colcon.colcon_core.verb:set package 'humanoid_wbc' build argument 'cmake_clean_cache' from command line to 'False'
[0.396s] Level 5:colcon.colcon_core.verb:set package 'humanoid_wbc' build argument 'cmake_clean_first' from command line to 'False'
[0.396s] Level 5:colcon.colcon_core.verb:set package 'humanoid_wbc' build argument 'cmake_force_configure' from command line to 'False'
[0.396s] Level 5:colcon.colcon_core.verb:set package 'humanoid_wbc' build argument 'ament_cmake_args' from command line to 'None'
[0.396s] Level 5:colcon.colcon_core.verb:set package 'humanoid_wbc' build argument 'catkin_cmake_args' from command line to 'None'
[0.396s] Level 5:colcon.colcon_core.verb:set package 'humanoid_wbc' build argument 'catkin_skip_building_tests' from command line to 'False'
[0.396s] DEBUG:colcon.colcon_core.verb:Building package 'humanoid_wbc' with the following arguments: {'ament_cmake_args': None, 'build_base': '/home/tom/humanoid_ws/src/humanoid-control/build/humanoid_wbc', 'catkin_cmake_args': None, 'catkin_skip_building_tests': False, 'cmake_args': None, 'cmake_clean_cache': False, 'cmake_clean_first': False, 'cmake_force_configure': False, 'cmake_target': None, 'cmake_target_skip_unavailable': False, 'install_base': '/home/tom/humanoid_ws/src/humanoid-control/install/humanoid_wbc', 'merge_install': False, 'path': '/home/tom/humanoid_ws/src/humanoid-control/humanoid_wbc', 'symlink_install': True, 'test_result_base': None}
[0.396s] INFO:colcon.colcon_core.executor:Executing jobs using 'parallel' executor
[0.398s] DEBUG:colcon.colcon_parallel_executor.executor.parallel:run_until_complete
[0.398s] INFO:colcon.colcon_ros.task.ament_cmake.build:Building ROS package in '/home/tom/humanoid_ws/src/humanoid-control/humanoid_interface' with build type 'ament_cmake'
[0.398s] INFO:colcon.colcon_cmake.task.cmake.build:Building CMake package in '/home/tom/humanoid_ws/src/humanoid-control/humanoid_interface'
[0.400s] INFO:colcon.colcon_core.plugin_system:Skipping extension 'colcon_core.shell.bat': Not used on non-Windows systems
[0.400s] INFO:colcon.colcon_core.shell:Skip shell extension 'powershell' for command environment: Not usable outside of PowerShell
[0.400s] DEBUG:colcon.colcon_core.shell:Skip shell extension 'dsv' for command environment
[0.416s] DEBUG:colcon.colcon_core.event_handler.log_command:Invoking command in '/home/tom/humanoid_ws/src/humanoid-control/build/humanoid_interface': CMAKE_PREFIX_PATH=/home/tom/ocs2_ws/install/ocs2_ros2:/home/tom/ocs2_ws/install/ocs2_robotic_examples:/home/tom/ocs2_ws/install/ocs2_anymal:/home/tom/ocs2_ws/install/ocs2_anymal_loopshaping_mpc:/home/tom/ocs2_ws/install/ocs2_quadruped_loopshaping_interface:/home/tom/ocs2_ws/install/ocs2_anymal_mpc:/home/tom/ocs2_ws/install/ocs2_quadruped_interface:/home/tom/ocs2_ws/install/segmented_planes_terrain_model:/home/tom/ocs2_ws/install/ocs2_sphere_approximation:/home/tom/ocs2_ws/install/ocs2_pinocchio:/home/tom/ocs2_ws/install/ocs2_mobile_manipulator_ros:/home/tom/ocs2_ws/install/ocs2_self_collision_visualization:/home/tom/ocs2_ws/install/ocs2_mobile_manipulator:/home/tom/ocs2_ws/install/ocs2_self_collision:/home/tom/ocs2_ws/install/ocs2_legged_robot_ros:/home/tom/ocs2_ws/install/ocs2_legged_robot:/home/tom/ocs2_ws/install/ocs2_centroidal_model:/home/tom/ocs2_ws/install/ocs2_anymal_models:/home/tom/ocs2_ws/install/ocs2_pinocchio_interface:/home/tom/ocs2_ws/install/pinocchio:/home/tom/ocs2_ws/install/ocs2_anymal_commands:/home/tom/ocs2_ws/install/ocs2_switched_model_interface:/home/tom/ocs2_ws/install/ocs2_ballbot_ros:/home/tom/ocs2_ws/install/ocs2_ballbot:/home/tom/ocs2_ws/install/ocs2_sqp:/home/tom/ocs2_ws/install/ocs2_slp:/home/tom/ocs2_ws/install/ocs2_quadrotor_ros:/home/tom/ocs2_ws/install/ocs2_double_integrator_ros:/home/tom/ocs2_ws/install/ocs2_cartpole_ros:/home/tom/ocs2_ws/install/ocs2_ros_interfaces:/home/tom/ocs2_ws/install/ocs2_quadrotor:/home/tom/ocs2_ws/install/ocs2_double_integrator:/home/tom/ocs2_ws/install/ocs2_python_interface:/home/tom/ocs2_ws/install/ocs2_perceptive:/home/tom/ocs2_ws/install/ocs2_cartpole:/home/tom/ocs2_ws/install/ocs2_robotic_tools:/home/tom/ocs2_ws/install/ocs2_ocs2:/home/tom/ocs2_ws/install/ocs2_ipm:/home/tom/ocs2_ws/install/ocs2_ddp:/home/tom/ocs2_ws/install/hpipm_catkin:/home/tom/ocs2_ws/install/ocs2_qp_solver:/home/tom/ocs2_ws/install/ocs2_mpc:/home/tom/ocs2_ws/install/ocs2_oc:/home/tom/ocs2_ws/install/ocs2_frank_wolfe:/home/tom/ocs2_ws/install/ocs2_core:/home/tom/ocs2_ws/install/ocs2_thirdparty:/home/tom/ocs2_ws/install/ocs2_switched_model_msgs:/home/tom/ocs2_ws/install/ocs2_robotic_assets:/home/tom/ocs2_ws/install/ocs2_msgs:/home/tom/ocs2_ws/install/hpp-fcl:/home/tom/ocs2_ws/install/convex_plane_decomposition_ros:/home/tom/ocs2_ws/install/convex_plane_decomposition:/opt/ros/humble:/home/tom/ocs2_ws/install/grid_map_filters_rsl:/home/tom/ocs2_ws/install/convex_plane_decomposition_msgs:/home/tom/ocs2_ws/install/cgal5_catkin:/home/tom/ocs2_ws/install/blasfeo_catkin /usr/bin/cmake /home/tom/humanoid_ws/src/humanoid-control/humanoid_interface -DAMENT_CMAKE_SYMLINK_INSTALL=1 -DCMAKE_INSTALL_PREFIX=/home/tom/humanoid_ws/src/humanoid-control/install/humanoid_interface
[7.377s] DEBUG:colcon.colcon_core.event_handler.log_command:Invoked command in '/home/tom/humanoid_ws/src/humanoid-control/build/humanoid_interface' returned '0': CMAKE_PREFIX_PATH=/home/tom/ocs2_ws/install/ocs2_ros2:/home/tom/ocs2_ws/install/ocs2_robotic_examples:/home/tom/ocs2_ws/install/ocs2_anymal:/home/tom/ocs2_ws/install/ocs2_anymal_loopshaping_mpc:/home/tom/ocs2_ws/install/ocs2_quadruped_loopshaping_interface:/home/tom/ocs2_ws/install/ocs2_anymal_mpc:/home/tom/ocs2_ws/install/ocs2_quadruped_interface:/home/tom/ocs2_ws/install/segmented_planes_terrain_model:/home/tom/ocs2_ws/install/ocs2_sphere_approximation:/home/tom/ocs2_ws/install/ocs2_pinocchio:/home/tom/ocs2_ws/install/ocs2_mobile_manipulator_ros:/home/tom/ocs2_ws/install/ocs2_self_collision_visualization:/home/tom/ocs2_ws/install/ocs2_mobile_manipulator:/home/tom/ocs2_ws/install/ocs2_self_collision:/home/tom/ocs2_ws/install/ocs2_legged_robot_ros:/home/tom/ocs2_ws/install/ocs2_legged_robot:/home/tom/ocs2_ws/install/ocs2_centroidal_model:/home/tom/ocs2_ws/install/ocs2_anymal_models:/home/tom/ocs2_ws/install/ocs2_pinocchio_interface:/home/tom/ocs2_ws/install/pinocchio:/home/tom/ocs2_ws/install/ocs2_anymal_commands:/home/tom/ocs2_ws/install/ocs2_switched_model_interface:/home/tom/ocs2_ws/install/ocs2_ballbot_ros:/home/tom/ocs2_ws/install/ocs2_ballbot:/home/tom/ocs2_ws/install/ocs2_sqp:/home/tom/ocs2_ws/install/ocs2_slp:/home/tom/ocs2_ws/install/ocs2_quadrotor_ros:/home/tom/ocs2_ws/install/ocs2_double_integrator_ros:/home/tom/ocs2_ws/install/ocs2_cartpole_ros:/home/tom/ocs2_ws/install/ocs2_ros_interfaces:/home/tom/ocs2_ws/install/ocs2_quadrotor:/home/tom/ocs2_ws/install/ocs2_double_integrator:/home/tom/ocs2_ws/install/ocs2_python_interface:/home/tom/ocs2_ws/install/ocs2_perceptive:/home/tom/ocs2_ws/install/ocs2_cartpole:/home/tom/ocs2_ws/install/ocs2_robotic_tools:/home/tom/ocs2_ws/install/ocs2_ocs2:/home/tom/ocs2_ws/install/ocs2_ipm:/home/tom/ocs2_ws/install/ocs2_ddp:/home/tom/ocs2_ws/install/hpipm_catkin:/home/tom/ocs2_ws/install/ocs2_qp_solver:/home/tom/ocs2_ws/install/ocs2_mpc:/home/tom/ocs2_ws/install/ocs2_oc:/home/tom/ocs2_ws/install/ocs2_frank_wolfe:/home/tom/ocs2_ws/install/ocs2_core:/home/tom/ocs2_ws/install/ocs2_thirdparty:/home/tom/ocs2_ws/install/ocs2_switched_model_msgs:/home/tom/ocs2_ws/install/ocs2_robotic_assets:/home/tom/ocs2_ws/install/ocs2_msgs:/home/tom/ocs2_ws/install/hpp-fcl:/home/tom/ocs2_ws/install/convex_plane_decomposition_ros:/home/tom/ocs2_ws/install/convex_plane_decomposition:/opt/ros/humble:/home/tom/ocs2_ws/install/grid_map_filters_rsl:/home/tom/ocs2_ws/install/convex_plane_decomposition_msgs:/home/tom/ocs2_ws/install/cgal5_catkin:/home/tom/ocs2_ws/install/blasfeo_catkin /usr/bin/cmake /home/tom/humanoid_ws/src/humanoid-control/humanoid_interface -DAMENT_CMAKE_SYMLINK_INSTALL=1 -DCMAKE_INSTALL_PREFIX=/home/tom/humanoid_ws/src/humanoid-control/install/humanoid_interface
[7.390s] DEBUG:colcon.colcon_core.event_handler.log_command:Invoking command in '/home/tom/humanoid_ws/src/humanoid-control/build/humanoid_interface': CMAKE_PREFIX_PATH=/home/tom/ocs2_ws/install/ocs2_ros2:/home/tom/ocs2_ws/install/ocs2_robotic_examples:/home/tom/ocs2_ws/install/ocs2_anymal:/home/tom/ocs2_ws/install/ocs2_anymal_loopshaping_mpc:/home/tom/ocs2_ws/install/ocs2_quadruped_loopshaping_interface:/home/tom/ocs2_ws/install/ocs2_anymal_mpc:/home/tom/ocs2_ws/install/ocs2_quadruped_interface:/home/tom/ocs2_ws/install/segmented_planes_terrain_model:/home/tom/ocs2_ws/install/ocs2_sphere_approximation:/home/tom/ocs2_ws/install/ocs2_pinocchio:/home/tom/ocs2_ws/install/ocs2_mobile_manipulator_ros:/home/tom/ocs2_ws/install/ocs2_self_collision_visualization:/home/tom/ocs2_ws/install/ocs2_mobile_manipulator:/home/tom/ocs2_ws/install/ocs2_self_collision:/home/tom/ocs2_ws/install/ocs2_legged_robot_ros:/home/tom/ocs2_ws/install/ocs2_legged_robot:/home/tom/ocs2_ws/install/ocs2_centroidal_model:/home/tom/ocs2_ws/install/ocs2_anymal_models:/home/tom/ocs2_ws/install/ocs2_pinocchio_interface:/home/tom/ocs2_ws/install/pinocchio:/home/tom/ocs2_ws/install/ocs2_anymal_commands:/home/tom/ocs2_ws/install/ocs2_switched_model_interface:/home/tom/ocs2_ws/install/ocs2_ballbot_ros:/home/tom/ocs2_ws/install/ocs2_ballbot:/home/tom/ocs2_ws/install/ocs2_sqp:/home/tom/ocs2_ws/install/ocs2_slp:/home/tom/ocs2_ws/install/ocs2_quadrotor_ros:/home/tom/ocs2_ws/install/ocs2_double_integrator_ros:/home/tom/ocs2_ws/install/ocs2_cartpole_ros:/home/tom/ocs2_ws/install/ocs2_ros_interfaces:/home/tom/ocs2_ws/install/ocs2_quadrotor:/home/tom/ocs2_ws/install/ocs2_double_integrator:/home/tom/ocs2_ws/install/ocs2_python_interface:/home/tom/ocs2_ws/install/ocs2_perceptive:/home/tom/ocs2_ws/install/ocs2_cartpole:/home/tom/ocs2_ws/install/ocs2_robotic_tools:/home/tom/ocs2_ws/install/ocs2_ocs2:/home/tom/ocs2_ws/install/ocs2_ipm:/home/tom/ocs2_ws/install/ocs2_ddp:/home/tom/ocs2_ws/install/hpipm_catkin:/home/tom/ocs2_ws/install/ocs2_qp_solver:/home/tom/ocs2_ws/install/ocs2_mpc:/home/tom/ocs2_ws/install/ocs2_oc:/home/tom/ocs2_ws/install/ocs2_frank_wolfe:/home/tom/ocs2_ws/install/ocs2_core:/home/tom/ocs2_ws/install/ocs2_thirdparty:/home/tom/ocs2_ws/install/ocs2_switched_model_msgs:/home/tom/ocs2_ws/install/ocs2_robotic_assets:/home/tom/ocs2_ws/install/ocs2_msgs:/home/tom/ocs2_ws/install/hpp-fcl:/home/tom/ocs2_ws/install/convex_plane_decomposition_ros:/home/tom/ocs2_ws/install/convex_plane_decomposition:/opt/ros/humble:/home/tom/ocs2_ws/install/grid_map_filters_rsl:/home/tom/ocs2_ws/install/convex_plane_decomposition_msgs:/home/tom/ocs2_ws/install/cgal5_catkin:/home/tom/ocs2_ws/install/blasfeo_catkin /usr/bin/cmake --build /home/tom/humanoid_ws/src/humanoid-control/build/humanoid_interface -- -j12 -l12
[70.765s] DEBUG:colcon.colcon_core.event_handler.log_command:Invoked command in '/home/tom/humanoid_ws/src/humanoid-control/build/humanoid_interface' returned '0': CMAKE_PREFIX_PATH=/home/tom/ocs2_ws/install/ocs2_ros2:/home/tom/ocs2_ws/install/ocs2_robotic_examples:/home/tom/ocs2_ws/install/ocs2_anymal:/home/tom/ocs2_ws/install/ocs2_anymal_loopshaping_mpc:/home/tom/ocs2_ws/install/ocs2_quadruped_loopshaping_interface:/home/tom/ocs2_ws/install/ocs2_anymal_mpc:/home/tom/ocs2_ws/install/ocs2_quadruped_interface:/home/tom/ocs2_ws/install/segmented_planes_terrain_model:/home/tom/ocs2_ws/install/ocs2_sphere_approximation:/home/tom/ocs2_ws/install/ocs2_pinocchio:/home/tom/ocs2_ws/install/ocs2_mobile_manipulator_ros:/home/tom/ocs2_ws/install/ocs2_self_collision_visualization:/home/tom/ocs2_ws/install/ocs2_mobile_manipulator:/home/tom/ocs2_ws/install/ocs2_self_collision:/home/tom/ocs2_ws/install/ocs2_legged_robot_ros:/home/tom/ocs2_ws/install/ocs2_legged_robot:/home/tom/ocs2_ws/install/ocs2_centroidal_model:/home/tom/ocs2_ws/install/ocs2_anymal_models:/home/tom/ocs2_ws/install/ocs2_pinocchio_interface:/home/tom/ocs2_ws/install/pinocchio:/home/tom/ocs2_ws/install/ocs2_anymal_commands:/home/tom/ocs2_ws/install/ocs2_switched_model_interface:/home/tom/ocs2_ws/install/ocs2_ballbot_ros:/home/tom/ocs2_ws/install/ocs2_ballbot:/home/tom/ocs2_ws/install/ocs2_sqp:/home/tom/ocs2_ws/install/ocs2_slp:/home/tom/ocs2_ws/install/ocs2_quadrotor_ros:/home/tom/ocs2_ws/install/ocs2_double_integrator_ros:/home/tom/ocs2_ws/install/ocs2_cartpole_ros:/home/tom/ocs2_ws/install/ocs2_ros_interfaces:/home/tom/ocs2_ws/install/ocs2_quadrotor:/home/tom/ocs2_ws/install/ocs2_double_integrator:/home/tom/ocs2_ws/install/ocs2_python_interface:/home/tom/ocs2_ws/install/ocs2_perceptive:/home/tom/ocs2_ws/install/ocs2_cartpole:/home/tom/ocs2_ws/install/ocs2_robotic_tools:/home/tom/ocs2_ws/install/ocs2_ocs2:/home/tom/ocs2_ws/install/ocs2_ipm:/home/tom/ocs2_ws/install/ocs2_ddp:/home/tom/ocs2_ws/install/hpipm_catkin:/home/tom/ocs2_ws/install/ocs2_qp_solver:/home/tom/ocs2_ws/install/ocs2_mpc:/home/tom/ocs2_ws/install/ocs2_oc:/home/tom/ocs2_ws/install/ocs2_frank_wolfe:/home/tom/ocs2_ws/install/ocs2_core:/home/tom/ocs2_ws/install/ocs2_thirdparty:/home/tom/ocs2_ws/install/ocs2_switched_model_msgs:/home/tom/ocs2_ws/install/ocs2_robotic_assets:/home/tom/ocs2_ws/install/ocs2_msgs:/home/tom/ocs2_ws/install/hpp-fcl:/home/tom/ocs2_ws/install/convex_plane_decomposition_ros:/home/tom/ocs2_ws/install/convex_plane_decomposition:/opt/ros/humble:/home/tom/ocs2_ws/install/grid_map_filters_rsl:/home/tom/ocs2_ws/install/convex_plane_decomposition_msgs:/home/tom/ocs2_ws/install/cgal5_catkin:/home/tom/ocs2_ws/install/blasfeo_catkin /usr/bin/cmake --build /home/tom/humanoid_ws/src/humanoid-control/build/humanoid_interface -- -j12 -l12
[70.779s] DEBUG:colcon.colcon_core.event_handler.log_command:Invoking command in '/home/tom/humanoid_ws/src/humanoid-control/build/humanoid_interface': CMAKE_PREFIX_PATH=/home/tom/ocs2_ws/install/ocs2_ros2:/home/tom/ocs2_ws/install/ocs2_robotic_examples:/home/tom/ocs2_ws/install/ocs2_anymal:/home/tom/ocs2_ws/install/ocs2_anymal_loopshaping_mpc:/home/tom/ocs2_ws/install/ocs2_quadruped_loopshaping_interface:/home/tom/ocs2_ws/install/ocs2_anymal_mpc:/home/tom/ocs2_ws/install/ocs2_quadruped_interface:/home/tom/ocs2_ws/install/segmented_planes_terrain_model:/home/tom/ocs2_ws/install/ocs2_sphere_approximation:/home/tom/ocs2_ws/install/ocs2_pinocchio:/home/tom/ocs2_ws/install/ocs2_mobile_manipulator_ros:/home/tom/ocs2_ws/install/ocs2_self_collision_visualization:/home/tom/ocs2_ws/install/ocs2_mobile_manipulator:/home/tom/ocs2_ws/install/ocs2_self_collision:/home/tom/ocs2_ws/install/ocs2_legged_robot_ros:/home/tom/ocs2_ws/install/ocs2_legged_robot:/home/tom/ocs2_ws/install/ocs2_centroidal_model:/home/tom/ocs2_ws/install/ocs2_anymal_models:/home/tom/ocs2_ws/install/ocs2_pinocchio_interface:/home/tom/ocs2_ws/install/pinocchio:/home/tom/ocs2_ws/install/ocs2_anymal_commands:/home/tom/ocs2_ws/install/ocs2_switched_model_interface:/home/tom/ocs2_ws/install/ocs2_ballbot_ros:/home/tom/ocs2_ws/install/ocs2_ballbot:/home/tom/ocs2_ws/install/ocs2_sqp:/home/tom/ocs2_ws/install/ocs2_slp:/home/tom/ocs2_ws/install/ocs2_quadrotor_ros:/home/tom/ocs2_ws/install/ocs2_double_integrator_ros:/home/tom/ocs2_ws/install/ocs2_cartpole_ros:/home/tom/ocs2_ws/install/ocs2_ros_interfaces:/home/tom/ocs2_ws/install/ocs2_quadrotor:/home/tom/ocs2_ws/install/ocs2_double_integrator:/home/tom/ocs2_ws/install/ocs2_python_interface:/home/tom/ocs2_ws/install/ocs2_perceptive:/home/tom/ocs2_ws/install/ocs2_cartpole:/home/tom/ocs2_ws/install/ocs2_robotic_tools:/home/tom/ocs2_ws/install/ocs2_ocs2:/home/tom/ocs2_ws/install/ocs2_ipm:/home/tom/ocs2_ws/install/ocs2_ddp:/home/tom/ocs2_ws/install/hpipm_catkin:/home/tom/ocs2_ws/install/ocs2_qp_solver:/home/tom/ocs2_ws/install/ocs2_mpc:/home/tom/ocs2_ws/install/ocs2_oc:/home/tom/ocs2_ws/install/ocs2_frank_wolfe:/home/tom/ocs2_ws/install/ocs2_core:/home/tom/ocs2_ws/install/ocs2_thirdparty:/home/tom/ocs2_ws/install/ocs2_switched_model_msgs:/home/tom/ocs2_ws/install/ocs2_robotic_assets:/home/tom/ocs2_ws/install/ocs2_msgs:/home/tom/ocs2_ws/install/hpp-fcl:/home/tom/ocs2_ws/install/convex_plane_decomposition_ros:/home/tom/ocs2_ws/install/convex_plane_decomposition:/opt/ros/humble:/home/tom/ocs2_ws/install/grid_map_filters_rsl:/home/tom/ocs2_ws/install/convex_plane_decomposition_msgs:/home/tom/ocs2_ws/install/cgal5_catkin:/home/tom/ocs2_ws/install/blasfeo_catkin /usr/bin/cmake --install /home/tom/humanoid_ws/src/humanoid-control/build/humanoid_interface
[72.764s] Level 1:colcon.colcon_core.environment:create_environment_scripts_only(humanoid_interface)
[72.765s] DEBUG:colcon.colcon_core.event_handler.log_command:Invoked command in '/home/tom/humanoid_ws/src/humanoid-control/build/humanoid_interface' returned '0': CMAKE_PREFIX_PATH=/home/tom/ocs2_ws/install/ocs2_ros2:/home/tom/ocs2_ws/install/ocs2_robotic_examples:/home/tom/ocs2_ws/install/ocs2_anymal:/home/tom/ocs2_ws/install/ocs2_anymal_loopshaping_mpc:/home/tom/ocs2_ws/install/ocs2_quadruped_loopshaping_interface:/home/tom/ocs2_ws/install/ocs2_anymal_mpc:/home/tom/ocs2_ws/install/ocs2_quadruped_interface:/home/tom/ocs2_ws/install/segmented_planes_terrain_model:/home/tom/ocs2_ws/install/ocs2_sphere_approximation:/home/tom/ocs2_ws/install/ocs2_pinocchio:/home/tom/ocs2_ws/install/ocs2_mobile_manipulator_ros:/home/tom/ocs2_ws/install/ocs2_self_collision_visualization:/home/tom/ocs2_ws/install/ocs2_mobile_manipulator:/home/tom/ocs2_ws/install/ocs2_self_collision:/home/tom/ocs2_ws/install/ocs2_legged_robot_ros:/home/tom/ocs2_ws/install/ocs2_legged_robot:/home/tom/ocs2_ws/install/ocs2_centroidal_model:/home/tom/ocs2_ws/install/ocs2_anymal_models:/home/tom/ocs2_ws/install/ocs2_pinocchio_interface:/home/tom/ocs2_ws/install/pinocchio:/home/tom/ocs2_ws/install/ocs2_anymal_commands:/home/tom/ocs2_ws/install/ocs2_switched_model_interface:/home/tom/ocs2_ws/install/ocs2_ballbot_ros:/home/tom/ocs2_ws/install/ocs2_ballbot:/home/tom/ocs2_ws/install/ocs2_sqp:/home/tom/ocs2_ws/install/ocs2_slp:/home/tom/ocs2_ws/install/ocs2_quadrotor_ros:/home/tom/ocs2_ws/install/ocs2_double_integrator_ros:/home/tom/ocs2_ws/install/ocs2_cartpole_ros:/home/tom/ocs2_ws/install/ocs2_ros_interfaces:/home/tom/ocs2_ws/install/ocs2_quadrotor:/home/tom/ocs2_ws/install/ocs2_double_integrator:/home/tom/ocs2_ws/install/ocs2_python_interface:/home/tom/ocs2_ws/install/ocs2_perceptive:/home/tom/ocs2_ws/install/ocs2_cartpole:/home/tom/ocs2_ws/install/ocs2_robotic_tools:/home/tom/ocs2_ws/install/ocs2_ocs2:/home/tom/ocs2_ws/install/ocs2_ipm:/home/tom/ocs2_ws/install/ocs2_ddp:/home/tom/ocs2_ws/install/hpipm_catkin:/home/tom/ocs2_ws/install/ocs2_qp_solver:/home/tom/ocs2_ws/install/ocs2_mpc:/home/tom/ocs2_ws/install/ocs2_oc:/home/tom/ocs2_ws/install/ocs2_frank_wolfe:/home/tom/ocs2_ws/install/ocs2_core:/home/tom/ocs2_ws/install/ocs2_thirdparty:/home/tom/ocs2_ws/install/ocs2_switched_model_msgs:/home/tom/ocs2_ws/install/ocs2_robotic_assets:/home/tom/ocs2_ws/install/ocs2_msgs:/home/tom/ocs2_ws/install/hpp-fcl:/home/tom/ocs2_ws/install/convex_plane_decomposition_ros:/home/tom/ocs2_ws/install/convex_plane_decomposition:/opt/ros/humble:/home/tom/ocs2_ws/install/grid_map_filters_rsl:/home/tom/ocs2_ws/install/convex_plane_decomposition_msgs:/home/tom/ocs2_ws/install/cgal5_catkin:/home/tom/ocs2_ws/install/blasfeo_catkin /usr/bin/cmake --install /home/tom/humanoid_ws/src/humanoid-control/build/humanoid_interface
[72.768s] Level 1:colcon.colcon_core.environment:checking '/home/tom/humanoid_ws/src/humanoid-control/install/humanoid_interface' for CMake module files
[72.769s] Level 1:colcon.colcon_core.environment:checking '/home/tom/humanoid_ws/src/humanoid-control/install/humanoid_interface' for CMake config files
[72.770s] Level 1:colcon.colcon_core.shell:create_environment_hook('humanoid_interface', 'cmake_prefix_path')
[72.771s] INFO:colcon.colcon_core.shell:Creating environment hook '/home/tom/humanoid_ws/src/humanoid-control/install/humanoid_interface/share/humanoid_interface/hook/cmake_prefix_path.ps1'
[72.772s] INFO:colcon.colcon_core.shell:Creating environment descriptor '/home/tom/humanoid_ws/src/humanoid-control/install/humanoid_interface/share/humanoid_interface/hook/cmake_prefix_path.dsv'
[72.772s] INFO:colcon.colcon_core.shell:Creating environment hook '/home/tom/humanoid_ws/src/humanoid-control/install/humanoid_interface/share/humanoid_interface/hook/cmake_prefix_path.sh'
[72.774s] Level 1:colcon.colcon_core.environment:checking '/home/tom/humanoid_ws/src/humanoid-control/install/humanoid_interface/lib'
[72.774s] Level 1:colcon.colcon_core.environment:checking '/home/tom/humanoid_ws/src/humanoid-control/install/humanoid_interface/bin'
[72.774s] Level 1:colcon.colcon_core.environment:checking '/home/tom/humanoid_ws/src/humanoid-control/install/humanoid_interface/lib/pkgconfig/humanoid_interface.pc'
[72.775s] Level 1:colcon.colcon_core.environment:checking '/home/tom/humanoid_ws/src/humanoid-control/install/humanoid_interface/lib/python3.10/site-packages'
[72.775s] Level 1:colcon.colcon_core.environment:checking '/home/tom/humanoid_ws/src/humanoid-control/install/humanoid_interface/bin'
[72.776s] INFO:colcon.colcon_core.shell:Creating package script '/home/tom/humanoid_ws/src/humanoid-control/install/humanoid_interface/share/humanoid_interface/package.ps1'
[72.777s] INFO:colcon.colcon_core.shell:Creating package descriptor '/home/tom/humanoid_ws/src/humanoid-control/install/humanoid_interface/share/humanoid_interface/package.dsv'
[72.778s] INFO:colcon.colcon_core.shell:Creating package script '/home/tom/humanoid_ws/src/humanoid-control/install/humanoid_interface/share/humanoid_interface/package.sh'
[72.779s] INFO:colcon.colcon_core.shell:Creating package script '/home/tom/humanoid_ws/src/humanoid-control/install/humanoid_interface/share/humanoid_interface/package.bash'
[72.780s] INFO:colcon.colcon_core.shell:Creating package script '/home/tom/humanoid_ws/src/humanoid-control/install/humanoid_interface/share/humanoid_interface/package.zsh'
[72.781s] Level 1:colcon.colcon_core.environment:create_file_with_runtime_dependencies(/home/tom/humanoid_ws/src/humanoid-control/install/humanoid_interface/share/colcon-core/packages/humanoid_interface)
[72.782s] Level 1:colcon.colcon_core.environment:create_environment_scripts_only(humanoid_interface)
[72.783s] Level 1:colcon.colcon_core.environment:checking '/home/tom/humanoid_ws/src/humanoid-control/install/humanoid_interface' for CMake module files
[72.784s] Level 1:colcon.colcon_core.environment:checking '/home/tom/humanoid_ws/src/humanoid-control/install/humanoid_interface' for CMake config files
[72.785s] Level 1:colcon.colcon_core.shell:create_environment_hook('humanoid_interface', 'cmake_prefix_path')
[72.786s] INFO:colcon.colcon_core.shell:Creating environment hook '/home/tom/humanoid_ws/src/humanoid-control/install/humanoid_interface/share/humanoid_interface/hook/cmake_prefix_path.ps1'
[72.786s] INFO:colcon.colcon_core.shell:Creating environment descriptor '/home/tom/humanoid_ws/src/humanoid-control/install/humanoid_interface/share/humanoid_interface/hook/cmake_prefix_path.dsv'
[72.787s] INFO:colcon.colcon_core.shell:Creating environment hook '/home/tom/humanoid_ws/src/humanoid-control/install/humanoid_interface/share/humanoid_interface/hook/cmake_prefix_path.sh'
[72.788s] Level 1:colcon.colcon_core.environment:checking '/home/tom/humanoid_ws/src/humanoid-control/install/humanoid_interface/lib'
[72.788s] Level 1:colcon.colcon_core.environment:checking '/home/tom/humanoid_ws/src/humanoid-control/install/humanoid_interface/bin'
[72.788s] Level 1:colcon.colcon_core.environment:checking '/home/tom/humanoid_ws/src/humanoid-control/install/humanoid_interface/lib/pkgconfig/humanoid_interface.pc'
[72.789s] Level 1:colcon.colcon_core.environment:checking '/home/tom/humanoid_ws/src/humanoid-control/install/humanoid_interface/lib/python3.10/site-packages'
[72.790s] Level 1:colcon.colcon_core.environment:checking '/home/tom/humanoid_ws/src/humanoid-control/install/humanoid_interface/bin'
[72.790s] INFO:colcon.colcon_core.shell:Creating package script '/home/tom/humanoid_ws/src/humanoid-control/install/humanoid_interface/share/humanoid_interface/package.ps1'
[72.792s] INFO:colcon.colcon_core.shell:Creating package descriptor '/home/tom/humanoid_ws/src/humanoid-control/install/humanoid_interface/share/humanoid_interface/package.dsv'
[72.793s] INFO:colcon.colcon_core.shell:Creating package script '/home/tom/humanoid_ws/src/humanoid-control/install/humanoid_interface/share/humanoid_interface/package.sh'
[72.794s] INFO:colcon.colcon_core.shell:Creating package script '/home/tom/humanoid_ws/src/humanoid-control/install/humanoid_interface/share/humanoid_interface/package.bash'
[72.794s] INFO:colcon.colcon_core.shell:Creating package script '/home/tom/humanoid_ws/src/humanoid-control/install/humanoid_interface/share/humanoid_interface/package.zsh'
[72.796s] Level 1:colcon.colcon_core.environment:create_file_with_runtime_dependencies(/home/tom/humanoid_ws/src/humanoid-control/install/humanoid_interface/share/colcon-core/packages/humanoid_interface)
[72.796s] INFO:colcon.colcon_ros.task.ament_cmake.build:Building ROS package in '/home/tom/humanoid_ws/src/humanoid-control/humanoid_wbc' with build type 'ament_cmake'
[72.797s] INFO:colcon.colcon_cmake.task.cmake.build:Building CMake package in '/home/tom/humanoid_ws/src/humanoid-control/humanoid_wbc'
[72.797s] INFO:colcon.colcon_core.shell:Skip shell extension 'powershell' for command environment: Not usable outside of PowerShell
[72.797s] DEBUG:colcon.colcon_core.shell:Skip shell extension 'dsv' for command environment
[72.891s] DEBUG:colcon.colcon_core.event_handler.log_command:Invoking command in '/home/tom/humanoid_ws/src/humanoid-control/build/humanoid_wbc': AMENT_PREFIX_PATH=/home/tom/humanoid_ws/src/humanoid-control/install/qpoases_colcon:/home/tom/humanoid_ws/src/humanoid-control/install/humanoid_interface:${AMENT_PREFIX_PATH} CMAKE_PREFIX_PATH=/home/tom/humanoid_ws/src/humanoid-control/install/qpoases_colcon:/home/tom/humanoid_ws/src/humanoid-control/install/humanoid_interface:/home/tom/ocs2_ws/install/ocs2_ros2:/home/tom/ocs2_ws/install/ocs2_robotic_examples:/home/tom/ocs2_ws/install/ocs2_anymal:/home/tom/ocs2_ws/install/ocs2_anymal_loopshaping_mpc:/home/tom/ocs2_ws/install/ocs2_quadruped_loopshaping_interface:/home/tom/ocs2_ws/install/ocs2_anymal_mpc:/home/tom/ocs2_ws/install/ocs2_quadruped_interface:/home/tom/ocs2_ws/install/segmented_planes_terrain_model:/home/tom/ocs2_ws/install/ocs2_sphere_approximation:/home/tom/ocs2_ws/install/ocs2_pinocchio:/home/tom/ocs2_ws/install/ocs2_mobile_manipulator_ros:/home/tom/ocs2_ws/install/ocs2_self_collision_visualization:/home/tom/ocs2_ws/install/ocs2_mobile_manipulator:/home/tom/ocs2_ws/install/ocs2_self_collision:/home/tom/ocs2_ws/install/ocs2_legged_robot_ros:/home/tom/ocs2_ws/install/ocs2_legged_robot:/home/tom/ocs2_ws/install/ocs2_centroidal_model:/home/tom/ocs2_ws/install/ocs2_anymal_models:/home/tom/ocs2_ws/install/ocs2_pinocchio_interface:/home/tom/ocs2_ws/install/pinocchio:/home/tom/ocs2_ws/install/ocs2_anymal_commands:/home/tom/ocs2_ws/install/ocs2_switched_model_interface:/home/tom/ocs2_ws/install/ocs2_ballbot_ros:/home/tom/ocs2_ws/install/ocs2_ballbot:/home/tom/ocs2_ws/install/ocs2_sqp:/home/tom/ocs2_ws/install/ocs2_slp:/home/tom/ocs2_ws/install/ocs2_quadrotor_ros:/home/tom/ocs2_ws/install/ocs2_double_integrator_ros:/home/tom/ocs2_ws/install/ocs2_cartpole_ros:/home/tom/ocs2_ws/install/ocs2_ros_interfaces:/home/tom/ocs2_ws/install/ocs2_quadrotor:/home/tom/ocs2_ws/install/ocs2_double_integrator:/home/tom/ocs2_ws/install/ocs2_python_interface:/home/tom/ocs2_ws/install/ocs2_perceptive:/home/tom/ocs2_ws/install/ocs2_cartpole:/home/tom/ocs2_ws/install/ocs2_robotic_tools:/home/tom/ocs2_ws/install/ocs2_ocs2:/home/tom/ocs2_ws/install/ocs2_ipm:/home/tom/ocs2_ws/install/ocs2_ddp:/home/tom/ocs2_ws/install/hpipm_catkin:/home/tom/ocs2_ws/install/ocs2_qp_solver:/home/tom/ocs2_ws/install/ocs2_mpc:/home/tom/ocs2_ws/install/ocs2_oc:/home/tom/ocs2_ws/install/ocs2_frank_wolfe:/home/tom/ocs2_ws/install/ocs2_core:/home/tom/ocs2_ws/install/ocs2_thirdparty:/home/tom/ocs2_ws/install/ocs2_switched_model_msgs:/home/tom/ocs2_ws/install/ocs2_robotic_assets:/home/tom/ocs2_ws/install/ocs2_msgs:/home/tom/ocs2_ws/install/hpp-fcl:/home/tom/ocs2_ws/install/convex_plane_decomposition_ros:/home/tom/ocs2_ws/install/convex_plane_decomposition:/opt/ros/humble:/home/tom/ocs2_ws/install/grid_map_filters_rsl:/home/tom/ocs2_ws/install/convex_plane_decomposition_msgs:/home/tom/ocs2_ws/install/cgal5_catkin:/home/tom/ocs2_ws/install/blasfeo_catkin LD_LIBRARY_PATH=/home/tom/humanoid_ws/src/humanoid-control/install/qpoases_colcon/lib:/home/tom/humanoid_ws/src/humanoid-control/install/humanoid_interface/lib:${LD_LIBRARY_PATH} /usr/bin/cmake /home/tom/humanoid_ws/src/humanoid-control/humanoid_wbc -DAMENT_CMAKE_SYMLINK_INSTALL=1 -DCMAKE_INSTALL_PREFIX=/home/tom/humanoid_ws/src/humanoid-control/install/humanoid_wbc
[79.672s] DEBUG:colcon.colcon_core.event_handler.log_command:Invoked command in '/home/tom/humanoid_ws/src/humanoid-control/build/humanoid_wbc' returned '0': AMENT_PREFIX_PATH=/home/tom/humanoid_ws/src/humanoid-control/install/qpoases_colcon:/home/tom/humanoid_ws/src/humanoid-control/install/humanoid_interface:${AMENT_PREFIX_PATH} CMAKE_PREFIX_PATH=/home/tom/humanoid_ws/src/humanoid-control/install/qpoases_colcon:/home/tom/humanoid_ws/src/humanoid-control/install/humanoid_interface:/home/tom/ocs2_ws/install/ocs2_ros2:/home/tom/ocs2_ws/install/ocs2_robotic_examples:/home/tom/ocs2_ws/install/ocs2_anymal:/home/tom/ocs2_ws/install/ocs2_anymal_loopshaping_mpc:/home/tom/ocs2_ws/install/ocs2_quadruped_loopshaping_interface:/home/tom/ocs2_ws/install/ocs2_anymal_mpc:/home/tom/ocs2_ws/install/ocs2_quadruped_interface:/home/tom/ocs2_ws/install/segmented_planes_terrain_model:/home/tom/ocs2_ws/install/ocs2_sphere_approximation:/home/tom/ocs2_ws/install/ocs2_pinocchio:/home/tom/ocs2_ws/install/ocs2_mobile_manipulator_ros:/home/tom/ocs2_ws/install/ocs2_self_collision_visualization:/home/tom/ocs2_ws/install/ocs2_mobile_manipulator:/home/tom/ocs2_ws/install/ocs2_self_collision:/home/tom/ocs2_ws/install/ocs2_legged_robot_ros:/home/tom/ocs2_ws/install/ocs2_legged_robot:/home/tom/ocs2_ws/install/ocs2_centroidal_model:/home/tom/ocs2_ws/install/ocs2_anymal_models:/home/tom/ocs2_ws/install/ocs2_pinocchio_interface:/home/tom/ocs2_ws/install/pinocchio:/home/tom/ocs2_ws/install/ocs2_anymal_commands:/home/tom/ocs2_ws/install/ocs2_switched_model_interface:/home/tom/ocs2_ws/install/ocs2_ballbot_ros:/home/tom/ocs2_ws/install/ocs2_ballbot:/home/tom/ocs2_ws/install/ocs2_sqp:/home/tom/ocs2_ws/install/ocs2_slp:/home/tom/ocs2_ws/install/ocs2_quadrotor_ros:/home/tom/ocs2_ws/install/ocs2_double_integrator_ros:/home/tom/ocs2_ws/install/ocs2_cartpole_ros:/home/tom/ocs2_ws/install/ocs2_ros_interfaces:/home/tom/ocs2_ws/install/ocs2_quadrotor:/home/tom/ocs2_ws/install/ocs2_double_integrator:/home/tom/ocs2_ws/install/ocs2_python_interface:/home/tom/ocs2_ws/install/ocs2_perceptive:/home/tom/ocs2_ws/install/ocs2_cartpole:/home/tom/ocs2_ws/install/ocs2_robotic_tools:/home/tom/ocs2_ws/install/ocs2_ocs2:/home/tom/ocs2_ws/install/ocs2_ipm:/home/tom/ocs2_ws/install/ocs2_ddp:/home/tom/ocs2_ws/install/hpipm_catkin:/home/tom/ocs2_ws/install/ocs2_qp_solver:/home/tom/ocs2_ws/install/ocs2_mpc:/home/tom/ocs2_ws/install/ocs2_oc:/home/tom/ocs2_ws/install/ocs2_frank_wolfe:/home/tom/ocs2_ws/install/ocs2_core:/home/tom/ocs2_ws/install/ocs2_thirdparty:/home/tom/ocs2_ws/install/ocs2_switched_model_msgs:/home/tom/ocs2_ws/install/ocs2_robotic_assets:/home/tom/ocs2_ws/install/ocs2_msgs:/home/tom/ocs2_ws/install/hpp-fcl:/home/tom/ocs2_ws/install/convex_plane_decomposition_ros:/home/tom/ocs2_ws/install/convex_plane_decomposition:/opt/ros/humble:/home/tom/ocs2_ws/install/grid_map_filters_rsl:/home/tom/ocs2_ws/install/convex_plane_decomposition_msgs:/home/tom/ocs2_ws/install/cgal5_catkin:/home/tom/ocs2_ws/install/blasfeo_catkin LD_LIBRARY_PATH=/home/tom/humanoid_ws/src/humanoid-control/install/qpoases_colcon/lib:/home/tom/humanoid_ws/src/humanoid-control/install/humanoid_interface/lib:${LD_LIBRARY_PATH} /usr/bin/cmake /home/tom/humanoid_ws/src/humanoid-control/humanoid_wbc -DAMENT_CMAKE_SYMLINK_INSTALL=1 -DCMAKE_INSTALL_PREFIX=/home/tom/humanoid_ws/src/humanoid-control/install/humanoid_wbc
[79.676s] DEBUG:colcon.colcon_core.event_handler.log_command:Invoking command in '/home/tom/humanoid_ws/src/humanoid-control/build/humanoid_wbc': AMENT_PREFIX_PATH=/home/tom/humanoid_ws/src/humanoid-control/install/qpoases_colcon:/home/tom/humanoid_ws/src/humanoid-control/install/humanoid_interface:${AMENT_PREFIX_PATH} CMAKE_PREFIX_PATH=/home/tom/humanoid_ws/src/humanoid-control/install/qpoases_colcon:/home/tom/humanoid_ws/src/humanoid-control/install/humanoid_interface:/home/tom/ocs2_ws/install/ocs2_ros2:/home/tom/ocs2_ws/install/ocs2_robotic_examples:/home/tom/ocs2_ws/install/ocs2_anymal:/home/tom/ocs2_ws/install/ocs2_anymal_loopshaping_mpc:/home/tom/ocs2_ws/install/ocs2_quadruped_loopshaping_interface:/home/tom/ocs2_ws/install/ocs2_anymal_mpc:/home/tom/ocs2_ws/install/ocs2_quadruped_interface:/home/tom/ocs2_ws/install/segmented_planes_terrain_model:/home/tom/ocs2_ws/install/ocs2_sphere_approximation:/home/tom/ocs2_ws/install/ocs2_pinocchio:/home/tom/ocs2_ws/install/ocs2_mobile_manipulator_ros:/home/tom/ocs2_ws/install/ocs2_self_collision_visualization:/home/tom/ocs2_ws/install/ocs2_mobile_manipulator:/home/tom/ocs2_ws/install/ocs2_self_collision:/home/tom/ocs2_ws/install/ocs2_legged_robot_ros:/home/tom/ocs2_ws/install/ocs2_legged_robot:/home/tom/ocs2_ws/install/ocs2_centroidal_model:/home/tom/ocs2_ws/install/ocs2_anymal_models:/home/tom/ocs2_ws/install/ocs2_pinocchio_interface:/home/tom/ocs2_ws/install/pinocchio:/home/tom/ocs2_ws/install/ocs2_anymal_commands:/home/tom/ocs2_ws/install/ocs2_switched_model_interface:/home/tom/ocs2_ws/install/ocs2_ballbot_ros:/home/tom/ocs2_ws/install/ocs2_ballbot:/home/tom/ocs2_ws/install/ocs2_sqp:/home/tom/ocs2_ws/install/ocs2_slp:/home/tom/ocs2_ws/install/ocs2_quadrotor_ros:/home/tom/ocs2_ws/install/ocs2_double_integrator_ros:/home/tom/ocs2_ws/install/ocs2_cartpole_ros:/home/tom/ocs2_ws/install/ocs2_ros_interfaces:/home/tom/ocs2_ws/install/ocs2_quadrotor:/home/tom/ocs2_ws/install/ocs2_double_integrator:/home/tom/ocs2_ws/install/ocs2_python_interface:/home/tom/ocs2_ws/install/ocs2_perceptive:/home/tom/ocs2_ws/install/ocs2_cartpole:/home/tom/ocs2_ws/install/ocs2_robotic_tools:/home/tom/ocs2_ws/install/ocs2_ocs2:/home/tom/ocs2_ws/install/ocs2_ipm:/home/tom/ocs2_ws/install/ocs2_ddp:/home/tom/ocs2_ws/install/hpipm_catkin:/home/tom/ocs2_ws/install/ocs2_qp_solver:/home/tom/ocs2_ws/install/ocs2_mpc:/home/tom/ocs2_ws/install/ocs2_oc:/home/tom/ocs2_ws/install/ocs2_frank_wolfe:/home/tom/ocs2_ws/install/ocs2_core:/home/tom/ocs2_ws/install/ocs2_thirdparty:/home/tom/ocs2_ws/install/ocs2_switched_model_msgs:/home/tom/ocs2_ws/install/ocs2_robotic_assets:/home/tom/ocs2_ws/install/ocs2_msgs:/home/tom/ocs2_ws/install/hpp-fcl:/home/tom/ocs2_ws/install/convex_plane_decomposition_ros:/home/tom/ocs2_ws/install/convex_plane_decomposition:/opt/ros/humble:/home/tom/ocs2_ws/install/grid_map_filters_rsl:/home/tom/ocs2_ws/install/convex_plane_decomposition_msgs:/home/tom/ocs2_ws/install/cgal5_catkin:/home/tom/ocs2_ws/install/blasfeo_catkin LD_LIBRARY_PATH=/home/tom/humanoid_ws/src/humanoid-control/install/qpoases_colcon/lib:/home/tom/humanoid_ws/src/humanoid-control/install/humanoid_interface/lib:${LD_LIBRARY_PATH} /usr/bin/cmake --build /home/tom/humanoid_ws/src/humanoid-control/build/humanoid_wbc -- -j12 -l12
[117.307s] DEBUG:colcon.colcon_core.event_handler.log_command:Invoked command in '/home/tom/humanoid_ws/src/humanoid-control/build/humanoid_wbc' returned '0': AMENT_PREFIX_PATH=/home/tom/humanoid_ws/src/humanoid-control/install/qpoases_colcon:/home/tom/humanoid_ws/src/humanoid-control/install/humanoid_interface:${AMENT_PREFIX_PATH} CMAKE_PREFIX_PATH=/home/tom/humanoid_ws/src/humanoid-control/install/qpoases_colcon:/home/tom/humanoid_ws/src/humanoid-control/install/humanoid_interface:/home/tom/ocs2_ws/install/ocs2_ros2:/home/tom/ocs2_ws/install/ocs2_robotic_examples:/home/tom/ocs2_ws/install/ocs2_anymal:/home/tom/ocs2_ws/install/ocs2_anymal_loopshaping_mpc:/home/tom/ocs2_ws/install/ocs2_quadruped_loopshaping_interface:/home/tom/ocs2_ws/install/ocs2_anymal_mpc:/home/tom/ocs2_ws/install/ocs2_quadruped_interface:/home/tom/ocs2_ws/install/segmented_planes_terrain_model:/home/tom/ocs2_ws/install/ocs2_sphere_approximation:/home/tom/ocs2_ws/install/ocs2_pinocchio:/home/tom/ocs2_ws/install/ocs2_mobile_manipulator_ros:/home/tom/ocs2_ws/install/ocs2_self_collision_visualization:/home/tom/ocs2_ws/install/ocs2_mobile_manipulator:/home/tom/ocs2_ws/install/ocs2_self_collision:/home/tom/ocs2_ws/install/ocs2_legged_robot_ros:/home/tom/ocs2_ws/install/ocs2_legged_robot:/home/tom/ocs2_ws/install/ocs2_centroidal_model:/home/tom/ocs2_ws/install/ocs2_anymal_models:/home/tom/ocs2_ws/install/ocs2_pinocchio_interface:/home/tom/ocs2_ws/install/pinocchio:/home/tom/ocs2_ws/install/ocs2_anymal_commands:/home/tom/ocs2_ws/install/ocs2_switched_model_interface:/home/tom/ocs2_ws/install/ocs2_ballbot_ros:/home/tom/ocs2_ws/install/ocs2_ballbot:/home/tom/ocs2_ws/install/ocs2_sqp:/home/tom/ocs2_ws/install/ocs2_slp:/home/tom/ocs2_ws/install/ocs2_quadrotor_ros:/home/tom/ocs2_ws/install/ocs2_double_integrator_ros:/home/tom/ocs2_ws/install/ocs2_cartpole_ros:/home/tom/ocs2_ws/install/ocs2_ros_interfaces:/home/tom/ocs2_ws/install/ocs2_quadrotor:/home/tom/ocs2_ws/install/ocs2_double_integrator:/home/tom/ocs2_ws/install/ocs2_python_interface:/home/tom/ocs2_ws/install/ocs2_perceptive:/home/tom/ocs2_ws/install/ocs2_cartpole:/home/tom/ocs2_ws/install/ocs2_robotic_tools:/home/tom/ocs2_ws/install/ocs2_ocs2:/home/tom/ocs2_ws/install/ocs2_ipm:/home/tom/ocs2_ws/install/ocs2_ddp:/home/tom/ocs2_ws/install/hpipm_catkin:/home/tom/ocs2_ws/install/ocs2_qp_solver:/home/tom/ocs2_ws/install/ocs2_mpc:/home/tom/ocs2_ws/install/ocs2_oc:/home/tom/ocs2_ws/install/ocs2_frank_wolfe:/home/tom/ocs2_ws/install/ocs2_core:/home/tom/ocs2_ws/install/ocs2_thirdparty:/home/tom/ocs2_ws/install/ocs2_switched_model_msgs:/home/tom/ocs2_ws/install/ocs2_robotic_assets:/home/tom/ocs2_ws/install/ocs2_msgs:/home/tom/ocs2_ws/install/hpp-fcl:/home/tom/ocs2_ws/install/convex_plane_decomposition_ros:/home/tom/ocs2_ws/install/convex_plane_decomposition:/opt/ros/humble:/home/tom/ocs2_ws/install/grid_map_filters_rsl:/home/tom/ocs2_ws/install/convex_plane_decomposition_msgs:/home/tom/ocs2_ws/install/cgal5_catkin:/home/tom/ocs2_ws/install/blasfeo_catkin LD_LIBRARY_PATH=/home/tom/humanoid_ws/src/humanoid-control/install/qpoases_colcon/lib:/home/tom/humanoid_ws/src/humanoid-control/install/humanoid_interface/lib:${LD_LIBRARY_PATH} /usr/bin/cmake --build /home/tom/humanoid_ws/src/humanoid-control/build/humanoid_wbc -- -j12 -l12
[117.310s] DEBUG:colcon.colcon_core.event_handler.log_command:Invoking command in '/home/tom/humanoid_ws/src/humanoid-control/build/humanoid_wbc': AMENT_PREFIX_PATH=/home/tom/humanoid_ws/src/humanoid-control/install/qpoases_colcon:/home/tom/humanoid_ws/src/humanoid-control/install/humanoid_interface:${AMENT_PREFIX_PATH} CMAKE_PREFIX_PATH=/home/tom/humanoid_ws/src/humanoid-control/install/qpoases_colcon:/home/tom/humanoid_ws/src/humanoid-control/install/humanoid_interface:/home/tom/ocs2_ws/install/ocs2_ros2:/home/tom/ocs2_ws/install/ocs2_robotic_examples:/home/tom/ocs2_ws/install/ocs2_anymal:/home/tom/ocs2_ws/install/ocs2_anymal_loopshaping_mpc:/home/tom/ocs2_ws/install/ocs2_quadruped_loopshaping_interface:/home/tom/ocs2_ws/install/ocs2_anymal_mpc:/home/tom/ocs2_ws/install/ocs2_quadruped_interface:/home/tom/ocs2_ws/install/segmented_planes_terrain_model:/home/tom/ocs2_ws/install/ocs2_sphere_approximation:/home/tom/ocs2_ws/install/ocs2_pinocchio:/home/tom/ocs2_ws/install/ocs2_mobile_manipulator_ros:/home/tom/ocs2_ws/install/ocs2_self_collision_visualization:/home/tom/ocs2_ws/install/ocs2_mobile_manipulator:/home/tom/ocs2_ws/install/ocs2_self_collision:/home/tom/ocs2_ws/install/ocs2_legged_robot_ros:/home/tom/ocs2_ws/install/ocs2_legged_robot:/home/tom/ocs2_ws/install/ocs2_centroidal_model:/home/tom/ocs2_ws/install/ocs2_anymal_models:/home/tom/ocs2_ws/install/ocs2_pinocchio_interface:/home/tom/ocs2_ws/install/pinocchio:/home/tom/ocs2_ws/install/ocs2_anymal_commands:/home/tom/ocs2_ws/install/ocs2_switched_model_interface:/home/tom/ocs2_ws/install/ocs2_ballbot_ros:/home/tom/ocs2_ws/install/ocs2_ballbot:/home/tom/ocs2_ws/install/ocs2_sqp:/home/tom/ocs2_ws/install/ocs2_slp:/home/tom/ocs2_ws/install/ocs2_quadrotor_ros:/home/tom/ocs2_ws/install/ocs2_double_integrator_ros:/home/tom/ocs2_ws/install/ocs2_cartpole_ros:/home/tom/ocs2_ws/install/ocs2_ros_interfaces:/home/tom/ocs2_ws/install/ocs2_quadrotor:/home/tom/ocs2_ws/install/ocs2_double_integrator:/home/tom/ocs2_ws/install/ocs2_python_interface:/home/tom/ocs2_ws/install/ocs2_perceptive:/home/tom/ocs2_ws/install/ocs2_cartpole:/home/tom/ocs2_ws/install/ocs2_robotic_tools:/home/tom/ocs2_ws/install/ocs2_ocs2:/home/tom/ocs2_ws/install/ocs2_ipm:/home/tom/ocs2_ws/install/ocs2_ddp:/home/tom/ocs2_ws/install/hpipm_catkin:/home/tom/ocs2_ws/install/ocs2_qp_solver:/home/tom/ocs2_ws/install/ocs2_mpc:/home/tom/ocs2_ws/install/ocs2_oc:/home/tom/ocs2_ws/install/ocs2_frank_wolfe:/home/tom/ocs2_ws/install/ocs2_core:/home/tom/ocs2_ws/install/ocs2_thirdparty:/home/tom/ocs2_ws/install/ocs2_switched_model_msgs:/home/tom/ocs2_ws/install/ocs2_robotic_assets:/home/tom/ocs2_ws/install/ocs2_msgs:/home/tom/ocs2_ws/install/hpp-fcl:/home/tom/ocs2_ws/install/convex_plane_decomposition_ros:/home/tom/ocs2_ws/install/convex_plane_decomposition:/opt/ros/humble:/home/tom/ocs2_ws/install/grid_map_filters_rsl:/home/tom/ocs2_ws/install/convex_plane_decomposition_msgs:/home/tom/ocs2_ws/install/cgal5_catkin:/home/tom/ocs2_ws/install/blasfeo_catkin LD_LIBRARY_PATH=/home/tom/humanoid_ws/src/humanoid-control/install/qpoases_colcon/lib:/home/tom/humanoid_ws/src/humanoid-control/install/humanoid_interface/lib:${LD_LIBRARY_PATH} /usr/bin/cmake --install /home/tom/humanoid_ws/src/humanoid-control/build/humanoid_wbc
[117.968s] Level 1:colcon.colcon_core.environment:create_environment_scripts_only(humanoid_wbc)
[117.969s] Level 1:colcon.colcon_core.environment:checking '/home/tom/humanoid_ws/src/humanoid-control/install/humanoid_wbc' for CMake module files
[117.971s] DEBUG:colcon.colcon_core.event_handler.log_command:Invoked command in '/home/tom/humanoid_ws/src/humanoid-control/build/humanoid_wbc' returned '0': AMENT_PREFIX_PATH=/home/tom/humanoid_ws/src/humanoid-control/install/qpoases_colcon:/home/tom/humanoid_ws/src/humanoid-control/install/humanoid_interface:${AMENT_PREFIX_PATH} CMAKE_PREFIX_PATH=/home/tom/humanoid_ws/src/humanoid-control/install/qpoases_colcon:/home/tom/humanoid_ws/src/humanoid-control/install/humanoid_interface:/home/tom/ocs2_ws/install/ocs2_ros2:/home/tom/ocs2_ws/install/ocs2_robotic_examples:/home/tom/ocs2_ws/install/ocs2_anymal:/home/tom/ocs2_ws/install/ocs2_anymal_loopshaping_mpc:/home/tom/ocs2_ws/install/ocs2_quadruped_loopshaping_interface:/home/tom/ocs2_ws/install/ocs2_anymal_mpc:/home/tom/ocs2_ws/install/ocs2_quadruped_interface:/home/tom/ocs2_ws/install/segmented_planes_terrain_model:/home/tom/ocs2_ws/install/ocs2_sphere_approximation:/home/tom/ocs2_ws/install/ocs2_pinocchio:/home/tom/ocs2_ws/install/ocs2_mobile_manipulator_ros:/home/tom/ocs2_ws/install/ocs2_self_collision_visualization:/home/tom/ocs2_ws/install/ocs2_mobile_manipulator:/home/tom/ocs2_ws/install/ocs2_self_collision:/home/tom/ocs2_ws/install/ocs2_legged_robot_ros:/home/tom/ocs2_ws/install/ocs2_legged_robot:/home/tom/ocs2_ws/install/ocs2_centroidal_model:/home/tom/ocs2_ws/install/ocs2_anymal_models:/home/tom/ocs2_ws/install/ocs2_pinocchio_interface:/home/tom/ocs2_ws/install/pinocchio:/home/tom/ocs2_ws/install/ocs2_anymal_commands:/home/tom/ocs2_ws/install/ocs2_switched_model_interface:/home/tom/ocs2_ws/install/ocs2_ballbot_ros:/home/tom/ocs2_ws/install/ocs2_ballbot:/home/tom/ocs2_ws/install/ocs2_sqp:/home/tom/ocs2_ws/install/ocs2_slp:/home/tom/ocs2_ws/install/ocs2_quadrotor_ros:/home/tom/ocs2_ws/install/ocs2_double_integrator_ros:/home/tom/ocs2_ws/install/ocs2_cartpole_ros:/home/tom/ocs2_ws/install/ocs2_ros_interfaces:/home/tom/ocs2_ws/install/ocs2_quadrotor:/home/tom/ocs2_ws/install/ocs2_double_integrator:/home/tom/ocs2_ws/install/ocs2_python_interface:/home/tom/ocs2_ws/install/ocs2_perceptive:/home/tom/ocs2_ws/install/ocs2_cartpole:/home/tom/ocs2_ws/install/ocs2_robotic_tools:/home/tom/ocs2_ws/install/ocs2_ocs2:/home/tom/ocs2_ws/install/ocs2_ipm:/home/tom/ocs2_ws/install/ocs2_ddp:/home/tom/ocs2_ws/install/hpipm_catkin:/home/tom/ocs2_ws/install/ocs2_qp_solver:/home/tom/ocs2_ws/install/ocs2_mpc:/home/tom/ocs2_ws/install/ocs2_oc:/home/tom/ocs2_ws/install/ocs2_frank_wolfe:/home/tom/ocs2_ws/install/ocs2_core:/home/tom/ocs2_ws/install/ocs2_thirdparty:/home/tom/ocs2_ws/install/ocs2_switched_model_msgs:/home/tom/ocs2_ws/install/ocs2_robotic_assets:/home/tom/ocs2_ws/install/ocs2_msgs:/home/tom/ocs2_ws/install/hpp-fcl:/home/tom/ocs2_ws/install/convex_plane_decomposition_ros:/home/tom/ocs2_ws/install/convex_plane_decomposition:/opt/ros/humble:/home/tom/ocs2_ws/install/grid_map_filters_rsl:/home/tom/ocs2_ws/install/convex_plane_decomposition_msgs:/home/tom/ocs2_ws/install/cgal5_catkin:/home/tom/ocs2_ws/install/blasfeo_catkin LD_LIBRARY_PATH=/home/tom/humanoid_ws/src/humanoid-control/install/qpoases_colcon/lib:/home/tom/humanoid_ws/src/humanoid-control/install/humanoid_interface/lib:${LD_LIBRARY_PATH} /usr/bin/cmake --install /home/tom/humanoid_ws/src/humanoid-control/build/humanoid_wbc
[117.972s] Level 1:colcon.colcon_core.environment:checking '/home/tom/humanoid_ws/src/humanoid-control/install/humanoid_wbc' for CMake config files
[117.973s] Level 1:colcon.colcon_core.shell:create_environment_hook('humanoid_wbc', 'cmake_prefix_path')
[117.973s] INFO:colcon.colcon_core.shell:Creating environment hook '/home/tom/humanoid_ws/src/humanoid-control/install/humanoid_wbc/share/humanoid_wbc/hook/cmake_prefix_path.ps1'
[117.974s] INFO:colcon.colcon_core.shell:Creating environment descriptor '/home/tom/humanoid_ws/src/humanoid-control/install/humanoid_wbc/share/humanoid_wbc/hook/cmake_prefix_path.dsv'
[117.976s] INFO:colcon.colcon_core.shell:Creating environment hook '/home/tom/humanoid_ws/src/humanoid-control/install/humanoid_wbc/share/humanoid_wbc/hook/cmake_prefix_path.sh'
[117.977s] Level 1:colcon.colcon_core.environment:checking '/home/tom/humanoid_ws/src/humanoid-control/install/humanoid_wbc/lib'
[117.977s] Level 1:colcon.colcon_core.environment:checking '/home/tom/humanoid_ws/src/humanoid-control/install/humanoid_wbc/bin'
[117.978s] Level 1:colcon.colcon_core.environment:checking '/home/tom/humanoid_ws/src/humanoid-control/install/humanoid_wbc/lib/pkgconfig/humanoid_wbc.pc'
[117.978s] Level 1:colcon.colcon_core.environment:checking '/home/tom/humanoid_ws/src/humanoid-control/install/humanoid_wbc/lib/python3.10/site-packages'
[117.979s] Level 1:colcon.colcon_core.environment:checking '/home/tom/humanoid_ws/src/humanoid-control/install/humanoid_wbc/bin'
[117.980s] INFO:colcon.colcon_core.shell:Creating package script '/home/tom/humanoid_ws/src/humanoid-control/install/humanoid_wbc/share/humanoid_wbc/package.ps1'
[117.981s] INFO:colcon.colcon_core.shell:Creating package descriptor '/home/tom/humanoid_ws/src/humanoid-control/install/humanoid_wbc/share/humanoid_wbc/package.dsv'
[117.983s] INFO:colcon.colcon_core.shell:Creating package script '/home/tom/humanoid_ws/src/humanoid-control/install/humanoid_wbc/share/humanoid_wbc/package.sh'
[117.984s] INFO:colcon.colcon_core.shell:Creating package script '/home/tom/humanoid_ws/src/humanoid-control/install/humanoid_wbc/share/humanoid_wbc/package.bash'
[117.985s] INFO:colcon.colcon_core.shell:Creating package script '/home/tom/humanoid_ws/src/humanoid-control/install/humanoid_wbc/share/humanoid_wbc/package.zsh'
[117.986s] Level 1:colcon.colcon_core.environment:create_file_with_runtime_dependencies(/home/tom/humanoid_ws/src/humanoid-control/install/humanoid_wbc/share/colcon-core/packages/humanoid_wbc)
[117.988s] Level 1:colcon.colcon_core.environment:create_environment_scripts_only(humanoid_wbc)
[117.989s] Level 1:colcon.colcon_core.environment:checking '/home/tom/humanoid_ws/src/humanoid-control/install/humanoid_wbc' for CMake module files
[117.991s] Level 1:colcon.colcon_core.environment:checking '/home/tom/humanoid_ws/src/humanoid-control/install/humanoid_wbc' for CMake config files
[117.992s] Level 1:colcon.colcon_core.shell:create_environment_hook('humanoid_wbc', 'cmake_prefix_path')
[117.992s] INFO:colcon.colcon_core.shell:Creating environment hook '/home/tom/humanoid_ws/src/humanoid-control/install/humanoid_wbc/share/humanoid_wbc/hook/cmake_prefix_path.ps1'
[117.993s] INFO:colcon.colcon_core.shell:Creating environment descriptor '/home/tom/humanoid_ws/src/humanoid-control/install/humanoid_wbc/share/humanoid_wbc/hook/cmake_prefix_path.dsv'
[117.994s] INFO:colcon.colcon_core.shell:Creating environment hook '/home/tom/humanoid_ws/src/humanoid-control/install/humanoid_wbc/share/humanoid_wbc/hook/cmake_prefix_path.sh'
[117.996s] Level 1:colcon.colcon_core.environment:checking '/home/tom/humanoid_ws/src/humanoid-control/install/humanoid_wbc/lib'
[117.996s] Level 1:colcon.colcon_core.environment:checking '/home/tom/humanoid_ws/src/humanoid-control/install/humanoid_wbc/bin'
[117.996s] Level 1:colcon.colcon_core.environment:checking '/home/tom/humanoid_ws/src/humanoid-control/install/humanoid_wbc/lib/pkgconfig/humanoid_wbc.pc'
[117.997s] Level 1:colcon.colcon_core.environment:checking '/home/tom/humanoid_ws/src/humanoid-control/install/humanoid_wbc/lib/python3.10/site-packages'
[117.998s] Level 1:colcon.colcon_core.environment:checking '/home/tom/humanoid_ws/src/humanoid-control/install/humanoid_wbc/bin'
[117.999s] INFO:colcon.colcon_core.shell:Creating package script '/home/tom/humanoid_ws/src/humanoid-control/install/humanoid_wbc/share/humanoid_wbc/package.ps1'
[118.000s] INFO:colcon.colcon_core.shell:Creating package descriptor '/home/tom/humanoid_ws/src/humanoid-control/install/humanoid_wbc/share/humanoid_wbc/package.dsv'
[118.002s] INFO:colcon.colcon_core.shell:Creating package script '/home/tom/humanoid_ws/src/humanoid-control/install/humanoid_wbc/share/humanoid_wbc/package.sh'
[118.003s] INFO:colcon.colcon_core.shell:Creating package script '/home/tom/humanoid_ws/src/humanoid-control/install/humanoid_wbc/share/humanoid_wbc/package.bash'
[118.004s] INFO:colcon.colcon_core.shell:Creating package script '/home/tom/humanoid_ws/src/humanoid-control/install/humanoid_wbc/share/humanoid_wbc/package.zsh'
[118.005s] Level 1:colcon.colcon_core.environment:create_file_with_runtime_dependencies(/home/tom/humanoid_ws/src/humanoid-control/install/humanoid_wbc/share/colcon-core/packages/humanoid_wbc)
[118.006s] DEBUG:colcon.colcon_parallel_executor.executor.parallel:closing loop
[118.007s] DEBUG:colcon.colcon_parallel_executor.executor.parallel:loop closed
[118.007s] DEBUG:colcon.colcon_parallel_executor.executor.parallel:run_until_complete finished with '0'
[118.007s] DEBUG:colcon.colcon_core.event_reactor:joining thread
[118.022s] INFO:colcon.colcon_core.plugin_system:Skipping extension 'colcon_notification.desktop_notification.terminal_notifier': Not used on non-Darwin systems
[118.022s] INFO:colcon.colcon_core.plugin_system:Skipping extension 'colcon_notification.desktop_notification.win32': Not used on non-Windows systems
[118.022s] INFO:colcon.colcon_notification.desktop_notification:Sending desktop notification using 'notify2'
[118.042s] DEBUG:colcon.colcon_core.event_reactor:joined thread
[118.043s] INFO:colcon.colcon_core.shell:Creating prefix script '/home/tom/humanoid_ws/src/humanoid-control/install/local_setup.ps1'
[118.045s] INFO:colcon.colcon_core.shell:Creating prefix util module '/home/tom/humanoid_ws/src/humanoid-control/install/_local_setup_util_ps1.py'
[118.050s] INFO:colcon.colcon_core.shell:Creating prefix chain script '/home/tom/humanoid_ws/src/humanoid-control/install/setup.ps1'
[118.060s] INFO:colcon.colcon_core.shell:Creating prefix script '/home/tom/humanoid_ws/src/humanoid-control/install/local_setup.sh'
[118.062s] INFO:colcon.colcon_core.shell:Creating prefix util module '/home/tom/humanoid_ws/src/humanoid-control/install/_local_setup_util_sh.py'
[118.063s] INFO:colcon.colcon_core.shell:Creating prefix chain script '/home/tom/humanoid_ws/src/humanoid-control/install/setup.sh'
[118.074s] INFO:colcon.colcon_core.shell:Creating prefix script '/home/tom/humanoid_ws/src/humanoid-control/install/local_setup.bash'
[118.075s] INFO:colcon.colcon_core.shell:Creating prefix chain script '/home/tom/humanoid_ws/src/humanoid-control/install/setup.bash'
[118.085s] INFO:colcon.colcon_core.shell:Creating prefix script '/home/tom/humanoid_ws/src/humanoid-control/install/local_setup.zsh'
[118.087s] INFO:colcon.colcon_core.shell:Creating prefix chain script '/home/tom/humanoid_ws/src/humanoid-control/install/setup.zsh'
