[ 10%] [32mBuilding CXX object qpoases-build/CMakeFiles/qpOASES.dir/src/Constraints.cpp.o[0m
[ 10%] [32mBuilding CXX object qpoases-build/CMakeFiles/qpOASES.dir/src/BLASReplacement.cpp.o[0m
[ 15%] [32mBuilding CXX object qpoases-build/CMakeFiles/qpOASES.dir/src/Flipper.cpp.o[0m
[ 21%] [32mBuilding CXX object qpoases-build/CMakeFiles/qpOASES.dir/src/Matrices.cpp.o[0m
[ 26%] [32mBuilding CXX object qpoases-build/CMakeFiles/qpOASES.dir/src/Indexlist.cpp.o[0m
[ 31%] [32mBuilding CXX object qpoases-build/CMakeFiles/qpOASES.dir/src/Bounds.cpp.o[0m
[ 36%] [32mBuilding CXX object qpoases-build/CMakeFiles/qpOASES.dir/src/LAPACKReplacement.cpp.o[0m
[ 42%] [32mBuilding CXX object qpoases-build/CMakeFiles/qpOASES.dir/src/Options.cpp.o[0m
[ 47%] [32mBuilding CXX object qpoases-build/CMakeFiles/qpOASES.dir/src/OQPinterface.cpp.o[0m
[ 52%] [32mBuilding CXX object qpoases-build/CMakeFiles/qpOASES.dir/src/MessageHandling.cpp.o[0m
[ 57%] [32mBuilding CXX object qpoases-build/CMakeFiles/qpOASES.dir/src/QProblemB.cpp.o[0m
[ 63%] [32mBuilding CXX object qpoases-build/CMakeFiles/qpOASES.dir/src/QProblem.cpp.o[0m
[ 68%] [32mBuilding CXX object qpoases-build/CMakeFiles/qpOASES.dir/src/SQProblem.cpp.o[0m
[ 73%] [32mBuilding CXX object qpoases-build/CMakeFiles/qpOASES.dir/src/SQProblemSchur.cpp.o[0m
[ 78%] [32mBuilding CXX object qpoases-build/CMakeFiles/qpOASES.dir/src/SolutionAnalysis.cpp.o[0m
[ 84%] [32mBuilding CXX object qpoases-build/CMakeFiles/qpOASES.dir/src/SparseSolver.cpp.o[0m
[ 89%] [32mBuilding CXX object qpoases-build/CMakeFiles/qpOASES.dir/src/SubjectTo.cpp.o[0m
[ 94%] [32mBuilding CXX object qpoases-build/CMakeFiles/qpOASES.dir/src/Utils.cpp.o[0m
[100%] [32m[1mLinking CXX shared library libs/libqpOASES.so[0m
[100%] Built target qpOASES
