[0.105s] DEBUG:colcon:Command line arguments: ['/usr/bin/colcon', 'build', '--packages-select', 'humanoid_common', 'qpoases_colcon', '--symlink-install']
[0.105s] DEBUG:colcon:Parsed command line arguments: Namespace(log_base=None, log_level=None, verb_name='build', build_base='build', install_base='install', merge_install=False, symlink_install=True, test_result_base=None, continue_on_error=False, executor='parallel', parallel_workers=12, event_handlers=None, ignore_user_meta=False, metas=['./colcon.meta'], base_paths=['.'], packages_ignore=None, packages_ignore_regex=None, paths=None, packages_up_to=None, packages_up_to_regex=None, packages_above=None, packages_above_and_dependencies=None, packages_above_depth=None, packages_select_by_dep=None, packages_skip_by_dep=None, packages_skip_up_to=None, packages_select_build_failed=False, packages_skip_build_finished=False, packages_select_test_failures=False, packages_skip_test_passed=False, packages_select=['humanoid_common', 'qpoases_colcon'], packages_skip=None, packages_select_regex=None, packages_skip_regex=None, packages_start=None, packages_end=None, allow_overriding=[], cmake_args=None, cmake_target=None, cmake_target_skip_unavailable=False, cmake_clean_cache=False, cmake_clean_first=False, cmake_force_configure=False, ament_cmake_args=None, catkin_cmake_args=None, catkin_skip_building_tests=False, verb_parser=<colcon_defaults.argument_parser.defaults.DefaultArgumentsDecorator object at 0x700e2ec5c790>, verb_extension=<colcon_core.verb.build.BuildVerb object at 0x700e2ec5c0d0>, main=<bound method BuildVerb.main of <colcon_core.verb.build.BuildVerb object at 0x700e2ec5c0d0>>)
[0.264s] Level 1:colcon.colcon_core.package_discovery:discover_packages(colcon_meta) check parameters
[0.264s] Level 1:colcon.colcon_core.package_discovery:discover_packages(recursive) check parameters
[0.264s] Level 1:colcon.colcon_core.package_discovery:discover_packages(ignore) check parameters
[0.264s] Level 1:colcon.colcon_core.package_discovery:discover_packages(path) check parameters
[0.264s] Level 1:colcon.colcon_core.package_discovery:discover_packages(colcon_meta) discover
[0.264s] Level 1:colcon.colcon_core.package_discovery:discover_packages(recursive) discover
[0.264s] INFO:colcon.colcon_core.package_discovery:Crawling recursively for packages in '/home/tom/humanoid_ws/src/humanoid-control'
[0.264s] Level 1:colcon.colcon_core.package_identification:_identify(.) by extensions ['ignore', 'ignore_ament_install']
[0.264s] Level 1:colcon.colcon_core.package_identification:_identify(.) by extension 'ignore'
[0.265s] Level 1:colcon.colcon_core.package_identification:_identify(.) by extension 'ignore_ament_install'
[0.265s] Level 1:colcon.colcon_core.package_identification:_identify(.) by extensions ['colcon_pkg']
[0.265s] Level 1:colcon.colcon_core.package_identification:_identify(.) by extension 'colcon_pkg'
[0.265s] Level 1:colcon.colcon_core.package_identification:_identify(.) by extensions ['colcon_meta']
[0.265s] Level 1:colcon.colcon_core.package_identification:_identify(.) by extension 'colcon_meta'
[0.265s] Level 1:colcon.colcon_core.package_identification:_identify(.) by extensions ['ros']
[0.265s] Level 1:colcon.colcon_core.package_identification:_identify(.) by extension 'ros'
[0.276s] Level 1:colcon.colcon_core.package_identification:_identify(.) by extensions ['cmake', 'python']
[0.276s] Level 1:colcon.colcon_core.package_identification:_identify(.) by extension 'cmake'
[0.276s] Level 1:colcon.colcon_core.package_identification:_identify(.) by extension 'python'
[0.276s] Level 1:colcon.colcon_core.package_identification:_identify(.) by extensions ['python_setup_py']
[0.276s] Level 1:colcon.colcon_core.package_identification:_identify(.) by extension 'python_setup_py'
[0.276s] Level 1:colcon.colcon_core.package_identification:_identify(README.assets) by extensions ['ignore', 'ignore_ament_install']
[0.276s] Level 1:colcon.colcon_core.package_identification:_identify(README.assets) by extension 'ignore'
[0.276s] Level 1:colcon.colcon_core.package_identification:_identify(README.assets) by extension 'ignore_ament_install'
[0.277s] Level 1:colcon.colcon_core.package_identification:_identify(README.assets) by extensions ['colcon_pkg']
[0.277s] Level 1:colcon.colcon_core.package_identification:_identify(README.assets) by extension 'colcon_pkg'
[0.277s] Level 1:colcon.colcon_core.package_identification:_identify(README.assets) by extensions ['colcon_meta']
[0.277s] Level 1:colcon.colcon_core.package_identification:_identify(README.assets) by extension 'colcon_meta'
[0.277s] Level 1:colcon.colcon_core.package_identification:_identify(README.assets) by extensions ['ros']
[0.277s] Level 1:colcon.colcon_core.package_identification:_identify(README.assets) by extension 'ros'
[0.277s] Level 1:colcon.colcon_core.package_identification:_identify(README.assets) by extensions ['cmake', 'python']
[0.277s] Level 1:colcon.colcon_core.package_identification:_identify(README.assets) by extension 'cmake'
[0.277s] Level 1:colcon.colcon_core.package_identification:_identify(README.assets) by extension 'python'
[0.277s] Level 1:colcon.colcon_core.package_identification:_identify(README.assets) by extensions ['python_setup_py']
[0.277s] Level 1:colcon.colcon_core.package_identification:_identify(README.assets) by extension 'python_setup_py'
[0.277s] Level 1:colcon.colcon_core.package_identification:_identify(build) by extensions ['ignore', 'ignore_ament_install']
[0.277s] Level 1:colcon.colcon_core.package_identification:_identify(build) by extension 'ignore'
[0.277s] Level 1:colcon.colcon_core.package_identification:_identify(build) ignored
[0.277s] Level 1:colcon.colcon_core.package_identification:_identify(humanoid-legged-description) by extensions ['ignore', 'ignore_ament_install']
[0.277s] Level 1:colcon.colcon_core.package_identification:_identify(humanoid-legged-description) by extension 'ignore'
[0.277s] Level 1:colcon.colcon_core.package_identification:_identify(humanoid-legged-description) by extension 'ignore_ament_install'
[0.277s] Level 1:colcon.colcon_core.package_identification:_identify(humanoid-legged-description) by extensions ['colcon_pkg']
[0.278s] Level 1:colcon.colcon_core.package_identification:_identify(humanoid-legged-description) by extension 'colcon_pkg'
[0.278s] Level 1:colcon.colcon_core.package_identification:_identify(humanoid-legged-description) by extensions ['colcon_meta']
[0.278s] Level 1:colcon.colcon_core.package_identification:_identify(humanoid-legged-description) by extension 'colcon_meta'
[0.278s] Level 1:colcon.colcon_core.package_identification:_identify(humanoid-legged-description) by extensions ['ros']
[0.278s] Level 1:colcon.colcon_core.package_identification:_identify(humanoid-legged-description) by extension 'ros'
[0.281s] DEBUG:colcon.colcon_core.package_identification:Package 'humanoid-legged-description' with type 'ros.ament_cmake' and name 'humanoid_legged_description'
[0.281s] Level 1:colcon.colcon_core.package_identification:_identify(humanoid_common) by extensions ['ignore', 'ignore_ament_install']
[0.281s] Level 1:colcon.colcon_core.package_identification:_identify(humanoid_common) by extension 'ignore'
[0.281s] Level 1:colcon.colcon_core.package_identification:_identify(humanoid_common) by extension 'ignore_ament_install'
[0.281s] Level 1:colcon.colcon_core.package_identification:_identify(humanoid_common) by extensions ['colcon_pkg']
[0.281s] Level 1:colcon.colcon_core.package_identification:_identify(humanoid_common) by extension 'colcon_pkg'
[0.281s] Level 1:colcon.colcon_core.package_identification:_identify(humanoid_common) by extensions ['colcon_meta']
[0.281s] Level 1:colcon.colcon_core.package_identification:_identify(humanoid_common) by extension 'colcon_meta'
[0.281s] Level 1:colcon.colcon_core.package_identification:_identify(humanoid_common) by extensions ['ros']
[0.281s] Level 1:colcon.colcon_core.package_identification:_identify(humanoid_common) by extension 'ros'
[0.282s] DEBUG:colcon.colcon_core.package_identification:Package 'humanoid_common' with type 'ros.ament_cmake' and name 'humanoid_common'
[0.282s] Level 1:colcon.colcon_core.package_identification:_identify(humanoid_controllers) by extensions ['ignore', 'ignore_ament_install']
[0.282s] Level 1:colcon.colcon_core.package_identification:_identify(humanoid_controllers) by extension 'ignore'
[0.282s] Level 1:colcon.colcon_core.package_identification:_identify(humanoid_controllers) by extension 'ignore_ament_install'
[0.282s] Level 1:colcon.colcon_core.package_identification:_identify(humanoid_controllers) by extensions ['colcon_pkg']
[0.282s] Level 1:colcon.colcon_core.package_identification:_identify(humanoid_controllers) by extension 'colcon_pkg'
[0.282s] Level 1:colcon.colcon_core.package_identification:_identify(humanoid_controllers) by extensions ['colcon_meta']
[0.282s] Level 1:colcon.colcon_core.package_identification:_identify(humanoid_controllers) by extension 'colcon_meta'
[0.282s] Level 1:colcon.colcon_core.package_identification:_identify(humanoid_controllers) by extensions ['ros']
[0.282s] Level 1:colcon.colcon_core.package_identification:_identify(humanoid_controllers) by extension 'ros'
[0.284s] DEBUG:colcon.colcon_core.package_identification:Package 'humanoid_controllers' with type 'ros.ament_cmake' and name 'humanoid_controllers'
[0.284s] Level 1:colcon.colcon_core.package_identification:_identify(humanoid_dummy) by extensions ['ignore', 'ignore_ament_install']
[0.284s] Level 1:colcon.colcon_core.package_identification:_identify(humanoid_dummy) by extension 'ignore'
[0.284s] Level 1:colcon.colcon_core.package_identification:_identify(humanoid_dummy) by extension 'ignore_ament_install'
[0.284s] Level 1:colcon.colcon_core.package_identification:_identify(humanoid_dummy) by extensions ['colcon_pkg']
[0.284s] Level 1:colcon.colcon_core.package_identification:_identify(humanoid_dummy) by extension 'colcon_pkg'
[0.284s] Level 1:colcon.colcon_core.package_identification:_identify(humanoid_dummy) by extensions ['colcon_meta']
[0.284s] Level 1:colcon.colcon_core.package_identification:_identify(humanoid_dummy) by extension 'colcon_meta'
[0.284s] Level 1:colcon.colcon_core.package_identification:_identify(humanoid_dummy) by extensions ['ros']
[0.284s] Level 1:colcon.colcon_core.package_identification:_identify(humanoid_dummy) by extension 'ros'
[0.287s] DEBUG:colcon.colcon_core.package_identification:Package 'humanoid_dummy' with type 'ros.ament_cmake' and name 'humanoid_dummy'
[0.287s] Level 1:colcon.colcon_core.package_identification:_identify(humanoid_estimation) by extensions ['ignore', 'ignore_ament_install']
[0.287s] Level 1:colcon.colcon_core.package_identification:_identify(humanoid_estimation) by extension 'ignore'
[0.287s] Level 1:colcon.colcon_core.package_identification:_identify(humanoid_estimation) by extension 'ignore_ament_install'
[0.287s] Level 1:colcon.colcon_core.package_identification:_identify(humanoid_estimation) by extensions ['colcon_pkg']
[0.287s] Level 1:colcon.colcon_core.package_identification:_identify(humanoid_estimation) by extension 'colcon_pkg'
[0.287s] Level 1:colcon.colcon_core.package_identification:_identify(humanoid_estimation) by extensions ['colcon_meta']
[0.287s] Level 1:colcon.colcon_core.package_identification:_identify(humanoid_estimation) by extension 'colcon_meta'
[0.287s] Level 1:colcon.colcon_core.package_identification:_identify(humanoid_estimation) by extensions ['ros']
[0.287s] Level 1:colcon.colcon_core.package_identification:_identify(humanoid_estimation) by extension 'ros'
[0.288s] DEBUG:colcon.colcon_core.package_identification:Package 'humanoid_estimation' with type 'ros.ament_cmake' and name 'humanoid_estimation'
[0.288s] Level 1:colcon.colcon_core.package_identification:_identify(humanoid_interface) by extensions ['ignore', 'ignore_ament_install']
[0.288s] Level 1:colcon.colcon_core.package_identification:_identify(humanoid_interface) by extension 'ignore'
[0.288s] Level 1:colcon.colcon_core.package_identification:_identify(humanoid_interface) by extension 'ignore_ament_install'
[0.288s] Level 1:colcon.colcon_core.package_identification:_identify(humanoid_interface) by extensions ['colcon_pkg']
[0.289s] Level 1:colcon.colcon_core.package_identification:_identify(humanoid_interface) by extension 'colcon_pkg'
[0.289s] Level 1:colcon.colcon_core.package_identification:_identify(humanoid_interface) by extensions ['colcon_meta']
[0.289s] Level 1:colcon.colcon_core.package_identification:_identify(humanoid_interface) by extension 'colcon_meta'
[0.289s] Level 1:colcon.colcon_core.package_identification:_identify(humanoid_interface) by extensions ['ros']
[0.289s] Level 1:colcon.colcon_core.package_identification:_identify(humanoid_interface) by extension 'ros'
[0.290s] DEBUG:colcon.colcon_core.package_identification:Package 'humanoid_interface' with type 'ros.ament_cmake' and name 'humanoid_interface'
[0.290s] Level 1:colcon.colcon_core.package_identification:_identify(humanoid_wbc) by extensions ['ignore', 'ignore_ament_install']
[0.290s] Level 1:colcon.colcon_core.package_identification:_identify(humanoid_wbc) by extension 'ignore'
[0.290s] Level 1:colcon.colcon_core.package_identification:_identify(humanoid_wbc) by extension 'ignore_ament_install'
[0.290s] Level 1:colcon.colcon_core.package_identification:_identify(humanoid_wbc) by extensions ['colcon_pkg']
[0.290s] Level 1:colcon.colcon_core.package_identification:_identify(humanoid_wbc) by extension 'colcon_pkg'
[0.290s] Level 1:colcon.colcon_core.package_identification:_identify(humanoid_wbc) by extensions ['colcon_meta']
[0.290s] Level 1:colcon.colcon_core.package_identification:_identify(humanoid_wbc) by extension 'colcon_meta'
[0.290s] Level 1:colcon.colcon_core.package_identification:_identify(humanoid_wbc) by extensions ['ros']
[0.290s] Level 1:colcon.colcon_core.package_identification:_identify(humanoid_wbc) by extension 'ros'
[0.291s] DEBUG:colcon.colcon_core.package_identification:Package 'humanoid_wbc' with type 'ros.ament_cmake' and name 'humanoid_wbc'
[0.291s] Level 1:colcon.colcon_core.package_identification:_identify(install) by extensions ['ignore', 'ignore_ament_install']
[0.291s] Level 1:colcon.colcon_core.package_identification:_identify(install) by extension 'ignore'
[0.291s] Level 1:colcon.colcon_core.package_identification:_identify(install) ignored
[0.292s] Level 1:colcon.colcon_core.package_identification:_identify(log) by extensions ['ignore', 'ignore_ament_install']
[0.292s] Level 1:colcon.colcon_core.package_identification:_identify(log) by extension 'ignore'
[0.292s] Level 1:colcon.colcon_core.package_identification:_identify(log) ignored
[0.292s] Level 1:colcon.colcon_core.package_identification:_identify(mujoco_sim) by extensions ['ignore', 'ignore_ament_install']
[0.292s] Level 1:colcon.colcon_core.package_identification:_identify(mujoco_sim) by extension 'ignore'
[0.292s] Level 1:colcon.colcon_core.package_identification:_identify(mujoco_sim) by extension 'ignore_ament_install'
[0.292s] Level 1:colcon.colcon_core.package_identification:_identify(mujoco_sim) by extensions ['colcon_pkg']
[0.292s] Level 1:colcon.colcon_core.package_identification:_identify(mujoco_sim) by extension 'colcon_pkg'
[0.292s] Level 1:colcon.colcon_core.package_identification:_identify(mujoco_sim) by extensions ['colcon_meta']
[0.292s] Level 1:colcon.colcon_core.package_identification:_identify(mujoco_sim) by extension 'colcon_meta'
[0.292s] Level 1:colcon.colcon_core.package_identification:_identify(mujoco_sim) by extensions ['ros']
[0.292s] Level 1:colcon.colcon_core.package_identification:_identify(mujoco_sim) by extension 'ros'
[0.293s] DEBUG:colcon.colcon_core.package_identification:Package 'mujoco_sim' with type 'ros.ament_cmake' and name 'mujoco_sim'
[0.293s] Level 1:colcon.colcon_core.package_identification:_identify(qpoases_colcon) by extensions ['ignore', 'ignore_ament_install']
[0.293s] Level 1:colcon.colcon_core.package_identification:_identify(qpoases_colcon) by extension 'ignore'
[0.293s] Level 1:colcon.colcon_core.package_identification:_identify(qpoases_colcon) by extension 'ignore_ament_install'
[0.293s] Level 1:colcon.colcon_core.package_identification:_identify(qpoases_colcon) by extensions ['colcon_pkg']
[0.293s] Level 1:colcon.colcon_core.package_identification:_identify(qpoases_colcon) by extension 'colcon_pkg'
[0.293s] Level 1:colcon.colcon_core.package_identification:_identify(qpoases_colcon) by extensions ['colcon_meta']
[0.293s] Level 1:colcon.colcon_core.package_identification:_identify(qpoases_colcon) by extension 'colcon_meta'
[0.293s] Level 1:colcon.colcon_core.package_identification:_identify(qpoases_colcon) by extensions ['ros']
[0.293s] Level 1:colcon.colcon_core.package_identification:_identify(qpoases_colcon) by extension 'ros'
[0.294s] DEBUG:colcon.colcon_core.package_identification:Package 'qpoases_colcon' with type 'ros.ament_cmake' and name 'qpoases_colcon'
[0.294s] Level 1:colcon.colcon_core.package_discovery:discover_packages(recursive) using defaults
[0.294s] Level 1:colcon.colcon_core.package_discovery:discover_packages(ignore) discover
[0.294s] Level 1:colcon.colcon_core.package_discovery:discover_packages(ignore) using defaults
[0.294s] Level 1:colcon.colcon_core.package_discovery:discover_packages(path) discover
[0.294s] Level 1:colcon.colcon_core.package_discovery:discover_packages(path) using defaults
[0.327s] INFO:colcon.colcon_core.package_selection:Skipping not selected package 'humanoid_interface' in 'humanoid_interface'
[0.327s] INFO:colcon.colcon_core.package_selection:Skipping not selected package 'humanoid_legged_description' in 'humanoid-legged-description'
[0.327s] INFO:colcon.colcon_core.package_selection:Skipping not selected package 'mujoco_sim' in 'mujoco_sim'
[0.327s] INFO:colcon.colcon_core.package_selection:Skipping not selected package 'humanoid_dummy' in 'humanoid_dummy'
[0.327s] INFO:colcon.colcon_core.package_selection:Skipping not selected package 'humanoid_estimation' in 'humanoid_estimation'
[0.327s] INFO:colcon.colcon_core.package_selection:Skipping not selected package 'humanoid_wbc' in 'humanoid_wbc'
[0.327s] INFO:colcon.colcon_core.package_selection:Skipping not selected package 'humanoid_controllers' in 'humanoid_controllers'
[0.328s] Level 1:colcon.colcon_core.package_discovery:discover_packages(prefix_path) check parameters
[0.328s] Level 1:colcon.colcon_core.package_discovery:discover_packages(prefix_path) discover
[0.333s] DEBUG:colcon.colcon_installed_package_information.package_discovery:Found 57 installed packages in /home/tom/ocs2_ws/install
[0.335s] DEBUG:colcon.colcon_installed_package_information.package_discovery:Found 280 installed packages in /opt/ros/humble
[0.338s] Level 1:colcon.colcon_core.package_discovery:discover_packages(prefix_path) using defaults
[0.383s] Level 5:colcon.colcon_core.verb:set package 'humanoid_common' build argument 'cmake_args' from command line to 'None'
[0.383s] Level 5:colcon.colcon_core.verb:set package 'humanoid_common' build argument 'cmake_target' from command line to 'None'
[0.383s] Level 5:colcon.colcon_core.verb:set package 'humanoid_common' build argument 'cmake_target_skip_unavailable' from command line to 'False'
[0.383s] Level 5:colcon.colcon_core.verb:set package 'humanoid_common' build argument 'cmake_clean_cache' from command line to 'False'
[0.383s] Level 5:colcon.colcon_core.verb:set package 'humanoid_common' build argument 'cmake_clean_first' from command line to 'False'
[0.383s] Level 5:colcon.colcon_core.verb:set package 'humanoid_common' build argument 'cmake_force_configure' from command line to 'False'
[0.383s] Level 5:colcon.colcon_core.verb:set package 'humanoid_common' build argument 'ament_cmake_args' from command line to 'None'
[0.383s] Level 5:colcon.colcon_core.verb:set package 'humanoid_common' build argument 'catkin_cmake_args' from command line to 'None'
[0.383s] Level 5:colcon.colcon_core.verb:set package 'humanoid_common' build argument 'catkin_skip_building_tests' from command line to 'False'
[0.383s] DEBUG:colcon.colcon_core.verb:Building package 'humanoid_common' with the following arguments: {'ament_cmake_args': None, 'build_base': '/home/tom/humanoid_ws/src/humanoid-control/build/humanoid_common', 'catkin_cmake_args': None, 'catkin_skip_building_tests': False, 'cmake_args': None, 'cmake_clean_cache': False, 'cmake_clean_first': False, 'cmake_force_configure': False, 'cmake_target': None, 'cmake_target_skip_unavailable': False, 'install_base': '/home/tom/humanoid_ws/src/humanoid-control/install/humanoid_common', 'merge_install': False, 'path': '/home/tom/humanoid_ws/src/humanoid-control/humanoid_common', 'symlink_install': True, 'test_result_base': None}
[0.384s] Level 5:colcon.colcon_core.verb:set package 'qpoases_colcon' build argument 'cmake_args' from command line to 'None'
[0.384s] Level 5:colcon.colcon_core.verb:set package 'qpoases_colcon' build argument 'cmake_target' from command line to 'None'
[0.384s] Level 5:colcon.colcon_core.verb:set package 'qpoases_colcon' build argument 'cmake_target_skip_unavailable' from command line to 'False'
[0.384s] Level 5:colcon.colcon_core.verb:set package 'qpoases_colcon' build argument 'cmake_clean_cache' from command line to 'False'
[0.384s] Level 5:colcon.colcon_core.verb:set package 'qpoases_colcon' build argument 'cmake_clean_first' from command line to 'False'
[0.384s] Level 5:colcon.colcon_core.verb:set package 'qpoases_colcon' build argument 'cmake_force_configure' from command line to 'False'
[0.384s] Level 5:colcon.colcon_core.verb:set package 'qpoases_colcon' build argument 'ament_cmake_args' from command line to 'None'
[0.384s] Level 5:colcon.colcon_core.verb:set package 'qpoases_colcon' build argument 'catkin_cmake_args' from command line to 'None'
[0.384s] Level 5:colcon.colcon_core.verb:set package 'qpoases_colcon' build argument 'catkin_skip_building_tests' from command line to 'False'
[0.384s] DEBUG:colcon.colcon_core.verb:Building package 'qpoases_colcon' with the following arguments: {'ament_cmake_args': None, 'build_base': '/home/tom/humanoid_ws/src/humanoid-control/build/qpoases_colcon', 'catkin_cmake_args': None, 'catkin_skip_building_tests': False, 'cmake_args': None, 'cmake_clean_cache': False, 'cmake_clean_first': False, 'cmake_force_configure': False, 'cmake_target': None, 'cmake_target_skip_unavailable': False, 'install_base': '/home/tom/humanoid_ws/src/humanoid-control/install/qpoases_colcon', 'merge_install': False, 'path': '/home/tom/humanoid_ws/src/humanoid-control/qpoases_colcon', 'symlink_install': True, 'test_result_base': None}
[0.384s] INFO:colcon.colcon_core.executor:Executing jobs using 'parallel' executor
[0.385s] DEBUG:colcon.colcon_parallel_executor.executor.parallel:run_until_complete
[0.385s] INFO:colcon.colcon_ros.task.ament_cmake.build:Building ROS package in '/home/tom/humanoid_ws/src/humanoid-control/humanoid_common' with build type 'ament_cmake'
[0.385s] INFO:colcon.colcon_cmake.task.cmake.build:Building CMake package in '/home/tom/humanoid_ws/src/humanoid-control/humanoid_common'
[0.388s] INFO:colcon.colcon_core.plugin_system:Skipping extension 'colcon_core.shell.bat': Not used on non-Windows systems
[0.388s] INFO:colcon.colcon_core.shell:Skip shell extension 'powershell' for command environment: Not usable outside of PowerShell
[0.388s] DEBUG:colcon.colcon_core.shell:Skip shell extension 'dsv' for command environment
[0.396s] INFO:colcon.colcon_ros.task.ament_cmake.build:Building ROS package in '/home/tom/humanoid_ws/src/humanoid-control/qpoases_colcon' with build type 'ament_cmake'
[0.396s] INFO:colcon.colcon_cmake.task.cmake.build:Building CMake package in '/home/tom/humanoid_ws/src/humanoid-control/qpoases_colcon'
[0.396s] INFO:colcon.colcon_core.shell:Skip shell extension 'powershell' for command environment: Not usable outside of PowerShell
[0.396s] DEBUG:colcon.colcon_core.shell:Skip shell extension 'dsv' for command environment
[0.408s] DEBUG:colcon.colcon_core.event_handler.log_command:Invoking command in '/home/tom/humanoid_ws/src/humanoid-control/build/humanoid_common': CMAKE_PREFIX_PATH=/home/tom/ocs2_ws/install/ocs2_ros2:/home/tom/ocs2_ws/install/ocs2_robotic_examples:/home/tom/ocs2_ws/install/ocs2_anymal:/home/tom/ocs2_ws/install/ocs2_anymal_loopshaping_mpc:/home/tom/ocs2_ws/install/ocs2_quadruped_loopshaping_interface:/home/tom/ocs2_ws/install/ocs2_anymal_mpc:/home/tom/ocs2_ws/install/ocs2_quadruped_interface:/home/tom/ocs2_ws/install/segmented_planes_terrain_model:/home/tom/ocs2_ws/install/ocs2_sphere_approximation:/home/tom/ocs2_ws/install/ocs2_pinocchio:/home/tom/ocs2_ws/install/ocs2_mobile_manipulator_ros:/home/tom/ocs2_ws/install/ocs2_self_collision_visualization:/home/tom/ocs2_ws/install/ocs2_mobile_manipulator:/home/tom/ocs2_ws/install/ocs2_self_collision:/home/tom/ocs2_ws/install/ocs2_legged_robot_ros:/home/tom/ocs2_ws/install/ocs2_legged_robot:/home/tom/ocs2_ws/install/ocs2_centroidal_model:/home/tom/ocs2_ws/install/ocs2_anymal_models:/home/tom/ocs2_ws/install/ocs2_pinocchio_interface:/home/tom/ocs2_ws/install/pinocchio:/home/tom/ocs2_ws/install/ocs2_anymal_commands:/home/tom/ocs2_ws/install/ocs2_switched_model_interface:/home/tom/ocs2_ws/install/ocs2_ballbot_ros:/home/tom/ocs2_ws/install/ocs2_ballbot:/home/tom/ocs2_ws/install/ocs2_sqp:/home/tom/ocs2_ws/install/ocs2_slp:/home/tom/ocs2_ws/install/ocs2_quadrotor_ros:/home/tom/ocs2_ws/install/ocs2_double_integrator_ros:/home/tom/ocs2_ws/install/ocs2_cartpole_ros:/home/tom/ocs2_ws/install/ocs2_ros_interfaces:/home/tom/ocs2_ws/install/ocs2_quadrotor:/home/tom/ocs2_ws/install/ocs2_double_integrator:/home/tom/ocs2_ws/install/ocs2_python_interface:/home/tom/ocs2_ws/install/ocs2_perceptive:/home/tom/ocs2_ws/install/ocs2_cartpole:/home/tom/ocs2_ws/install/ocs2_robotic_tools:/home/tom/ocs2_ws/install/ocs2_ocs2:/home/tom/ocs2_ws/install/ocs2_ipm:/home/tom/ocs2_ws/install/ocs2_ddp:/home/tom/ocs2_ws/install/hpipm_catkin:/home/tom/ocs2_ws/install/ocs2_qp_solver:/home/tom/ocs2_ws/install/ocs2_mpc:/home/tom/ocs2_ws/install/ocs2_oc:/home/tom/ocs2_ws/install/ocs2_frank_wolfe:/home/tom/ocs2_ws/install/ocs2_core:/home/tom/ocs2_ws/install/ocs2_thirdparty:/home/tom/ocs2_ws/install/ocs2_switched_model_msgs:/home/tom/ocs2_ws/install/ocs2_robotic_assets:/home/tom/ocs2_ws/install/ocs2_msgs:/home/tom/ocs2_ws/install/hpp-fcl:/home/tom/ocs2_ws/install/convex_plane_decomposition_ros:/home/tom/ocs2_ws/install/convex_plane_decomposition:/opt/ros/humble:/home/tom/ocs2_ws/install/grid_map_filters_rsl:/home/tom/ocs2_ws/install/convex_plane_decomposition_msgs:/home/tom/ocs2_ws/install/cgal5_catkin:/home/tom/ocs2_ws/install/blasfeo_catkin /usr/bin/cmake /home/tom/humanoid_ws/src/humanoid-control/humanoid_common -DAMENT_CMAKE_SYMLINK_INSTALL=1 -DCMAKE_INSTALL_PREFIX=/home/tom/humanoid_ws/src/humanoid-control/install/humanoid_common
[0.414s] DEBUG:colcon.colcon_core.event_handler.log_command:Invoking command in '/home/tom/humanoid_ws/src/humanoid-control/build/qpoases_colcon': CMAKE_PREFIX_PATH=/home/tom/ocs2_ws/install/ocs2_ros2:/home/tom/ocs2_ws/install/ocs2_robotic_examples:/home/tom/ocs2_ws/install/ocs2_anymal:/home/tom/ocs2_ws/install/ocs2_anymal_loopshaping_mpc:/home/tom/ocs2_ws/install/ocs2_quadruped_loopshaping_interface:/home/tom/ocs2_ws/install/ocs2_anymal_mpc:/home/tom/ocs2_ws/install/ocs2_quadruped_interface:/home/tom/ocs2_ws/install/segmented_planes_terrain_model:/home/tom/ocs2_ws/install/ocs2_sphere_approximation:/home/tom/ocs2_ws/install/ocs2_pinocchio:/home/tom/ocs2_ws/install/ocs2_mobile_manipulator_ros:/home/tom/ocs2_ws/install/ocs2_self_collision_visualization:/home/tom/ocs2_ws/install/ocs2_mobile_manipulator:/home/tom/ocs2_ws/install/ocs2_self_collision:/home/tom/ocs2_ws/install/ocs2_legged_robot_ros:/home/tom/ocs2_ws/install/ocs2_legged_robot:/home/tom/ocs2_ws/install/ocs2_centroidal_model:/home/tom/ocs2_ws/install/ocs2_anymal_models:/home/tom/ocs2_ws/install/ocs2_pinocchio_interface:/home/tom/ocs2_ws/install/pinocchio:/home/tom/ocs2_ws/install/ocs2_anymal_commands:/home/tom/ocs2_ws/install/ocs2_switched_model_interface:/home/tom/ocs2_ws/install/ocs2_ballbot_ros:/home/tom/ocs2_ws/install/ocs2_ballbot:/home/tom/ocs2_ws/install/ocs2_sqp:/home/tom/ocs2_ws/install/ocs2_slp:/home/tom/ocs2_ws/install/ocs2_quadrotor_ros:/home/tom/ocs2_ws/install/ocs2_double_integrator_ros:/home/tom/ocs2_ws/install/ocs2_cartpole_ros:/home/tom/ocs2_ws/install/ocs2_ros_interfaces:/home/tom/ocs2_ws/install/ocs2_quadrotor:/home/tom/ocs2_ws/install/ocs2_double_integrator:/home/tom/ocs2_ws/install/ocs2_python_interface:/home/tom/ocs2_ws/install/ocs2_perceptive:/home/tom/ocs2_ws/install/ocs2_cartpole:/home/tom/ocs2_ws/install/ocs2_robotic_tools:/home/tom/ocs2_ws/install/ocs2_ocs2:/home/tom/ocs2_ws/install/ocs2_ipm:/home/tom/ocs2_ws/install/ocs2_ddp:/home/tom/ocs2_ws/install/hpipm_catkin:/home/tom/ocs2_ws/install/ocs2_qp_solver:/home/tom/ocs2_ws/install/ocs2_mpc:/home/tom/ocs2_ws/install/ocs2_oc:/home/tom/ocs2_ws/install/ocs2_frank_wolfe:/home/tom/ocs2_ws/install/ocs2_core:/home/tom/ocs2_ws/install/ocs2_thirdparty:/home/tom/ocs2_ws/install/ocs2_switched_model_msgs:/home/tom/ocs2_ws/install/ocs2_robotic_assets:/home/tom/ocs2_ws/install/ocs2_msgs:/home/tom/ocs2_ws/install/hpp-fcl:/home/tom/ocs2_ws/install/convex_plane_decomposition_ros:/home/tom/ocs2_ws/install/convex_plane_decomposition:/opt/ros/humble:/home/tom/ocs2_ws/install/grid_map_filters_rsl:/home/tom/ocs2_ws/install/convex_plane_decomposition_msgs:/home/tom/ocs2_ws/install/cgal5_catkin:/home/tom/ocs2_ws/install/blasfeo_catkin /usr/bin/cmake --build /home/tom/humanoid_ws/src/humanoid-control/build/qpoases_colcon -- -j12 -l12
[0.562s] DEBUG:colcon.colcon_core.event_handler.log_command:Invoked command in '/home/tom/humanoid_ws/src/humanoid-control/build/qpoases_colcon' returned '0': CMAKE_PREFIX_PATH=/home/tom/ocs2_ws/install/ocs2_ros2:/home/tom/ocs2_ws/install/ocs2_robotic_examples:/home/tom/ocs2_ws/install/ocs2_anymal:/home/tom/ocs2_ws/install/ocs2_anymal_loopshaping_mpc:/home/tom/ocs2_ws/install/ocs2_quadruped_loopshaping_interface:/home/tom/ocs2_ws/install/ocs2_anymal_mpc:/home/tom/ocs2_ws/install/ocs2_quadruped_interface:/home/tom/ocs2_ws/install/segmented_planes_terrain_model:/home/tom/ocs2_ws/install/ocs2_sphere_approximation:/home/tom/ocs2_ws/install/ocs2_pinocchio:/home/tom/ocs2_ws/install/ocs2_mobile_manipulator_ros:/home/tom/ocs2_ws/install/ocs2_self_collision_visualization:/home/tom/ocs2_ws/install/ocs2_mobile_manipulator:/home/tom/ocs2_ws/install/ocs2_self_collision:/home/tom/ocs2_ws/install/ocs2_legged_robot_ros:/home/tom/ocs2_ws/install/ocs2_legged_robot:/home/tom/ocs2_ws/install/ocs2_centroidal_model:/home/tom/ocs2_ws/install/ocs2_anymal_models:/home/tom/ocs2_ws/install/ocs2_pinocchio_interface:/home/tom/ocs2_ws/install/pinocchio:/home/tom/ocs2_ws/install/ocs2_anymal_commands:/home/tom/ocs2_ws/install/ocs2_switched_model_interface:/home/tom/ocs2_ws/install/ocs2_ballbot_ros:/home/tom/ocs2_ws/install/ocs2_ballbot:/home/tom/ocs2_ws/install/ocs2_sqp:/home/tom/ocs2_ws/install/ocs2_slp:/home/tom/ocs2_ws/install/ocs2_quadrotor_ros:/home/tom/ocs2_ws/install/ocs2_double_integrator_ros:/home/tom/ocs2_ws/install/ocs2_cartpole_ros:/home/tom/ocs2_ws/install/ocs2_ros_interfaces:/home/tom/ocs2_ws/install/ocs2_quadrotor:/home/tom/ocs2_ws/install/ocs2_double_integrator:/home/tom/ocs2_ws/install/ocs2_python_interface:/home/tom/ocs2_ws/install/ocs2_perceptive:/home/tom/ocs2_ws/install/ocs2_cartpole:/home/tom/ocs2_ws/install/ocs2_robotic_tools:/home/tom/ocs2_ws/install/ocs2_ocs2:/home/tom/ocs2_ws/install/ocs2_ipm:/home/tom/ocs2_ws/install/ocs2_ddp:/home/tom/ocs2_ws/install/hpipm_catkin:/home/tom/ocs2_ws/install/ocs2_qp_solver:/home/tom/ocs2_ws/install/ocs2_mpc:/home/tom/ocs2_ws/install/ocs2_oc:/home/tom/ocs2_ws/install/ocs2_frank_wolfe:/home/tom/ocs2_ws/install/ocs2_core:/home/tom/ocs2_ws/install/ocs2_thirdparty:/home/tom/ocs2_ws/install/ocs2_switched_model_msgs:/home/tom/ocs2_ws/install/ocs2_robotic_assets:/home/tom/ocs2_ws/install/ocs2_msgs:/home/tom/ocs2_ws/install/hpp-fcl:/home/tom/ocs2_ws/install/convex_plane_decomposition_ros:/home/tom/ocs2_ws/install/convex_plane_decomposition:/opt/ros/humble:/home/tom/ocs2_ws/install/grid_map_filters_rsl:/home/tom/ocs2_ws/install/convex_plane_decomposition_msgs:/home/tom/ocs2_ws/install/cgal5_catkin:/home/tom/ocs2_ws/install/blasfeo_catkin /usr/bin/cmake --build /home/tom/humanoid_ws/src/humanoid-control/build/qpoases_colcon -- -j12 -l12
[0.590s] DEBUG:colcon.colcon_core.event_handler.log_command:Invoking command in '/home/tom/humanoid_ws/src/humanoid-control/build/qpoases_colcon': CMAKE_PREFIX_PATH=/home/tom/ocs2_ws/install/ocs2_ros2:/home/tom/ocs2_ws/install/ocs2_robotic_examples:/home/tom/ocs2_ws/install/ocs2_anymal:/home/tom/ocs2_ws/install/ocs2_anymal_loopshaping_mpc:/home/tom/ocs2_ws/install/ocs2_quadruped_loopshaping_interface:/home/tom/ocs2_ws/install/ocs2_anymal_mpc:/home/tom/ocs2_ws/install/ocs2_quadruped_interface:/home/tom/ocs2_ws/install/segmented_planes_terrain_model:/home/tom/ocs2_ws/install/ocs2_sphere_approximation:/home/tom/ocs2_ws/install/ocs2_pinocchio:/home/tom/ocs2_ws/install/ocs2_mobile_manipulator_ros:/home/tom/ocs2_ws/install/ocs2_self_collision_visualization:/home/tom/ocs2_ws/install/ocs2_mobile_manipulator:/home/tom/ocs2_ws/install/ocs2_self_collision:/home/tom/ocs2_ws/install/ocs2_legged_robot_ros:/home/tom/ocs2_ws/install/ocs2_legged_robot:/home/tom/ocs2_ws/install/ocs2_centroidal_model:/home/tom/ocs2_ws/install/ocs2_anymal_models:/home/tom/ocs2_ws/install/ocs2_pinocchio_interface:/home/tom/ocs2_ws/install/pinocchio:/home/tom/ocs2_ws/install/ocs2_anymal_commands:/home/tom/ocs2_ws/install/ocs2_switched_model_interface:/home/tom/ocs2_ws/install/ocs2_ballbot_ros:/home/tom/ocs2_ws/install/ocs2_ballbot:/home/tom/ocs2_ws/install/ocs2_sqp:/home/tom/ocs2_ws/install/ocs2_slp:/home/tom/ocs2_ws/install/ocs2_quadrotor_ros:/home/tom/ocs2_ws/install/ocs2_double_integrator_ros:/home/tom/ocs2_ws/install/ocs2_cartpole_ros:/home/tom/ocs2_ws/install/ocs2_ros_interfaces:/home/tom/ocs2_ws/install/ocs2_quadrotor:/home/tom/ocs2_ws/install/ocs2_double_integrator:/home/tom/ocs2_ws/install/ocs2_python_interface:/home/tom/ocs2_ws/install/ocs2_perceptive:/home/tom/ocs2_ws/install/ocs2_cartpole:/home/tom/ocs2_ws/install/ocs2_robotic_tools:/home/tom/ocs2_ws/install/ocs2_ocs2:/home/tom/ocs2_ws/install/ocs2_ipm:/home/tom/ocs2_ws/install/ocs2_ddp:/home/tom/ocs2_ws/install/hpipm_catkin:/home/tom/ocs2_ws/install/ocs2_qp_solver:/home/tom/ocs2_ws/install/ocs2_mpc:/home/tom/ocs2_ws/install/ocs2_oc:/home/tom/ocs2_ws/install/ocs2_frank_wolfe:/home/tom/ocs2_ws/install/ocs2_core:/home/tom/ocs2_ws/install/ocs2_thirdparty:/home/tom/ocs2_ws/install/ocs2_switched_model_msgs:/home/tom/ocs2_ws/install/ocs2_robotic_assets:/home/tom/ocs2_ws/install/ocs2_msgs:/home/tom/ocs2_ws/install/hpp-fcl:/home/tom/ocs2_ws/install/convex_plane_decomposition_ros:/home/tom/ocs2_ws/install/convex_plane_decomposition:/opt/ros/humble:/home/tom/ocs2_ws/install/grid_map_filters_rsl:/home/tom/ocs2_ws/install/convex_plane_decomposition_msgs:/home/tom/ocs2_ws/install/cgal5_catkin:/home/tom/ocs2_ws/install/blasfeo_catkin /usr/bin/cmake --install /home/tom/humanoid_ws/src/humanoid-control/build/qpoases_colcon
[0.852s] DEBUG:colcon.colcon_core.event_handler.log_command:Invoked command in '/home/tom/humanoid_ws/src/humanoid-control/build/humanoid_common' returned '0': CMAKE_PREFIX_PATH=/home/tom/ocs2_ws/install/ocs2_ros2:/home/tom/ocs2_ws/install/ocs2_robotic_examples:/home/tom/ocs2_ws/install/ocs2_anymal:/home/tom/ocs2_ws/install/ocs2_anymal_loopshaping_mpc:/home/tom/ocs2_ws/install/ocs2_quadruped_loopshaping_interface:/home/tom/ocs2_ws/install/ocs2_anymal_mpc:/home/tom/ocs2_ws/install/ocs2_quadruped_interface:/home/tom/ocs2_ws/install/segmented_planes_terrain_model:/home/tom/ocs2_ws/install/ocs2_sphere_approximation:/home/tom/ocs2_ws/install/ocs2_pinocchio:/home/tom/ocs2_ws/install/ocs2_mobile_manipulator_ros:/home/tom/ocs2_ws/install/ocs2_self_collision_visualization:/home/tom/ocs2_ws/install/ocs2_mobile_manipulator:/home/tom/ocs2_ws/install/ocs2_self_collision:/home/tom/ocs2_ws/install/ocs2_legged_robot_ros:/home/tom/ocs2_ws/install/ocs2_legged_robot:/home/tom/ocs2_ws/install/ocs2_centroidal_model:/home/tom/ocs2_ws/install/ocs2_anymal_models:/home/tom/ocs2_ws/install/ocs2_pinocchio_interface:/home/tom/ocs2_ws/install/pinocchio:/home/tom/ocs2_ws/install/ocs2_anymal_commands:/home/tom/ocs2_ws/install/ocs2_switched_model_interface:/home/tom/ocs2_ws/install/ocs2_ballbot_ros:/home/tom/ocs2_ws/install/ocs2_ballbot:/home/tom/ocs2_ws/install/ocs2_sqp:/home/tom/ocs2_ws/install/ocs2_slp:/home/tom/ocs2_ws/install/ocs2_quadrotor_ros:/home/tom/ocs2_ws/install/ocs2_double_integrator_ros:/home/tom/ocs2_ws/install/ocs2_cartpole_ros:/home/tom/ocs2_ws/install/ocs2_ros_interfaces:/home/tom/ocs2_ws/install/ocs2_quadrotor:/home/tom/ocs2_ws/install/ocs2_double_integrator:/home/tom/ocs2_ws/install/ocs2_python_interface:/home/tom/ocs2_ws/install/ocs2_perceptive:/home/tom/ocs2_ws/install/ocs2_cartpole:/home/tom/ocs2_ws/install/ocs2_robotic_tools:/home/tom/ocs2_ws/install/ocs2_ocs2:/home/tom/ocs2_ws/install/ocs2_ipm:/home/tom/ocs2_ws/install/ocs2_ddp:/home/tom/ocs2_ws/install/hpipm_catkin:/home/tom/ocs2_ws/install/ocs2_qp_solver:/home/tom/ocs2_ws/install/ocs2_mpc:/home/tom/ocs2_ws/install/ocs2_oc:/home/tom/ocs2_ws/install/ocs2_frank_wolfe:/home/tom/ocs2_ws/install/ocs2_core:/home/tom/ocs2_ws/install/ocs2_thirdparty:/home/tom/ocs2_ws/install/ocs2_switched_model_msgs:/home/tom/ocs2_ws/install/ocs2_robotic_assets:/home/tom/ocs2_ws/install/ocs2_msgs:/home/tom/ocs2_ws/install/hpp-fcl:/home/tom/ocs2_ws/install/convex_plane_decomposition_ros:/home/tom/ocs2_ws/install/convex_plane_decomposition:/opt/ros/humble:/home/tom/ocs2_ws/install/grid_map_filters_rsl:/home/tom/ocs2_ws/install/convex_plane_decomposition_msgs:/home/tom/ocs2_ws/install/cgal5_catkin:/home/tom/ocs2_ws/install/blasfeo_catkin /usr/bin/cmake /home/tom/humanoid_ws/src/humanoid-control/humanoid_common -DAMENT_CMAKE_SYMLINK_INSTALL=1 -DCMAKE_INSTALL_PREFIX=/home/tom/humanoid_ws/src/humanoid-control/install/humanoid_common
[0.855s] DEBUG:colcon.colcon_core.event_handler.log_command:Invoking command in '/home/tom/humanoid_ws/src/humanoid-control/build/humanoid_common': CMAKE_PREFIX_PATH=/home/tom/ocs2_ws/install/ocs2_ros2:/home/tom/ocs2_ws/install/ocs2_robotic_examples:/home/tom/ocs2_ws/install/ocs2_anymal:/home/tom/ocs2_ws/install/ocs2_anymal_loopshaping_mpc:/home/tom/ocs2_ws/install/ocs2_quadruped_loopshaping_interface:/home/tom/ocs2_ws/install/ocs2_anymal_mpc:/home/tom/ocs2_ws/install/ocs2_quadruped_interface:/home/tom/ocs2_ws/install/segmented_planes_terrain_model:/home/tom/ocs2_ws/install/ocs2_sphere_approximation:/home/tom/ocs2_ws/install/ocs2_pinocchio:/home/tom/ocs2_ws/install/ocs2_mobile_manipulator_ros:/home/tom/ocs2_ws/install/ocs2_self_collision_visualization:/home/tom/ocs2_ws/install/ocs2_mobile_manipulator:/home/tom/ocs2_ws/install/ocs2_self_collision:/home/tom/ocs2_ws/install/ocs2_legged_robot_ros:/home/tom/ocs2_ws/install/ocs2_legged_robot:/home/tom/ocs2_ws/install/ocs2_centroidal_model:/home/tom/ocs2_ws/install/ocs2_anymal_models:/home/tom/ocs2_ws/install/ocs2_pinocchio_interface:/home/tom/ocs2_ws/install/pinocchio:/home/tom/ocs2_ws/install/ocs2_anymal_commands:/home/tom/ocs2_ws/install/ocs2_switched_model_interface:/home/tom/ocs2_ws/install/ocs2_ballbot_ros:/home/tom/ocs2_ws/install/ocs2_ballbot:/home/tom/ocs2_ws/install/ocs2_sqp:/home/tom/ocs2_ws/install/ocs2_slp:/home/tom/ocs2_ws/install/ocs2_quadrotor_ros:/home/tom/ocs2_ws/install/ocs2_double_integrator_ros:/home/tom/ocs2_ws/install/ocs2_cartpole_ros:/home/tom/ocs2_ws/install/ocs2_ros_interfaces:/home/tom/ocs2_ws/install/ocs2_quadrotor:/home/tom/ocs2_ws/install/ocs2_double_integrator:/home/tom/ocs2_ws/install/ocs2_python_interface:/home/tom/ocs2_ws/install/ocs2_perceptive:/home/tom/ocs2_ws/install/ocs2_cartpole:/home/tom/ocs2_ws/install/ocs2_robotic_tools:/home/tom/ocs2_ws/install/ocs2_ocs2:/home/tom/ocs2_ws/install/ocs2_ipm:/home/tom/ocs2_ws/install/ocs2_ddp:/home/tom/ocs2_ws/install/hpipm_catkin:/home/tom/ocs2_ws/install/ocs2_qp_solver:/home/tom/ocs2_ws/install/ocs2_mpc:/home/tom/ocs2_ws/install/ocs2_oc:/home/tom/ocs2_ws/install/ocs2_frank_wolfe:/home/tom/ocs2_ws/install/ocs2_core:/home/tom/ocs2_ws/install/ocs2_thirdparty:/home/tom/ocs2_ws/install/ocs2_switched_model_msgs:/home/tom/ocs2_ws/install/ocs2_robotic_assets:/home/tom/ocs2_ws/install/ocs2_msgs:/home/tom/ocs2_ws/install/hpp-fcl:/home/tom/ocs2_ws/install/convex_plane_decomposition_ros:/home/tom/ocs2_ws/install/convex_plane_decomposition:/opt/ros/humble:/home/tom/ocs2_ws/install/grid_map_filters_rsl:/home/tom/ocs2_ws/install/convex_plane_decomposition_msgs:/home/tom/ocs2_ws/install/cgal5_catkin:/home/tom/ocs2_ws/install/blasfeo_catkin /usr/bin/cmake --build /home/tom/humanoid_ws/src/humanoid-control/build/humanoid_common -- -j12 -l12
[0.940s] DEBUG:colcon.colcon_core.event_handler.log_command:Invoked command in '/home/tom/humanoid_ws/src/humanoid-control/build/humanoid_common' returned '0': CMAKE_PREFIX_PATH=/home/tom/ocs2_ws/install/ocs2_ros2:/home/tom/ocs2_ws/install/ocs2_robotic_examples:/home/tom/ocs2_ws/install/ocs2_anymal:/home/tom/ocs2_ws/install/ocs2_anymal_loopshaping_mpc:/home/tom/ocs2_ws/install/ocs2_quadruped_loopshaping_interface:/home/tom/ocs2_ws/install/ocs2_anymal_mpc:/home/tom/ocs2_ws/install/ocs2_quadruped_interface:/home/tom/ocs2_ws/install/segmented_planes_terrain_model:/home/tom/ocs2_ws/install/ocs2_sphere_approximation:/home/tom/ocs2_ws/install/ocs2_pinocchio:/home/tom/ocs2_ws/install/ocs2_mobile_manipulator_ros:/home/tom/ocs2_ws/install/ocs2_self_collision_visualization:/home/tom/ocs2_ws/install/ocs2_mobile_manipulator:/home/tom/ocs2_ws/install/ocs2_self_collision:/home/tom/ocs2_ws/install/ocs2_legged_robot_ros:/home/tom/ocs2_ws/install/ocs2_legged_robot:/home/tom/ocs2_ws/install/ocs2_centroidal_model:/home/tom/ocs2_ws/install/ocs2_anymal_models:/home/tom/ocs2_ws/install/ocs2_pinocchio_interface:/home/tom/ocs2_ws/install/pinocchio:/home/tom/ocs2_ws/install/ocs2_anymal_commands:/home/tom/ocs2_ws/install/ocs2_switched_model_interface:/home/tom/ocs2_ws/install/ocs2_ballbot_ros:/home/tom/ocs2_ws/install/ocs2_ballbot:/home/tom/ocs2_ws/install/ocs2_sqp:/home/tom/ocs2_ws/install/ocs2_slp:/home/tom/ocs2_ws/install/ocs2_quadrotor_ros:/home/tom/ocs2_ws/install/ocs2_double_integrator_ros:/home/tom/ocs2_ws/install/ocs2_cartpole_ros:/home/tom/ocs2_ws/install/ocs2_ros_interfaces:/home/tom/ocs2_ws/install/ocs2_quadrotor:/home/tom/ocs2_ws/install/ocs2_double_integrator:/home/tom/ocs2_ws/install/ocs2_python_interface:/home/tom/ocs2_ws/install/ocs2_perceptive:/home/tom/ocs2_ws/install/ocs2_cartpole:/home/tom/ocs2_ws/install/ocs2_robotic_tools:/home/tom/ocs2_ws/install/ocs2_ocs2:/home/tom/ocs2_ws/install/ocs2_ipm:/home/tom/ocs2_ws/install/ocs2_ddp:/home/tom/ocs2_ws/install/hpipm_catkin:/home/tom/ocs2_ws/install/ocs2_qp_solver:/home/tom/ocs2_ws/install/ocs2_mpc:/home/tom/ocs2_ws/install/ocs2_oc:/home/tom/ocs2_ws/install/ocs2_frank_wolfe:/home/tom/ocs2_ws/install/ocs2_core:/home/tom/ocs2_ws/install/ocs2_thirdparty:/home/tom/ocs2_ws/install/ocs2_switched_model_msgs:/home/tom/ocs2_ws/install/ocs2_robotic_assets:/home/tom/ocs2_ws/install/ocs2_msgs:/home/tom/ocs2_ws/install/hpp-fcl:/home/tom/ocs2_ws/install/convex_plane_decomposition_ros:/home/tom/ocs2_ws/install/convex_plane_decomposition:/opt/ros/humble:/home/tom/ocs2_ws/install/grid_map_filters_rsl:/home/tom/ocs2_ws/install/convex_plane_decomposition_msgs:/home/tom/ocs2_ws/install/cgal5_catkin:/home/tom/ocs2_ws/install/blasfeo_catkin /usr/bin/cmake --build /home/tom/humanoid_ws/src/humanoid-control/build/humanoid_common -- -j12 -l12
[0.943s] DEBUG:colcon.colcon_core.event_handler.log_command:Invoking command in '/home/tom/humanoid_ws/src/humanoid-control/build/humanoid_common': CMAKE_PREFIX_PATH=/home/tom/ocs2_ws/install/ocs2_ros2:/home/tom/ocs2_ws/install/ocs2_robotic_examples:/home/tom/ocs2_ws/install/ocs2_anymal:/home/tom/ocs2_ws/install/ocs2_anymal_loopshaping_mpc:/home/tom/ocs2_ws/install/ocs2_quadruped_loopshaping_interface:/home/tom/ocs2_ws/install/ocs2_anymal_mpc:/home/tom/ocs2_ws/install/ocs2_quadruped_interface:/home/tom/ocs2_ws/install/segmented_planes_terrain_model:/home/tom/ocs2_ws/install/ocs2_sphere_approximation:/home/tom/ocs2_ws/install/ocs2_pinocchio:/home/tom/ocs2_ws/install/ocs2_mobile_manipulator_ros:/home/tom/ocs2_ws/install/ocs2_self_collision_visualization:/home/tom/ocs2_ws/install/ocs2_mobile_manipulator:/home/tom/ocs2_ws/install/ocs2_self_collision:/home/tom/ocs2_ws/install/ocs2_legged_robot_ros:/home/tom/ocs2_ws/install/ocs2_legged_robot:/home/tom/ocs2_ws/install/ocs2_centroidal_model:/home/tom/ocs2_ws/install/ocs2_anymal_models:/home/tom/ocs2_ws/install/ocs2_pinocchio_interface:/home/tom/ocs2_ws/install/pinocchio:/home/tom/ocs2_ws/install/ocs2_anymal_commands:/home/tom/ocs2_ws/install/ocs2_switched_model_interface:/home/tom/ocs2_ws/install/ocs2_ballbot_ros:/home/tom/ocs2_ws/install/ocs2_ballbot:/home/tom/ocs2_ws/install/ocs2_sqp:/home/tom/ocs2_ws/install/ocs2_slp:/home/tom/ocs2_ws/install/ocs2_quadrotor_ros:/home/tom/ocs2_ws/install/ocs2_double_integrator_ros:/home/tom/ocs2_ws/install/ocs2_cartpole_ros:/home/tom/ocs2_ws/install/ocs2_ros_interfaces:/home/tom/ocs2_ws/install/ocs2_quadrotor:/home/tom/ocs2_ws/install/ocs2_double_integrator:/home/tom/ocs2_ws/install/ocs2_python_interface:/home/tom/ocs2_ws/install/ocs2_perceptive:/home/tom/ocs2_ws/install/ocs2_cartpole:/home/tom/ocs2_ws/install/ocs2_robotic_tools:/home/tom/ocs2_ws/install/ocs2_ocs2:/home/tom/ocs2_ws/install/ocs2_ipm:/home/tom/ocs2_ws/install/ocs2_ddp:/home/tom/ocs2_ws/install/hpipm_catkin:/home/tom/ocs2_ws/install/ocs2_qp_solver:/home/tom/ocs2_ws/install/ocs2_mpc:/home/tom/ocs2_ws/install/ocs2_oc:/home/tom/ocs2_ws/install/ocs2_frank_wolfe:/home/tom/ocs2_ws/install/ocs2_core:/home/tom/ocs2_ws/install/ocs2_thirdparty:/home/tom/ocs2_ws/install/ocs2_switched_model_msgs:/home/tom/ocs2_ws/install/ocs2_robotic_assets:/home/tom/ocs2_ws/install/ocs2_msgs:/home/tom/ocs2_ws/install/hpp-fcl:/home/tom/ocs2_ws/install/convex_plane_decomposition_ros:/home/tom/ocs2_ws/install/convex_plane_decomposition:/opt/ros/humble:/home/tom/ocs2_ws/install/grid_map_filters_rsl:/home/tom/ocs2_ws/install/convex_plane_decomposition_msgs:/home/tom/ocs2_ws/install/cgal5_catkin:/home/tom/ocs2_ws/install/blasfeo_catkin /usr/bin/cmake --install /home/tom/humanoid_ws/src/humanoid-control/build/humanoid_common
[1.325s] Level 1:colcon.colcon_core.environment:create_environment_scripts_only(humanoid_common)
[1.326s] DEBUG:colcon.colcon_core.event_handler.log_command:Invoked command in '/home/tom/humanoid_ws/src/humanoid-control/build/humanoid_common' returned '0': CMAKE_PREFIX_PATH=/home/tom/ocs2_ws/install/ocs2_ros2:/home/tom/ocs2_ws/install/ocs2_robotic_examples:/home/tom/ocs2_ws/install/ocs2_anymal:/home/tom/ocs2_ws/install/ocs2_anymal_loopshaping_mpc:/home/tom/ocs2_ws/install/ocs2_quadruped_loopshaping_interface:/home/tom/ocs2_ws/install/ocs2_anymal_mpc:/home/tom/ocs2_ws/install/ocs2_quadruped_interface:/home/tom/ocs2_ws/install/segmented_planes_terrain_model:/home/tom/ocs2_ws/install/ocs2_sphere_approximation:/home/tom/ocs2_ws/install/ocs2_pinocchio:/home/tom/ocs2_ws/install/ocs2_mobile_manipulator_ros:/home/tom/ocs2_ws/install/ocs2_self_collision_visualization:/home/tom/ocs2_ws/install/ocs2_mobile_manipulator:/home/tom/ocs2_ws/install/ocs2_self_collision:/home/tom/ocs2_ws/install/ocs2_legged_robot_ros:/home/tom/ocs2_ws/install/ocs2_legged_robot:/home/tom/ocs2_ws/install/ocs2_centroidal_model:/home/tom/ocs2_ws/install/ocs2_anymal_models:/home/tom/ocs2_ws/install/ocs2_pinocchio_interface:/home/tom/ocs2_ws/install/pinocchio:/home/tom/ocs2_ws/install/ocs2_anymal_commands:/home/tom/ocs2_ws/install/ocs2_switched_model_interface:/home/tom/ocs2_ws/install/ocs2_ballbot_ros:/home/tom/ocs2_ws/install/ocs2_ballbot:/home/tom/ocs2_ws/install/ocs2_sqp:/home/tom/ocs2_ws/install/ocs2_slp:/home/tom/ocs2_ws/install/ocs2_quadrotor_ros:/home/tom/ocs2_ws/install/ocs2_double_integrator_ros:/home/tom/ocs2_ws/install/ocs2_cartpole_ros:/home/tom/ocs2_ws/install/ocs2_ros_interfaces:/home/tom/ocs2_ws/install/ocs2_quadrotor:/home/tom/ocs2_ws/install/ocs2_double_integrator:/home/tom/ocs2_ws/install/ocs2_python_interface:/home/tom/ocs2_ws/install/ocs2_perceptive:/home/tom/ocs2_ws/install/ocs2_cartpole:/home/tom/ocs2_ws/install/ocs2_robotic_tools:/home/tom/ocs2_ws/install/ocs2_ocs2:/home/tom/ocs2_ws/install/ocs2_ipm:/home/tom/ocs2_ws/install/ocs2_ddp:/home/tom/ocs2_ws/install/hpipm_catkin:/home/tom/ocs2_ws/install/ocs2_qp_solver:/home/tom/ocs2_ws/install/ocs2_mpc:/home/tom/ocs2_ws/install/ocs2_oc:/home/tom/ocs2_ws/install/ocs2_frank_wolfe:/home/tom/ocs2_ws/install/ocs2_core:/home/tom/ocs2_ws/install/ocs2_thirdparty:/home/tom/ocs2_ws/install/ocs2_switched_model_msgs:/home/tom/ocs2_ws/install/ocs2_robotic_assets:/home/tom/ocs2_ws/install/ocs2_msgs:/home/tom/ocs2_ws/install/hpp-fcl:/home/tom/ocs2_ws/install/convex_plane_decomposition_ros:/home/tom/ocs2_ws/install/convex_plane_decomposition:/opt/ros/humble:/home/tom/ocs2_ws/install/grid_map_filters_rsl:/home/tom/ocs2_ws/install/convex_plane_decomposition_msgs:/home/tom/ocs2_ws/install/cgal5_catkin:/home/tom/ocs2_ws/install/blasfeo_catkin /usr/bin/cmake --install /home/tom/humanoid_ws/src/humanoid-control/build/humanoid_common
[1.329s] Level 1:colcon.colcon_core.environment:checking '/home/tom/humanoid_ws/src/humanoid-control/install/humanoid_common' for CMake module files
[1.330s] Level 1:colcon.colcon_core.environment:checking '/home/tom/humanoid_ws/src/humanoid-control/install/humanoid_common' for CMake config files
[1.330s] Level 1:colcon.colcon_core.shell:create_environment_hook('humanoid_common', 'cmake_prefix_path')
[1.331s] INFO:colcon.colcon_core.shell:Creating environment hook '/home/tom/humanoid_ws/src/humanoid-control/install/humanoid_common/share/humanoid_common/hook/cmake_prefix_path.ps1'
[1.331s] INFO:colcon.colcon_core.shell:Creating environment descriptor '/home/tom/humanoid_ws/src/humanoid-control/install/humanoid_common/share/humanoid_common/hook/cmake_prefix_path.dsv'
[1.332s] INFO:colcon.colcon_core.shell:Creating environment hook '/home/tom/humanoid_ws/src/humanoid-control/install/humanoid_common/share/humanoid_common/hook/cmake_prefix_path.sh'
[1.333s] Level 1:colcon.colcon_core.environment:checking '/home/tom/humanoid_ws/src/humanoid-control/install/humanoid_common/bin'
[1.333s] Level 1:colcon.colcon_core.environment:checking '/home/tom/humanoid_ws/src/humanoid-control/install/humanoid_common/lib/pkgconfig/humanoid_common.pc'
[1.334s] Level 1:colcon.colcon_core.environment:checking '/home/tom/humanoid_ws/src/humanoid-control/install/humanoid_common/lib/python3.10/site-packages'
[1.334s] Level 1:colcon.colcon_core.environment:checking '/home/tom/humanoid_ws/src/humanoid-control/install/humanoid_common/bin'
[1.335s] INFO:colcon.colcon_core.shell:Creating package script '/home/tom/humanoid_ws/src/humanoid-control/install/humanoid_common/share/humanoid_common/package.ps1'
[1.336s] INFO:colcon.colcon_core.shell:Creating package descriptor '/home/tom/humanoid_ws/src/humanoid-control/install/humanoid_common/share/humanoid_common/package.dsv'
[1.337s] INFO:colcon.colcon_core.shell:Creating package script '/home/tom/humanoid_ws/src/humanoid-control/install/humanoid_common/share/humanoid_common/package.sh'
[1.337s] INFO:colcon.colcon_core.shell:Creating package script '/home/tom/humanoid_ws/src/humanoid-control/install/humanoid_common/share/humanoid_common/package.bash'
[1.338s] INFO:colcon.colcon_core.shell:Creating package script '/home/tom/humanoid_ws/src/humanoid-control/install/humanoid_common/share/humanoid_common/package.zsh'
[1.339s] Level 1:colcon.colcon_core.environment:create_file_with_runtime_dependencies(/home/tom/humanoid_ws/src/humanoid-control/install/humanoid_common/share/colcon-core/packages/humanoid_common)
[1.340s] Level 1:colcon.colcon_core.environment:create_environment_scripts_only(humanoid_common)
[1.341s] Level 1:colcon.colcon_core.environment:checking '/home/tom/humanoid_ws/src/humanoid-control/install/humanoid_common' for CMake module files
[1.342s] Level 1:colcon.colcon_core.environment:checking '/home/tom/humanoid_ws/src/humanoid-control/install/humanoid_common' for CMake config files
[1.342s] Level 1:colcon.colcon_core.shell:create_environment_hook('humanoid_common', 'cmake_prefix_path')
[1.343s] INFO:colcon.colcon_core.shell:Creating environment hook '/home/tom/humanoid_ws/src/humanoid-control/install/humanoid_common/share/humanoid_common/hook/cmake_prefix_path.ps1'
[1.343s] INFO:colcon.colcon_core.shell:Creating environment descriptor '/home/tom/humanoid_ws/src/humanoid-control/install/humanoid_common/share/humanoid_common/hook/cmake_prefix_path.dsv'
[1.344s] INFO:colcon.colcon_core.shell:Creating environment hook '/home/tom/humanoid_ws/src/humanoid-control/install/humanoid_common/share/humanoid_common/hook/cmake_prefix_path.sh'
[1.344s] Level 1:colcon.colcon_core.environment:checking '/home/tom/humanoid_ws/src/humanoid-control/install/humanoid_common/bin'
[1.344s] Level 1:colcon.colcon_core.environment:checking '/home/tom/humanoid_ws/src/humanoid-control/install/humanoid_common/lib/pkgconfig/humanoid_common.pc'
[1.345s] Level 1:colcon.colcon_core.environment:checking '/home/tom/humanoid_ws/src/humanoid-control/install/humanoid_common/lib/python3.10/site-packages'
[1.345s] Level 1:colcon.colcon_core.environment:checking '/home/tom/humanoid_ws/src/humanoid-control/install/humanoid_common/bin'
[1.346s] INFO:colcon.colcon_core.shell:Creating package script '/home/tom/humanoid_ws/src/humanoid-control/install/humanoid_common/share/humanoid_common/package.ps1'
[1.346s] INFO:colcon.colcon_core.shell:Creating package descriptor '/home/tom/humanoid_ws/src/humanoid-control/install/humanoid_common/share/humanoid_common/package.dsv'
[1.347s] INFO:colcon.colcon_core.shell:Creating package script '/home/tom/humanoid_ws/src/humanoid-control/install/humanoid_common/share/humanoid_common/package.sh'
[1.348s] INFO:colcon.colcon_core.shell:Creating package script '/home/tom/humanoid_ws/src/humanoid-control/install/humanoid_common/share/humanoid_common/package.bash'
[1.348s] INFO:colcon.colcon_core.shell:Creating package script '/home/tom/humanoid_ws/src/humanoid-control/install/humanoid_common/share/humanoid_common/package.zsh'
[1.349s] Level 1:colcon.colcon_core.environment:create_file_with_runtime_dependencies(/home/tom/humanoid_ws/src/humanoid-control/install/humanoid_common/share/colcon-core/packages/humanoid_common)
[1.638s] Level 1:colcon.colcon_core.environment:create_environment_scripts_only(qpoases_colcon)
[1.638s] Level 1:colcon.colcon_core.environment:checking '/home/tom/humanoid_ws/src/humanoid-control/install/qpoases_colcon' for CMake module files
[1.639s] DEBUG:colcon.colcon_core.event_handler.log_command:Invoked command in '/home/tom/humanoid_ws/src/humanoid-control/build/qpoases_colcon' returned '0': CMAKE_PREFIX_PATH=/home/tom/ocs2_ws/install/ocs2_ros2:/home/tom/ocs2_ws/install/ocs2_robotic_examples:/home/tom/ocs2_ws/install/ocs2_anymal:/home/tom/ocs2_ws/install/ocs2_anymal_loopshaping_mpc:/home/tom/ocs2_ws/install/ocs2_quadruped_loopshaping_interface:/home/tom/ocs2_ws/install/ocs2_anymal_mpc:/home/tom/ocs2_ws/install/ocs2_quadruped_interface:/home/tom/ocs2_ws/install/segmented_planes_terrain_model:/home/tom/ocs2_ws/install/ocs2_sphere_approximation:/home/tom/ocs2_ws/install/ocs2_pinocchio:/home/tom/ocs2_ws/install/ocs2_mobile_manipulator_ros:/home/tom/ocs2_ws/install/ocs2_self_collision_visualization:/home/tom/ocs2_ws/install/ocs2_mobile_manipulator:/home/tom/ocs2_ws/install/ocs2_self_collision:/home/tom/ocs2_ws/install/ocs2_legged_robot_ros:/home/tom/ocs2_ws/install/ocs2_legged_robot:/home/tom/ocs2_ws/install/ocs2_centroidal_model:/home/tom/ocs2_ws/install/ocs2_anymal_models:/home/tom/ocs2_ws/install/ocs2_pinocchio_interface:/home/tom/ocs2_ws/install/pinocchio:/home/tom/ocs2_ws/install/ocs2_anymal_commands:/home/tom/ocs2_ws/install/ocs2_switched_model_interface:/home/tom/ocs2_ws/install/ocs2_ballbot_ros:/home/tom/ocs2_ws/install/ocs2_ballbot:/home/tom/ocs2_ws/install/ocs2_sqp:/home/tom/ocs2_ws/install/ocs2_slp:/home/tom/ocs2_ws/install/ocs2_quadrotor_ros:/home/tom/ocs2_ws/install/ocs2_double_integrator_ros:/home/tom/ocs2_ws/install/ocs2_cartpole_ros:/home/tom/ocs2_ws/install/ocs2_ros_interfaces:/home/tom/ocs2_ws/install/ocs2_quadrotor:/home/tom/ocs2_ws/install/ocs2_double_integrator:/home/tom/ocs2_ws/install/ocs2_python_interface:/home/tom/ocs2_ws/install/ocs2_perceptive:/home/tom/ocs2_ws/install/ocs2_cartpole:/home/tom/ocs2_ws/install/ocs2_robotic_tools:/home/tom/ocs2_ws/install/ocs2_ocs2:/home/tom/ocs2_ws/install/ocs2_ipm:/home/tom/ocs2_ws/install/ocs2_ddp:/home/tom/ocs2_ws/install/hpipm_catkin:/home/tom/ocs2_ws/install/ocs2_qp_solver:/home/tom/ocs2_ws/install/ocs2_mpc:/home/tom/ocs2_ws/install/ocs2_oc:/home/tom/ocs2_ws/install/ocs2_frank_wolfe:/home/tom/ocs2_ws/install/ocs2_core:/home/tom/ocs2_ws/install/ocs2_thirdparty:/home/tom/ocs2_ws/install/ocs2_switched_model_msgs:/home/tom/ocs2_ws/install/ocs2_robotic_assets:/home/tom/ocs2_ws/install/ocs2_msgs:/home/tom/ocs2_ws/install/hpp-fcl:/home/tom/ocs2_ws/install/convex_plane_decomposition_ros:/home/tom/ocs2_ws/install/convex_plane_decomposition:/opt/ros/humble:/home/tom/ocs2_ws/install/grid_map_filters_rsl:/home/tom/ocs2_ws/install/convex_plane_decomposition_msgs:/home/tom/ocs2_ws/install/cgal5_catkin:/home/tom/ocs2_ws/install/blasfeo_catkin /usr/bin/cmake --install /home/tom/humanoid_ws/src/humanoid-control/build/qpoases_colcon
[1.639s] Level 1:colcon.colcon_core.environment:checking '/home/tom/humanoid_ws/src/humanoid-control/install/qpoases_colcon' for CMake config files
[1.640s] Level 1:colcon.colcon_core.shell:create_environment_hook('qpoases_colcon', 'cmake_prefix_path')
[1.640s] INFO:colcon.colcon_core.shell:Creating environment hook '/home/tom/humanoid_ws/src/humanoid-control/install/qpoases_colcon/share/qpoases_colcon/hook/cmake_prefix_path.ps1'
[1.641s] INFO:colcon.colcon_core.shell:Creating environment descriptor '/home/tom/humanoid_ws/src/humanoid-control/install/qpoases_colcon/share/qpoases_colcon/hook/cmake_prefix_path.dsv'
[1.641s] INFO:colcon.colcon_core.shell:Creating environment hook '/home/tom/humanoid_ws/src/humanoid-control/install/qpoases_colcon/share/qpoases_colcon/hook/cmake_prefix_path.sh'
[1.641s] Level 1:colcon.colcon_core.environment:checking '/home/tom/humanoid_ws/src/humanoid-control/install/qpoases_colcon/lib'
[1.642s] Level 1:colcon.colcon_core.shell:create_environment_hook('qpoases_colcon', 'ld_library_path_lib')
[1.642s] INFO:colcon.colcon_core.shell:Creating environment hook '/home/tom/humanoid_ws/src/humanoid-control/install/qpoases_colcon/share/qpoases_colcon/hook/ld_library_path_lib.ps1'
[1.642s] INFO:colcon.colcon_core.shell:Creating environment descriptor '/home/tom/humanoid_ws/src/humanoid-control/install/qpoases_colcon/share/qpoases_colcon/hook/ld_library_path_lib.dsv'
[1.643s] INFO:colcon.colcon_core.shell:Creating environment hook '/home/tom/humanoid_ws/src/humanoid-control/install/qpoases_colcon/share/qpoases_colcon/hook/ld_library_path_lib.sh'
[1.643s] Level 1:colcon.colcon_core.environment:checking '/home/tom/humanoid_ws/src/humanoid-control/install/qpoases_colcon/bin'
[1.643s] Level 1:colcon.colcon_core.environment:checking '/home/tom/humanoid_ws/src/humanoid-control/install/qpoases_colcon/lib/pkgconfig/qpoases_colcon.pc'
[1.643s] Level 1:colcon.colcon_core.environment:checking '/home/tom/humanoid_ws/src/humanoid-control/install/qpoases_colcon/lib/python3.10/site-packages'
[1.643s] Level 1:colcon.colcon_core.environment:checking '/home/tom/humanoid_ws/src/humanoid-control/install/qpoases_colcon/bin'
[1.644s] INFO:colcon.colcon_core.shell:Creating package script '/home/tom/humanoid_ws/src/humanoid-control/install/qpoases_colcon/share/qpoases_colcon/package.ps1'
[1.644s] INFO:colcon.colcon_core.shell:Creating package descriptor '/home/tom/humanoid_ws/src/humanoid-control/install/qpoases_colcon/share/qpoases_colcon/package.dsv'
[1.645s] INFO:colcon.colcon_core.shell:Creating package script '/home/tom/humanoid_ws/src/humanoid-control/install/qpoases_colcon/share/qpoases_colcon/package.sh'
[1.645s] INFO:colcon.colcon_core.shell:Creating package script '/home/tom/humanoid_ws/src/humanoid-control/install/qpoases_colcon/share/qpoases_colcon/package.bash'
[1.645s] INFO:colcon.colcon_core.shell:Creating package script '/home/tom/humanoid_ws/src/humanoid-control/install/qpoases_colcon/share/qpoases_colcon/package.zsh'
[1.646s] Level 1:colcon.colcon_core.environment:create_file_with_runtime_dependencies(/home/tom/humanoid_ws/src/humanoid-control/install/qpoases_colcon/share/colcon-core/packages/qpoases_colcon)
[1.646s] Level 1:colcon.colcon_core.environment:create_environment_scripts_only(qpoases_colcon)
[1.646s] Level 1:colcon.colcon_core.environment:checking '/home/tom/humanoid_ws/src/humanoid-control/install/qpoases_colcon' for CMake module files
[1.647s] Level 1:colcon.colcon_core.environment:checking '/home/tom/humanoid_ws/src/humanoid-control/install/qpoases_colcon' for CMake config files
[1.648s] Level 1:colcon.colcon_core.shell:create_environment_hook('qpoases_colcon', 'cmake_prefix_path')
[1.648s] INFO:colcon.colcon_core.shell:Creating environment hook '/home/tom/humanoid_ws/src/humanoid-control/install/qpoases_colcon/share/qpoases_colcon/hook/cmake_prefix_path.ps1'
[1.648s] INFO:colcon.colcon_core.shell:Creating environment descriptor '/home/tom/humanoid_ws/src/humanoid-control/install/qpoases_colcon/share/qpoases_colcon/hook/cmake_prefix_path.dsv'
[1.648s] INFO:colcon.colcon_core.shell:Creating environment hook '/home/tom/humanoid_ws/src/humanoid-control/install/qpoases_colcon/share/qpoases_colcon/hook/cmake_prefix_path.sh'
[1.649s] Level 1:colcon.colcon_core.environment:checking '/home/tom/humanoid_ws/src/humanoid-control/install/qpoases_colcon/lib'
[1.649s] Level 1:colcon.colcon_core.shell:create_environment_hook('qpoases_colcon', 'ld_library_path_lib')
[1.649s] INFO:colcon.colcon_core.shell:Creating environment hook '/home/tom/humanoid_ws/src/humanoid-control/install/qpoases_colcon/share/qpoases_colcon/hook/ld_library_path_lib.ps1'
[1.650s] INFO:colcon.colcon_core.shell:Creating environment descriptor '/home/tom/humanoid_ws/src/humanoid-control/install/qpoases_colcon/share/qpoases_colcon/hook/ld_library_path_lib.dsv'
[1.650s] INFO:colcon.colcon_core.shell:Creating environment hook '/home/tom/humanoid_ws/src/humanoid-control/install/qpoases_colcon/share/qpoases_colcon/hook/ld_library_path_lib.sh'
[1.650s] Level 1:colcon.colcon_core.environment:checking '/home/tom/humanoid_ws/src/humanoid-control/install/qpoases_colcon/bin'
[1.650s] Level 1:colcon.colcon_core.environment:checking '/home/tom/humanoid_ws/src/humanoid-control/install/qpoases_colcon/lib/pkgconfig/qpoases_colcon.pc'
[1.650s] Level 1:colcon.colcon_core.environment:checking '/home/tom/humanoid_ws/src/humanoid-control/install/qpoases_colcon/lib/python3.10/site-packages'
[1.651s] Level 1:colcon.colcon_core.environment:checking '/home/tom/humanoid_ws/src/humanoid-control/install/qpoases_colcon/bin'
[1.651s] INFO:colcon.colcon_core.shell:Creating package script '/home/tom/humanoid_ws/src/humanoid-control/install/qpoases_colcon/share/qpoases_colcon/package.ps1'
[1.652s] INFO:colcon.colcon_core.shell:Creating package descriptor '/home/tom/humanoid_ws/src/humanoid-control/install/qpoases_colcon/share/qpoases_colcon/package.dsv'
[1.652s] INFO:colcon.colcon_core.shell:Creating package script '/home/tom/humanoid_ws/src/humanoid-control/install/qpoases_colcon/share/qpoases_colcon/package.sh'
[1.652s] INFO:colcon.colcon_core.shell:Creating package script '/home/tom/humanoid_ws/src/humanoid-control/install/qpoases_colcon/share/qpoases_colcon/package.bash'
[1.653s] INFO:colcon.colcon_core.shell:Creating package script '/home/tom/humanoid_ws/src/humanoid-control/install/qpoases_colcon/share/qpoases_colcon/package.zsh'
[1.653s] Level 1:colcon.colcon_core.environment:create_file_with_runtime_dependencies(/home/tom/humanoid_ws/src/humanoid-control/install/qpoases_colcon/share/colcon-core/packages/qpoases_colcon)
[1.654s] DEBUG:colcon.colcon_parallel_executor.executor.parallel:closing loop
[1.654s] DEBUG:colcon.colcon_parallel_executor.executor.parallel:loop closed
[1.654s] DEBUG:colcon.colcon_parallel_executor.executor.parallel:run_until_complete finished with '0'
[1.654s] DEBUG:colcon.colcon_core.event_reactor:joining thread
[1.660s] INFO:colcon.colcon_core.plugin_system:Skipping extension 'colcon_notification.desktop_notification.terminal_notifier': Not used on non-Darwin systems
[1.660s] INFO:colcon.colcon_core.plugin_system:Skipping extension 'colcon_notification.desktop_notification.win32': Not used on non-Windows systems
[1.660s] INFO:colcon.colcon_notification.desktop_notification:Sending desktop notification using 'notify2'
[1.670s] DEBUG:colcon.colcon_core.event_reactor:joined thread
[1.670s] INFO:colcon.colcon_core.shell:Creating prefix script '/home/tom/humanoid_ws/src/humanoid-control/install/local_setup.ps1'
[1.671s] INFO:colcon.colcon_core.shell:Creating prefix util module '/home/tom/humanoid_ws/src/humanoid-control/install/_local_setup_util_ps1.py'
[1.672s] INFO:colcon.colcon_core.shell:Creating prefix chain script '/home/tom/humanoid_ws/src/humanoid-control/install/setup.ps1'
[1.676s] INFO:colcon.colcon_core.shell:Creating prefix script '/home/tom/humanoid_ws/src/humanoid-control/install/local_setup.sh'
[1.677s] INFO:colcon.colcon_core.shell:Creating prefix util module '/home/tom/humanoid_ws/src/humanoid-control/install/_local_setup_util_sh.py'
[1.677s] INFO:colcon.colcon_core.shell:Creating prefix chain script '/home/tom/humanoid_ws/src/humanoid-control/install/setup.sh'
[1.681s] INFO:colcon.colcon_core.shell:Creating prefix script '/home/tom/humanoid_ws/src/humanoid-control/install/local_setup.bash'
[1.681s] INFO:colcon.colcon_core.shell:Creating prefix chain script '/home/tom/humanoid_ws/src/humanoid-control/install/setup.bash'
[1.685s] INFO:colcon.colcon_core.shell:Creating prefix script '/home/tom/humanoid_ws/src/humanoid-control/install/local_setup.zsh'
[1.686s] INFO:colcon.colcon_core.shell:Creating prefix chain script '/home/tom/humanoid_ws/src/humanoid-control/install/setup.zsh'
