[0.023s] Invoking command in '/home/tom/humanoid_ws/src/humanoid-control/build/humanoid_common': CMAKE_PREFIX_PATH=/home/tom/ocs2_ws/install/ocs2_ros2:/home/tom/ocs2_ws/install/ocs2_robotic_examples:/home/tom/ocs2_ws/install/ocs2_anymal:/home/tom/ocs2_ws/install/ocs2_anymal_loopshaping_mpc:/home/tom/ocs2_ws/install/ocs2_quadruped_loopshaping_interface:/home/tom/ocs2_ws/install/ocs2_anymal_mpc:/home/tom/ocs2_ws/install/ocs2_quadruped_interface:/home/tom/ocs2_ws/install/segmented_planes_terrain_model:/home/tom/ocs2_ws/install/ocs2_sphere_approximation:/home/tom/ocs2_ws/install/ocs2_pinocchio:/home/tom/ocs2_ws/install/ocs2_mobile_manipulator_ros:/home/tom/ocs2_ws/install/ocs2_self_collision_visualization:/home/tom/ocs2_ws/install/ocs2_mobile_manipulator:/home/tom/ocs2_ws/install/ocs2_self_collision:/home/tom/ocs2_ws/install/ocs2_legged_robot_ros:/home/tom/ocs2_ws/install/ocs2_legged_robot:/home/tom/ocs2_ws/install/ocs2_centroidal_model:/home/tom/ocs2_ws/install/ocs2_anymal_models:/home/tom/ocs2_ws/install/ocs2_pinocchio_interface:/home/tom/ocs2_ws/install/pinocchio:/home/tom/ocs2_ws/install/ocs2_anymal_commands:/home/tom/ocs2_ws/install/ocs2_switched_model_interface:/home/tom/ocs2_ws/install/ocs2_ballbot_ros:/home/tom/ocs2_ws/install/ocs2_ballbot:/home/tom/ocs2_ws/install/ocs2_sqp:/home/tom/ocs2_ws/install/ocs2_slp:/home/tom/ocs2_ws/install/ocs2_quadrotor_ros:/home/tom/ocs2_ws/install/ocs2_double_integrator_ros:/home/tom/ocs2_ws/install/ocs2_cartpole_ros:/home/tom/ocs2_ws/install/ocs2_ros_interfaces:/home/tom/ocs2_ws/install/ocs2_quadrotor:/home/tom/ocs2_ws/install/ocs2_double_integrator:/home/tom/ocs2_ws/install/ocs2_python_interface:/home/tom/ocs2_ws/install/ocs2_perceptive:/home/tom/ocs2_ws/install/ocs2_cartpole:/home/tom/ocs2_ws/install/ocs2_robotic_tools:/home/tom/ocs2_ws/install/ocs2_ocs2:/home/tom/ocs2_ws/install/ocs2_ipm:/home/tom/ocs2_ws/install/ocs2_ddp:/home/tom/ocs2_ws/install/hpipm_catkin:/home/tom/ocs2_ws/install/ocs2_qp_solver:/home/tom/ocs2_ws/install/ocs2_mpc:/home/tom/ocs2_ws/install/ocs2_oc:/home/tom/ocs2_ws/install/ocs2_frank_wolfe:/home/tom/ocs2_ws/install/ocs2_core:/home/tom/ocs2_ws/install/ocs2_thirdparty:/home/tom/ocs2_ws/install/ocs2_switched_model_msgs:/home/tom/ocs2_ws/install/ocs2_robotic_assets:/home/tom/ocs2_ws/install/ocs2_msgs:/home/tom/ocs2_ws/install/hpp-fcl:/home/tom/ocs2_ws/install/convex_plane_decomposition_ros:/home/tom/ocs2_ws/install/convex_plane_decomposition:/opt/ros/humble:/home/tom/ocs2_ws/install/grid_map_filters_rsl:/home/tom/ocs2_ws/install/convex_plane_decomposition_msgs:/home/tom/ocs2_ws/install/cgal5_catkin:/home/tom/ocs2_ws/install/blasfeo_catkin /usr/bin/cmake /home/tom/humanoid_ws/src/humanoid-control/humanoid_common -DAMENT_CMAKE_SYMLINK_INSTALL=1 -DCMAKE_INSTALL_PREFIX=/home/tom/humanoid_ws/src/humanoid-control/install/humanoid_common
[0.110s] -- The C compiler identification is GNU 11.4.0
[0.240s] -- The CXX compiler identification is GNU 11.4.0
[0.262s] -- Detecting C compiler ABI info
[0.429s] -- Detecting C compiler ABI info - done
[0.437s] -- Check for working C compiler: /usr/bin/cc - skipped
[0.437s] -- Detecting C compile features
[0.437s] -- Detecting C compile features - done
[0.441s] -- Detecting CXX compiler ABI info
[0.551s] -- Detecting CXX compiler ABI info - done
[0.558s] -- Check for working CXX compiler: /usr/bin/c++ - skipped
[0.559s] -- Detecting CXX compile features
[0.559s] -- Detecting CXX compile features - done
[0.568s] -- Found ament_cmake: 1.3.13 (/opt/ros/humble/share/ament_cmake/cmake)
[0.817s] -- Found Python3: /usr/bin/python3 (found version "3.10.12") found components: Interpreter 
[0.900s] -- Override CMake install command with custom implementation using symlinks instead of copying resources
[1.043s] [31mCMake Error at /opt/ros/humble/share/ament_cmake_target_dependencies/cmake/ament_target_dependencies.cmake:77 (message):
[1.043s]   ament_target_dependencies() the passed package name 'hardware_interface'
[1.043s]   was not found before
[1.043s] Call Stack (most recent call first):
[1.043s]   CMakeLists.txt:15 (ament_target_dependencies)
[1.043s] 
[1.043s] [0m
[1.043s] -- Configuring incomplete, errors occurred!
[1.043s] See also "/home/tom/humanoid_ws/src/humanoid-control/build/humanoid_common/CMakeFiles/CMakeOutput.log".
[1.048s] Invoked command in '/home/tom/humanoid_ws/src/humanoid-control/build/humanoid_common' returned '1': CMAKE_PREFIX_PATH=/home/tom/ocs2_ws/install/ocs2_ros2:/home/tom/ocs2_ws/install/ocs2_robotic_examples:/home/tom/ocs2_ws/install/ocs2_anymal:/home/tom/ocs2_ws/install/ocs2_anymal_loopshaping_mpc:/home/tom/ocs2_ws/install/ocs2_quadruped_loopshaping_interface:/home/tom/ocs2_ws/install/ocs2_anymal_mpc:/home/tom/ocs2_ws/install/ocs2_quadruped_interface:/home/tom/ocs2_ws/install/segmented_planes_terrain_model:/home/tom/ocs2_ws/install/ocs2_sphere_approximation:/home/tom/ocs2_ws/install/ocs2_pinocchio:/home/tom/ocs2_ws/install/ocs2_mobile_manipulator_ros:/home/tom/ocs2_ws/install/ocs2_self_collision_visualization:/home/tom/ocs2_ws/install/ocs2_mobile_manipulator:/home/tom/ocs2_ws/install/ocs2_self_collision:/home/tom/ocs2_ws/install/ocs2_legged_robot_ros:/home/tom/ocs2_ws/install/ocs2_legged_robot:/home/tom/ocs2_ws/install/ocs2_centroidal_model:/home/tom/ocs2_ws/install/ocs2_anymal_models:/home/tom/ocs2_ws/install/ocs2_pinocchio_interface:/home/tom/ocs2_ws/install/pinocchio:/home/tom/ocs2_ws/install/ocs2_anymal_commands:/home/tom/ocs2_ws/install/ocs2_switched_model_interface:/home/tom/ocs2_ws/install/ocs2_ballbot_ros:/home/tom/ocs2_ws/install/ocs2_ballbot:/home/tom/ocs2_ws/install/ocs2_sqp:/home/tom/ocs2_ws/install/ocs2_slp:/home/tom/ocs2_ws/install/ocs2_quadrotor_ros:/home/tom/ocs2_ws/install/ocs2_double_integrator_ros:/home/tom/ocs2_ws/install/ocs2_cartpole_ros:/home/tom/ocs2_ws/install/ocs2_ros_interfaces:/home/tom/ocs2_ws/install/ocs2_quadrotor:/home/tom/ocs2_ws/install/ocs2_double_integrator:/home/tom/ocs2_ws/install/ocs2_python_interface:/home/tom/ocs2_ws/install/ocs2_perceptive:/home/tom/ocs2_ws/install/ocs2_cartpole:/home/tom/ocs2_ws/install/ocs2_robotic_tools:/home/tom/ocs2_ws/install/ocs2_ocs2:/home/tom/ocs2_ws/install/ocs2_ipm:/home/tom/ocs2_ws/install/ocs2_ddp:/home/tom/ocs2_ws/install/hpipm_catkin:/home/tom/ocs2_ws/install/ocs2_qp_solver:/home/tom/ocs2_ws/install/ocs2_mpc:/home/tom/ocs2_ws/install/ocs2_oc:/home/tom/ocs2_ws/install/ocs2_frank_wolfe:/home/tom/ocs2_ws/install/ocs2_core:/home/tom/ocs2_ws/install/ocs2_thirdparty:/home/tom/ocs2_ws/install/ocs2_switched_model_msgs:/home/tom/ocs2_ws/install/ocs2_robotic_assets:/home/tom/ocs2_ws/install/ocs2_msgs:/home/tom/ocs2_ws/install/hpp-fcl:/home/tom/ocs2_ws/install/convex_plane_decomposition_ros:/home/tom/ocs2_ws/install/convex_plane_decomposition:/opt/ros/humble:/home/tom/ocs2_ws/install/grid_map_filters_rsl:/home/tom/ocs2_ws/install/convex_plane_decomposition_msgs:/home/tom/ocs2_ws/install/cgal5_catkin:/home/tom/ocs2_ws/install/blasfeo_catkin /usr/bin/cmake /home/tom/humanoid_ws/src/humanoid-control/humanoid_common -DAMENT_CMAKE_SYMLINK_INSTALL=1 -DCMAKE_INSTALL_PREFIX=/home/tom/humanoid_ws/src/humanoid-control/install/humanoid_common
